Log file open, 03/19/18 10:49:54
LogWindows: Failed to load 'aqProf.dll' (GetLastError=126)
LogWindows: File 'aqProf.dll' does not exist
LogWindows: Failed to load 'VSPerf140.dll' (GetLastError=126)
LogWindows: File 'VSPerf140.dll' does not exist
LogWindows: Failed to load 'VtuneApi.dll' (GetLastError=126)
LogWindows: File 'VtuneApi.dll' does not exist
LogWindows: Failed to load 'VtuneApi32e.dll' (GetLastError=126)
LogWindows: File 'VtuneApi32e.dll' does not exist
LogInit: Display: Running engine for game: TornTower
LogPlatformFile: Not using cached read wrapper
LogInit: Display: RandInit(505432652) SRandInit(505432653).
LogInit: Read version file with build ID '3709383'
LogInit: Overriding engine version to CL 3794801, compatible CL 3709383
LogInit: Registered custom module enumerator with build ID '3709383'
LogTaskGraph: Started task graph with 5 named threads and 14 total threads with 3 sets of task threads.
LogStats: Stats thread started at 0.353433
LogD3D11RHI: Aftermath initialized
LogModuleManager: Display: Found up-to-date module file ../../../Engine/Plugins/Marketplace/SubsystemConfigurator/Binaries/Win64/UE4Editor-SubsystemConfigurator.dll (API version 3709383).
LogModuleManager: Display: Found up-to-date module file ../../../Engine/Plugins/AdvancedSessions/Binaries/Win64/UE4Editor-AdvancedSessions.dll (API version 3709383).
LogModuleManager: Display: Found up-to-date module file ../../../Engine/Plugins/Online/OnlineSubsystem/Binaries/Win64/UE4Editor-OnlineSubsystem.dll (API version 3709383).
LogModuleManager: Display: Found up-to-date module file ../../../Engine/Plugins/Online/OnlineSubsystemUtils/Binaries/Win64/UE4Editor-OnlineSubsystemUtils.dll (API version 3709383).
LogModuleManager: Display: Found up-to-date module file ../../../Engine/Plugins/Online/OnlineSubsystemUtils/Binaries/Win64/UE4Editor-OnlineBlueprintSupport.dll (API version 3709383).
LogModuleManager: Display: Found up-to-date module file ../../../Engine/Plugins/AdvancedSteamSessions/Binaries/Win64/UE4Editor-AdvancedSteamSessions.dll (API version 3709383).
LogModuleManager: Display: Found up-to-date module file ../../../Engine/Plugins/Online/OnlineSubsystemSteam/Binaries/Win64/UE4Editor-OnlineSubsystemSteam.dll (API version 3709383).
LogModuleManager: Display: Found up-to-date module file ../../../Engine/Plugins/Runtime/ApexDestruction/Binaries/Win64/UE4Editor-ApexDestruction.dll (API version 3709383).
LogModuleManager: Display: Found up-to-date module file ../../../Engine/Plugins/Runtime/ApexDestruction/Binaries/Win64/UE4Editor-ApexDestructionEditor.dll (API version 3709383).
LogModuleManager: Display: Found up-to-date module file ../../../Engine/Plugins/2D/Paper2D/Binaries/Win64/UE4Editor-Paper2D.dll (API version 3709383).
LogModuleManager: Display: Found up-to-date module file ../../../Engine/Plugins/2D/Paper2D/Binaries/Win64/UE4Editor-Paper2DEditor.dll (API version 3709383).
LogModuleManager: Display: Found up-to-date module file ../../../Engine/Plugins/2D/Paper2D/Binaries/Win64/UE4Editor-PaperSpriteSheetImporter.dll (API version 3709383).
LogModuleManager: Display: Found up-to-date module file ../../../Engine/Plugins/2D/Paper2D/Binaries/Win64/UE4Editor-PaperTiledImporter.dll (API version 3709383).
LogModuleManager: Display: Found up-to-date module file ../../../Engine/Plugins/2D/Paper2D/Binaries/Win64/UE4Editor-SmartSnapping.dll (API version 3709383).
LogModuleManager: Display: Found up-to-date module file ../../../Engine/Plugins/Blendables/LightPropagationVolume/Binaries/Win64/UE4Editor-LightPropagationVolumeRuntime.dll (API version 3709383).
LogModuleManager: Display: Found up-to-date module file ../../../Engine/Plugins/Blendables/LightPropagationVolume/Binaries/Win64/UE4Editor-LightPropagationVolumeEditor.dll (API version 3709383).
LogModuleManager: Display: Found up-to-date module file ../../../Engine/Plugins/Developer/GitSourceControl/Binaries/Win64/UE4Editor-GitSourceControl.dll (API version 3709383).
LogModuleManager: Display: Found up-to-date module file ../../../Engine/Plugins/Developer/PerforceSourceControl/Binaries/Win64/UE4Editor-PerforceSourceControl.dll (API version 3709383).
LogModuleManager: Display: Found up-to-date module file ../../../Engine/Plugins/Developer/SubversionSourceControl/Binaries/Win64/UE4Editor-SubversionSourceControl.dll (API version 3709383).
LogModuleManager: Display: Found up-to-date module file ../../../Engine/Plugins/Developer/UObjectPlugin/Binaries/Win64/UE4Editor-UObjectPlugin.dll (API version 3709383).
LogModuleManager: Display: Found up-to-date module file ../../../Engine/Plugins/Developer/VisualStudioCodeSourceCodeAccess/Binaries/Win64/UE4Editor-VisualStudioCodeSourceCodeAccess.dll (API version 3709383).
LogModuleManager: Display: Found up-to-date module file ../../../Engine/Plugins/Developer/VisualStudioSourceCodeAccess/Binaries/Win64/UE4Editor-VisualStudioSourceCodeAccess.dll (API version 3709383).
LogModuleManager: Display: Found up-to-date module file ../../../Engine/Plugins/Editor/AssetManagerEditor/Binaries/Win64/UE4Editor-AssetManagerEditor.dll (API version 3709383).
LogModuleManager: Display: Found up-to-date module file ../../../Engine/Plugins/Editor/AudioCapture/Binaries/Win64/UE4Editor-AudioCapture.dll (API version 3709383).
LogModuleManager: Display: Found up-to-date module file ../../../Engine/Plugins/Editor/FacialAnimation/Binaries/Win64/UE4Editor-FacialAnimation.dll (API version 3709383).
LogModuleManager: Display: Found up-to-date module file ../../../Engine/Plugins/Editor/FacialAnimation/Binaries/Win64/UE4Editor-FacialAnimationEditor.dll (API version 3709383).
LogModuleManager: Display: Found up-to-date module file ../../../Engine/Plugins/Editor/GameplayTagsEditor/Binaries/Win64/UE4Editor-GameplayTagsEditor.dll (API version 3709383).
LogModuleManager: Display: Found up-to-date module file ../../../Engine/Plugins/Editor/PluginBrowser/Binaries/Win64/UE4Editor-PluginBrowser.dll (API version 3709383).
LogModuleManager: Display: Found up-to-date module file ../../../Engine/Plugins/Editor/SpeedTreeImporter/Binaries/Win64/UE4Editor-SpeedTreeImporter.dll (API version 3709383).
LogModuleManager: Display: Found up-to-date module file ../../../Engine/Plugins/Experimental/AlembicImporter/Binaries/Win64/UE4Editor-AlembicImporter.dll (API version 3709383).
LogModuleManager: Display: Found up-to-date module file ../../../Engine/Plugins/Experimental/AlembicImporter/Binaries/Win64/UE4Editor-AlembicLibrary.dll (API version 3709383).
LogModuleManager: Display: Found up-to-date module file ../../../Engine/Plugins/Experimental/CharacterAI/Binaries/Win64/UE4Editor-CharacterAI.dll (API version 3709383).
LogModuleManager: Display: Found up-to-date module file ../../../Engine/Plugins/Experimental/HTML5Networking/Binaries/Win64/UE4Editor-HTML5Networking.dll (API version 3709383).
LogModuleManager: Display: Found up-to-date module file ../../../Engine/Plugins/Media/AvfMedia/Binaries/Win64/UE4Editor-AvfMediaEditor.dll (API version 3709383).
LogModuleManager: Display: Found up-to-date module file ../../../Engine/Plugins/Media/AvfMedia/Binaries/Win64/UE4Editor-AvfMediaFactory.dll (API version 3709383).
LogModuleManager: Display: Found up-to-date module file ../../../Engine/Plugins/Media/AvfMedia/Binaries/Win64/UE4Editor-AvfMediaFactory.dll (API version 3709383).
LogModuleManager: Display: Found up-to-date module file ../../../Engine/Plugins/Media/ImgMedia/Binaries/Win64/UE4Editor-ImgMedia.dll (API version 3709383).
LogModuleManager: Display: Found up-to-date module file ../../../Engine/Plugins/Media/ImgMedia/Binaries/Win64/UE4Editor-ImgMediaEditor.dll (API version 3709383).
LogModuleManager: Display: Found up-to-date module file ../../../Engine/Plugins/Media/ImgMedia/Binaries/Win64/UE4Editor-ImgMediaFactory.dll (API version 3709383).
LogModuleManager: Display: Found up-to-date module file ../../../Engine/Plugins/Media/ImgMedia/Binaries/Win64/UE4Editor-ImgMediaFactory.dll (API version 3709383).
LogModuleManager: Display: Found up-to-date module file ../../../Engine/Plugins/Media/ImgMedia/Binaries/Win64/UE4Editor-OpenExrWrapper.dll (API version 3709383).
LogModuleManager: Display: Found up-to-date module file ../../../Engine/Plugins/Media/MediaCompositing/Binaries/Win64/UE4Editor-MediaCompositing.dll (API version 3709383).
LogModuleManager: Display: Found up-to-date module file ../../../Engine/Plugins/Media/MediaCompositing/Binaries/Win64/UE4Editor-MediaCompositingEditor.dll (API version 3709383).
LogModuleManager: Display: Found up-to-date module file ../../../Engine/Plugins/Media/MediaPlayerEditor/Binaries/Win64/UE4Editor-MediaPlayerEditor.dll (API version 3709383).
LogModuleManager: Display: Found up-to-date module file ../../../Engine/Plugins/Media/WmfMedia/Binaries/Win64/UE4Editor-WmfMedia.dll (API version 3709383).
LogModuleManager: Display: Found up-to-date module file ../../../Engine/Plugins/Media/WmfMedia/Binaries/Win64/UE4Editor-WmfMediaEditor.dll (API version 3709383).
LogModuleManager: Display: Found up-to-date module file ../../../Engine/Plugins/Media/WmfMedia/Binaries/Win64/UE4Editor-WmfMediaFactory.dll (API version 3709383).
LogModuleManager: Display: Found up-to-date module file ../../../Engine/Plugins/Media/WmfMedia/Binaries/Win64/UE4Editor-WmfMediaFactory.dll (API version 3709383).
LogModuleManager: Display: Found up-to-date module file ../../../Engine/Plugins/Messaging/TcpMessaging/Binaries/Win64/UE4Editor-TcpMessaging.dll (API version 3709383).
LogModuleManager: Display: Found up-to-date module file ../../../Engine/Plugins/Messaging/UdpMessaging/Binaries/Win64/UE4Editor-UdpMessaging.dll (API version 3709383).
LogModuleManager: Display: Found up-to-date module file ../../../Engine/Plugins/MovieScene/ActorSequence/Binaries/Win64/UE4Editor-ActorSequence.dll (API version 3709383).
LogModuleManager: Display: Found up-to-date module file ../../../Engine/Plugins/MovieScene/LevelSequenceEditor/Binaries/Win64/UE4Editor-LevelSequenceEditor.dll (API version 3709383).
LogModuleManager: Display: Found up-to-date module file ../../../Engine/Plugins/MovieScene/MatineeToLevelSequence/Binaries/Win64/UE4Editor-MatineeToLevelSequence.dll (API version 3709383).
LogModuleManager: Display: Found up-to-date module file ../../../Engine/Plugins/Online/OnlineSubsystemNull/Binaries/Win64/UE4Editor-OnlineSubsystemNull.dll (API version 3709383).
LogModuleManager: Display: Found up-to-date module file ../../../Engine/Plugins/Runtime/AndroidDeviceProfileSelector/Binaries/Win64/UE4Editor-AndroidDeviceProfileSelector.dll (API version 3709383).
LogModuleManager: Display: Found up-to-date module file ../../../Engine/Plugins/Runtime/ArchVisCharacter/Binaries/Win64/UE4Editor-ArchVisCharacter.dll (API version 3709383).
LogModuleManager: Display: Found up-to-date module file ../../../Engine/Plugins/Runtime/CableComponent/Binaries/Win64/UE4Editor-CableComponent.dll (API version 3709383).
LogModuleManager: Display: Found up-to-date module file ../../../Engine/Plugins/Runtime/CustomMeshComponent/Binaries/Win64/UE4Editor-CustomMeshComponent.dll (API version 3709383).
LogModuleManager: Display: Found up-to-date module file ../../../Engine/Plugins/Runtime/ExampleDeviceProfileSelector/Binaries/Win64/UE4Editor-ExampleDeviceProfileSelector.dll (API version 3709383).
LogModuleManager: Display: Found up-to-date module file ../../../Engine/Plugins/Runtime/ImmediatePhysics/Binaries/Win64/UE4Editor-ImmediatePhysics.dll (API version 3709383).
LogModuleManager: Display: Found up-to-date module file ../../../Engine/Plugins/Runtime/ImmediatePhysics/Binaries/Win64/UE4Editor-ImmediatePhysicsEditor.dll (API version 3709383).
LogModuleManager: Display: Found up-to-date module file ../../../Engine/Plugins/Runtime/Oculus/OculusVR/Binaries/Win64/UE4Editor-OculusHMD.dll (API version 3709383).
LogModuleManager: Display: Found up-to-date module file ../../../Engine/Plugins/Runtime/Oculus/OculusVR/Binaries/Win64/UE4Editor-OculusInput.dll (API version 3709383).
LogModuleManager: Display: Found up-to-date module file ../../../Engine/Plugins/Runtime/Oculus/OculusVR/Binaries/Win64/UE4Editor-OculusEditor.dll (API version 3709383).
LogModuleManager: Display: Found up-to-date module file ../../../Engine/Plugins/Runtime/PhysXVehicles/Binaries/Win64/UE4Editor-PhysXVehicles.dll (API version 3709383).
LogModuleManager: Display: Found up-to-date module file ../../../Engine/Plugins/Runtime/PhysXVehicles/Binaries/Win64/UE4Editor-PhysXVehiclesEditor.dll (API version 3709383).
LogModuleManager: Display: Found up-to-date module file ../../../Engine/Plugins/Runtime/ProceduralMeshComponent/Binaries/Win64/UE4Editor-ProceduralMeshComponent.dll (API version 3709383).
LogModuleManager: Display: Found up-to-date module file ../../../Engine/Plugins/Runtime/ProceduralMeshComponent/Binaries/Win64/UE4Editor-ProceduralMeshComponentEditor.dll (API version 3709383).
LogModuleManager: Display: Found up-to-date module file ../../../Engine/Plugins/Runtime/RuntimePhysXCooking/Binaries/Win64/UE4Editor-RuntimePhysXCooking.dll (API version 3709383).
LogModuleManager: Display: Found up-to-date module file ../../../Engine/Plugins/Runtime/Steam/SteamVR/Binaries/Win64/UE4Editor-SteamVR.dll (API version 3709383).
LogModuleManager: Display: Found up-to-date module file ../../../Engine/Plugins/Runtime/Steam/SteamVR/Binaries/Win64/UE4Editor-SteamVRController.dll (API version 3709383).
LogModuleManager: Display: Found up-to-date module file ../../../Engine/Plugins/Runtime/WindowsMoviePlayer/Binaries/Win64/UE4Editor-WindowsMoviePlayer.dll (API version 3709383).
LogPluginManager: Mounting plugin Paper2D
LogPluginManager: Mounting plugin AdvancedSessions
LogPluginManager: Mounting plugin AdvancedSteamSessions
LogPluginManager: Mounting plugin LightPropagationVolume
LogPluginManager: Mounting plugin CodeLiteSourceCodeAccess
LogPluginManager: Mounting plugin GitSourceControl
LogPluginManager: Mounting plugin KDevelopSourceCodeAccess
LogPluginManager: Mounting plugin NullSourceCodeAccess
LogPluginManager: Mounting plugin PerforceSourceControl
LogPluginManager: Mounting plugin SubversionSourceControl
LogPluginManager: Mounting plugin UObjectPlugin
LogPluginManager: Mounting plugin VisualStudioCodeSourceCodeAccess
LogPluginManager: Mounting plugin VisualStudioSourceCodeAccess
LogPluginManager: Mounting plugin XCodeSourceCodeAccess
LogPluginManager: Mounting plugin AssetManagerEditor
LogPluginManager: Mounting plugin AudioCapture
LogPluginManager: Mounting plugin FacialAnimation
LogPluginManager: Mounting plugin GameplayTagsEditor
LogPluginManager: Mounting plugin PluginBrowser
LogPluginManager: Mounting plugin SpeedTreeImporter
LogPluginManager: Mounting plugin AlembicImporter
LogPluginManager: Mounting plugin CharacterAI
LogPluginManager: Mounting plugin HTML5Networking
LogPluginManager: Mounting plugin SubsystemConfigurator
LogPluginManager: Mounting plugin AvfMedia
LogPluginManager: Mounting plugin ImgMedia
LogPluginManager: Mounting plugin MediaCompositing
LogPluginManager: Mounting plugin MediaPlayerEditor
LogPluginManager: Mounting plugin WmfMedia
LogPluginManager: Mounting plugin TcpMessaging
LogPluginManager: Mounting plugin UdpMessaging
LogPluginManager: Mounting plugin ActorSequence
LogPluginManager: Mounting plugin LevelSequenceEditor
LogPluginManager: Mounting plugin MatineeToLevelSequence
LogPluginManager: Mounting plugin OnlineSubsystem
LogPluginManager: Mounting plugin OnlineSubsystemNull
LogPluginManager: Mounting plugin OnlineSubsystemSteam
LogPluginManager: Mounting plugin OnlineSubsystemUtils
LogPluginManager: Mounting plugin AndroidDeviceProfileSelector
LogPluginManager: Mounting plugin ApexDestruction
LogPluginManager: Mounting plugin ArchVisCharacter
LogPluginManager: Mounting plugin CableComponent
LogPluginManager: Mounting plugin CustomMeshComponent
LogPluginManager: Mounting plugin ExampleDeviceProfileSelector
LogPluginManager: Mounting plugin GoogleCloudMessaging
LogPluginManager: Mounting plugin ImmediatePhysics
LogPluginManager: Mounting plugin LinuxDeviceProfileSelector
LogPluginManager: Mounting plugin OculusVR
LogPluginManager: Plugin shader directory ../../../Engine/Plugins/Runtime/Oculus/OculusVR/Shaders found
LogPluginManager: Mapping shader source directory ../../../Engine/Plugins/Runtime/Oculus/OculusVR/Shaders to virtual directory /Plugin/OculusVR
LogPluginManager: Mounting plugin PhysXVehicles
LogPluginManager: Mounting plugin ProceduralMeshComponent
LogPluginManager: Mounting plugin RuntimePhysXCooking
LogPluginManager: Mounting plugin SteamVR
LogPluginManager: Mounting plugin WindowsMoviePlayer
LogInit: Using libcurl 7.47.1
LogInit:  - built for x86_64-pc-win32
LogInit:  - supports SSL with OpenSSL/1.0.2g
LogInit:  - supports HTTP deflate (compression) using libz 1.2.8
LogInit:  - other features:
LogInit:      CURL_VERSION_SSL
LogInit:      CURL_VERSION_LIBZ
LogInit:      CURL_VERSION_IPV6
LogInit:      CURL_VERSION_ASYNCHDNS
LogInit:      CURL_VERSION_LARGEFILE
LogInit:      CURL_VERSION_IDN
LogInit:  CurlRequestOptions (configurable via config and command line):
LogInit:  - bVerifyPeer = false  - Libcurl will NOT verify peer certificate
LogInit:  - bUseHttpProxy = false  - Libcurl will NOT use HTTP proxy
LogInit:  - bDontReuseConnections = false  - Libcurl will reuse connections
LogInit:  - CertBundlePath = nullptr  - Libcurl will use whatever was configured at build time.
LogOnline: Display: STEAM: Loading Steam SDK 1.39
LogOnline: Warning: STEAM: Steam API disabled!
LogOnline: Display: STEAM: OnlineSubsystemSteam::Shutdown()
LogInit: WinSock: version 1.1 (2.2), MaxSocks=32767, MaxUdp=65467
LogInit: Build: ++UE4+Release-4.18-CL-3794801
LogInit: Engine Version: 4.18.2-3794801+++UE4+Release-4.18
LogInit: Compatible Engine Version: 4.18.0-3709383+++UE4+Release-4.18
LogInit: Net CL: 3709383
LogDevObjectVersion: Number of dev versions registered: 16
LogDevObjectVersion:   Dev-Blueprints (B0D832E4-1F89-4F0D-ACCF-7EB736FD4AA2): 10
LogDevObjectVersion:   Dev-Build (E1C64328-A22C-4D53-A36C-8E866417BD8C): 0
LogDevObjectVersion:   Dev-Core (375EC13C-06E4-48FB-B500-84F0262A717E): 2
LogDevObjectVersion:   Dev-Editor (E4B068ED-F494-42E9-A231-DA0B2E46BB41): 20
LogDevObjectVersion:   Dev-Framework (CFFC743F-43B0-4480-9391-14DF171D2073): 30
LogDevObjectVersion:   Dev-Mobile (B02B49B5-BB20-44E9-A304-32B752E40360): 0
LogDevObjectVersion:   Dev-Networking (A4E4105C-59A1-49B5-A7C5-40C4547EDFEE): 0
LogDevObjectVersion:   Dev-Online (39C831C9-5AE6-47DC-9A44-9C173E1C8E7C): 0
LogDevObjectVersion:   Dev-Physics (78F01B33-EBEA-4F98-B9B4-84EACCB95AA2): 0
LogDevObjectVersion:   Dev-Platform (6631380F-2D4D-43E0-8009-CF276956A95A): 0
LogDevObjectVersion:   Dev-Rendering (12F88B9F-8875-4AFC-A67C-D90C383ABD29): 20
LogDevObjectVersion:   Dev-Sequencer (7B5AE74C-D270-4C10-A958-57980B212A5A): 4
LogDevObjectVersion:   Dev-VR (D7296918-1DD6-4BDD-9DE2-64A83CC13884): 0
LogDevObjectVersion:   Dev-LoadTimes (C2A15278-BFE7-4AFE-6C17-90FF531DF755): 1
LogDevObjectVersion:   Private-Geometry (6EACA3D4-40EC-4CC1-B786-8BED09428FC5): 1
LogDevObjectVersion:   Dev-AnimPhys (29E575DD-E0A3-4627-9D10-D276232CDCEA): 12
LogInit: Compiled (64-bit): Dec  8 2017 02:04:53
LogInit: Compiled with Visual C++: 19.00.24215.01
LogInit: Build Configuration: Development
LogInit: Branch Name: ++UE4+Release-4.18
LogInit: Command line:  
LogInit: Base directory: D:/UE_4.18/UE_4.18/Engine/Binaries/Win64/
LogInit: Installed Engine Build: 1
LogInit: Presizing for max 8388607 objects, including 0 objects not considered by GC, pre-allocating 0 bytes for permanent pool.
LogInit: Object subsystem initialized
[2018.03.19-10.50.02:989][  0]LogInit: Selected Device Profile: [Windows]
[2018.03.19-10.50.02:989][  0]LogInit: Applying CVar settings loaded from the selected device profile: [Windows]
[2018.03.19-10.50.03:097][  0]LogInit: Computer: SEKRITGAMESDESK
[2018.03.19-10.50.03:097][  0]LogInit: User: SEKRITGAMES
[2018.03.19-10.50.03:097][  0]LogInit: CPU Page size=4096, Cores=4
[2018.03.19-10.50.03:097][  0]LogInit: High frequency timer resolution =3.117192 MHz
[2018.03.19-10.50.03:111][  0]LogMemory: Memory total: Physical=15.9GB (16GB approx)
[2018.03.19-10.50.03:112][  0]LogMemory: Platform Memory Stats for Windows
[2018.03.19-10.50.03:112][  0]LogMemory: Process Physical Memory: 275.04 MB used, 275.04 MB peak
[2018.03.19-10.50.03:112][  0]LogMemory: Process Virtual Memory: 270.92 MB used, 270.92 MB peak
[2018.03.19-10.50.03:112][  0]LogMemory: Physical Memory: 3145.91 MB used,  13171.07 MB free, 16316.98 MB total
[2018.03.19-10.50.03:112][  0]LogMemory: Virtual Memory: 685.33 MB used,  13171.07 MB free, 134217728.00 MB total
[2018.03.19-10.50.04:209][  0]LogInit: Using OS detected language (en-GB).
[2018.03.19-10.50.04:209][  0]LogInit: Using OS detected locale (en-GB).
[2018.03.19-10.50.04:363][  0]LogTextLocalizationManager: No specific localization for 'en-GB' exists, so the 'en' localization will be used.
[2018.03.19-10.50.04:990][  0]LogInit: Setting process to per monitor DPI aware
[2018.03.19-10.50.08:206][  0]LogD3D11RHI: D3D11 adapters:
[2018.03.19-10.50.08:389][  0]LogD3D11RHI:    0. 'NVIDIA GeForce GTX 1050 Ti' (Feature Level 11_0)
[2018.03.19-10.50.08:389][  0]LogD3D11RHI:       4029/0/8158 MB DedicatedVideo/DedicatedSystem/SharedSystem, Outputs:2, VendorId:0x10de
[2018.03.19-10.50.08:437][  0]LogD3D11RHI:    1. 'Microsoft Basic Render Driver' (Feature Level 11_0)
[2018.03.19-10.50.08:437][  0]LogD3D11RHI:       0/0/8158 MB DedicatedVideo/DedicatedSystem/SharedSystem, Outputs:0, VendorId:0x1414
[2018.03.19-10.50.08:437][  0]LogD3D11RHI: Chosen D3D11 Adapter: 0
[2018.03.19-10.50.08:443][  0]LogD3D11RHI: Creating new Direct3DDevice
[2018.03.19-10.50.08:443][  0]LogD3D11RHI:     GPU DeviceId: 0x1c82 (for the marketing name, search the web for "GPU Device Id")
[2018.03.19-10.50.08:443][  0]LogWindows: EnumDisplayDevices:
[2018.03.19-10.50.08:443][  0]LogWindows:    0. 'NVIDIA GeForce GTX 1050 Ti' (P:0 D:1)
[2018.03.19-10.50.08:453][  0]LogWindows:    1. 'NVIDIA GeForce GTX 1050 Ti' (P:1 D:1)
[2018.03.19-10.50.08:453][  0]LogWindows:    2. 'NVIDIA GeForce GTX 1050 Ti' (P:0 D:0)
[2018.03.19-10.50.08:453][  0]LogWindows:    3. 'NVIDIA GeForce GTX 1050 Ti' (P:0 D:0)
[2018.03.19-10.50.08:453][  0]LogWindows: DebugString: GetVideoDriverDetailsInvalid PrimaryIsNotTheChoosenAdapter GetVideoDriverDetailsInvalid PrimaryIsNotTheChoosenAdapter GetVideoDriverDetailsInvalid PrimaryIsNotTheChoosenAdapter GetVideoDriverDetailsInvalid PrimaryIsNotTheChoosenAdapter FoundDriverCount:0 
[2018.03.19-10.50.08:453][  0]LogD3D11RHI:     Adapter Name: NVIDIA GeForce GTX 1050 Ti
[2018.03.19-10.50.08:453][  0]LogD3D11RHI:   Driver Version: Unknown (internal:Unknown, unified:Unknown)
[2018.03.19-10.50.08:453][  0]LogD3D11RHI:      Driver Date: Unknown
[2018.03.19-10.50.08:453][  0]LogRHI: Texture pool is 2820 MB (70% of 4029 MB)
[2018.03.19-10.50.08:526][  0]LogD3D11RHI: Async texture creation enabled
[2018.03.19-10.50.08:863][  0]LogD3D11RHI: GPU Timing Frequency: 1000.000000 (Debug: 2 6)
[2018.03.19-10.50.09:090][  0]LogShaderCompilers: Guid format shader working directory is 12 characters bigger than the processId version (C:/Users/SEKRIT GAMES/Documents/TornTower/Intermediate/Shaders/WorkingDirectory/5340/).
[2018.03.19-10.50.09:090][  0]LogShaderCompilers: Cleaned the shader compiler working directory 'C:/Users/SEKRIT GAMES/AppData/Local/Temp/UnrealShaderWorkingDir/2A57B57249B1CF973EBD46BF41AA647E/'.
[2018.03.19-10.50.09:112][  0]LogShaderCompilers: Display: Using Local Shader Compiler.
[2018.03.19-10.50.13:345][  0]LogTemp: Display: Loaded TP AllDesktopTargetPlatform
[2018.03.19-10.50.13:390][  0]LogTemp: Display: Loaded TP MacClientTargetPlatform
[2018.03.19-10.50.13:437][  0]LogTemp: Display: Loaded TP MacNoEditorTargetPlatform
[2018.03.19-10.50.13:488][  0]LogTemp: Display: Loaded TP MacServerTargetPlatform
[2018.03.19-10.50.13:563][  0]LogTemp: Display: Loaded TP MacTargetPlatform
[2018.03.19-10.50.13:610][  0]LogTemp: Display: Loaded TP WindowsClientTargetPlatform
[2018.03.19-10.50.13:660][  0]LogTemp: Display: Loaded TP WindowsNoEditorTargetPlatform
[2018.03.19-10.50.13:705][  0]LogTemp: Display: Loaded TP WindowsServerTargetPlatform
[2018.03.19-10.50.13:772][  0]LogTemp: Display: Loaded TP WindowsTargetPlatform
[2018.03.19-10.50.13:824][  0]LogTemp: Display: Loaded TP Android_ASTCTargetPlatform
[2018.03.19-10.50.13:884][  0]LogTemp: Display: Loaded TP Android_ATCTargetPlatform
[2018.03.19-10.50.13:936][  0]LogTemp: Display: Loaded TP Android_DXTTargetPlatform
[2018.03.19-10.50.13:989][  0]LogTemp: Display: Loaded TP Android_ETC1TargetPlatform
[2018.03.19-10.50.14:051][  0]LogTemp: Display: Loaded TP Android_ETC2TargetPlatform
[2018.03.19-10.50.14:171][  0]LogTemp: Display: Loaded TP Android_MultiTargetPlatform
[2018.03.19-10.50.14:171][  0]LogTemp: Display: Loaded TP Android_PVRTCTargetPlatform
[2018.03.19-10.50.14:302][  0]LogTemp: Display: Loaded TP AndroidTargetPlatform
[2018.03.19-10.50.14:368][  0]LogTemp: Display: Loaded TP HTML5TargetPlatform
[2018.03.19-10.50.14:677][  0]LogTemp: Display: Loaded TP IOSTargetPlatform
[2018.03.19-10.50.14:717][  0]LogTemp: Display: Loaded TP TVOSTargetPlatform
[2018.03.19-10.50.14:767][  0]LogTemp: Display: Loaded TP LinuxClientTargetPlatform
[2018.03.19-10.50.14:825][  0]LogTemp: Display: Loaded TP LinuxNoEditorTargetPlatform
[2018.03.19-10.50.14:891][  0]LogTemp: Display: Loaded TP LinuxServerTargetPlatform
[2018.03.19-10.50.14:967][  0]LogTemp: Display: Loaded TP LinuxTargetPlatform
[2018.03.19-10.50.14:967][  0]LogTargetPlatformManager: Display: Building Assets For Windows
[2018.03.19-10.50.16:123][  0]LogDerivedDataCache: Display: Max Cache Size: 512 MB
[2018.03.19-10.50.17:132][  0]LogDerivedDataCache: Loaded boot cache 0.98s 78MB C:/Users/SEKRIT GAMES/AppData/Local/UnrealEngine/4.18/DerivedDataCache/Boot.ddc.
[2018.03.19-10.50.17:132][  0]LogDerivedDataCache: Display: Loaded Boot cache: C:/Users/SEKRIT GAMES/AppData/Local/UnrealEngine/4.18/DerivedDataCache/Boot.ddc
[2018.03.19-10.50.17:132][  0]LogDerivedDataCache: FDerivedDataBackendGraph:  Pak pak cache file C:/Users/SEKRIT GAMES/Documents/TornTower/DerivedDataCache/DDC.ddp not found, will not use a pak cache.
[2018.03.19-10.50.17:132][  0]LogDerivedDataCache: Unable to find inner node Pak for hierarchical cache Hierarchy.
[2018.03.19-10.50.17:132][  0]LogDerivedDataCache: FDerivedDataBackendGraph:  CompressedPak pak cache file C:/Users/SEKRIT GAMES/Documents/TornTower/DerivedDataCache/Compressed.ddp not found, will not use a pak cache.
[2018.03.19-10.50.17:132][  0]LogDerivedDataCache: Unable to find inner node CompressedPak for hierarchical cache Hierarchy.
[2018.03.19-10.50.17:184][  0]LogDerivedDataCache: Display: Pak cache opened for reading ../../../Engine/DerivedDataCache/Compressed.ddp.
[2018.03.19-10.50.17:221][  0]LogDerivedDataCache: Using Local data cache path C:/Users/SEKRIT GAMES/AppData/Local/UnrealEngine/Common/DerivedDataCache: Writable
[2018.03.19-10.50.17:381][  0]LogMaterial: Verifying Global Shaders for PCD3D_SM5
[2018.03.19-10.50.17:441][  0]LogSlate: Using Freetype 2.6.0
[2018.03.19-10.50.17:495][  0]LogSlate: SlateFontCache - WITH_FREETYPE: 1, WITH_HARFBUZZ: 1
[2018.03.19-10.50.17:507][  0]LogSlate: SlateFontCache - WITH_FREETYPE: 1, WITH_HARFBUZZ: 1
[2018.03.19-10.50.23:259][  0]LogInit: Selected Device Profile: [Windows]
[2018.03.19-10.50.27:461][  0]LogSimplygon: Simplygon DLL not present - disabling.
[2018.03.19-10.50.27:547][  0]LogMeshReduction: Using SimplygonSwarm for distributed automatic mesh merging
[2018.03.19-10.50.27:547][  0]LogMeshReduction: Using QuadricMeshReduction for automatic static mesh reduction
[2018.03.19-10.50.27:547][  0]LogMeshReduction: No automatic skeletal mesh reduction module available
[2018.03.19-10.50.27:547][  0]LogMeshReduction: No automatic mesh merging module available
[2018.03.19-10.50.27:547][  0]LogMeshMerging: No automatic mesh merging module available
[2018.03.19-10.50.28:483][  0]LogNetVersion: TornTower , NetCL: 3709383, EngineNetVer: 2, GameNetVer: 0 (Checksum: 2142516384)
[2018.03.19-10.50.32:058][  0]LogAssetRegistry: FAssetRegistry took 0.0388 seconds to start up
[2018.03.19-10.50.40:257][  0]LogAssetRegistry: Error: Failed to open file for write C:/Users/SEKRIT GAMES/Documents/TornTower/Intermediate/CachedAssetRegistry.bin
[2018.03.19-10.50.40:257][  0]LogFileManager: Warning: MoveFile was unable to move 'C:/Users/SEKRIT GAMES/Documents/TornTower/Intermediate/AssetRegistryCache/e8c2d44a.bin.tmp' to 'C:/Users/SEKRIT GAMES/Documents/TornTower/Intermediate/AssetRegistryCache/e8c2d44a.bin', retrying in .5s...
[2018.03.19-10.50.40:758][  0]LogFileManager: Warning: MoveFile was unable to move 'C:/Users/SEKRIT GAMES/Documents/TornTower/Intermediate/AssetRegistryCache/e8c2d44a.bin.tmp' to 'C:/Users/SEKRIT GAMES/Documents/TornTower/Intermediate/AssetRegistryCache/e8c2d44a.bin', retrying in .5s...
[2018.03.19-10.50.41:259][  0]LogFileManager: Warning: MoveFile was unable to move 'C:/Users/SEKRIT GAMES/Documents/TornTower/Intermediate/AssetRegistryCache/e8c2d44a.bin.tmp' to 'C:/Users/SEKRIT GAMES/Documents/TornTower/Intermediate/AssetRegistryCache/e8c2d44a.bin', retrying in .5s...
[2018.03.19-10.50.41:760][  0]LogFileManager: Warning: MoveFile was unable to move 'C:/Users/SEKRIT GAMES/Documents/TornTower/Intermediate/AssetRegistryCache/e8c2d44a.bin.tmp' to 'C:/Users/SEKRIT GAMES/Documents/TornTower/Intermediate/AssetRegistryCache/e8c2d44a.bin', retrying in .5s...
[2018.03.19-10.50.42:261][  0]LogFileManager: Warning: MoveFile was unable to move 'C:/Users/SEKRIT GAMES/Documents/TornTower/Intermediate/AssetRegistryCache/e8c2d44a.bin.tmp' to 'C:/Users/SEKRIT GAMES/Documents/TornTower/Intermediate/AssetRegistryCache/e8c2d44a.bin', retrying in .5s...
[2018.03.19-10.50.42:762][  0]LogFileManager: Warning: MoveFile was unable to move 'C:/Users/SEKRIT GAMES/Documents/TornTower/Intermediate/AssetRegistryCache/e8c2d44a.bin.tmp' to 'C:/Users/SEKRIT GAMES/Documents/TornTower/Intermediate/AssetRegistryCache/e8c2d44a.bin', retrying in .5s...
[2018.03.19-10.50.43:262][  0]LogFileManager: Warning: MoveFile was unable to move 'C:/Users/SEKRIT GAMES/Documents/TornTower/Intermediate/AssetRegistryCache/e8c2d44a.bin.tmp' to 'C:/Users/SEKRIT GAMES/Documents/TornTower/Intermediate/AssetRegistryCache/e8c2d44a.bin', retrying in .5s...
[2018.03.19-10.50.43:763][  0]LogFileManager: Warning: MoveFile was unable to move 'C:/Users/SEKRIT GAMES/Documents/TornTower/Intermediate/AssetRegistryCache/e8c2d44a.bin.tmp' to 'C:/Users/SEKRIT GAMES/Documents/TornTower/Intermediate/AssetRegistryCache/e8c2d44a.bin', retrying in .5s...
[2018.03.19-10.50.44:264][  0]LogFileManager: Warning: MoveFile was unable to move 'C:/Users/SEKRIT GAMES/Documents/TornTower/Intermediate/AssetRegistryCache/e8c2d44a.bin.tmp' to 'C:/Users/SEKRIT GAMES/Documents/TornTower/Intermediate/AssetRegistryCache/e8c2d44a.bin', retrying in .5s...
[2018.03.19-10.50.44:765][  0]LogFileManager: Warning: MoveFile was unable to move 'C:/Users/SEKRIT GAMES/Documents/TornTower/Intermediate/AssetRegistryCache/e8c2d44a.bin.tmp' to 'C:/Users/SEKRIT GAMES/Documents/TornTower/Intermediate/AssetRegistryCache/e8c2d44a.bin', retrying in .5s...
[2018.03.19-10.50.45:266][  0]LogFileManager: Error: Error moving file 'C:/Users/SEKRIT GAMES/Documents/TornTower/Intermediate/AssetRegistryCache/e8c2d44a.bin.tmp' to 'C:/Users/SEKRIT GAMES/Documents/TornTower/Intermediate/AssetRegistryCache/e8c2d44a.bin'.
[2018.03.19-10.50.45:337][  0]LogPackageLocalizationCache: Processed 7 localized package path(s) for 2 prioritized culture(s) in 5.117517 seconds
[2018.03.19-10.50.45:342][  0]LogUObjectArray: 35782 objects as part of root set at end of initial load.
[2018.03.19-10.50.45:342][  0]LogUObjectAllocator: 7554464 out of 0 bytes used by permanent object pool.
[2018.03.19-10.50.45:342][  0]LogUObjectArray: CloseDisregardForGC: 0/0 objects in disregard for GC pool
[2018.03.19-10.51.05:570][  0]LogTcpMessaging: Initializing TcpMessaging bridge
[2018.03.19-10.51.05:624][  0]LogUdpMessaging: Initializing bridge on interface 0.0.0.0:0 to multicast group 230.0.0.1:6666.
[2018.03.19-10.51.07:634][  0]LogMaterial: Uniform references updated for custom material expression Custom.
[2018.03.19-10.51.09:072][  0]SourceControl: Source control is disabled
[2018.03.19-10.51.09:080][  0]SourceControl: Source control is disabled
[2018.03.19-10.51.09:188][  0]SourceControl: Source control is disabled
[2018.03.19-10.51.09:284][  0]SourceControl: Source control is disabled
[2018.03.19-10.51.10:887][  0]LogOcInput: OculusInput pre-init called
[2018.03.19-10.51.11:695][  0]LogEngine: Initializing Engine...
[2018.03.19-10.51.11:762][  0]LogHMD: Failed to initialize OpenVR with code 110
[2018.03.19-10.51.12:623][  0]LogStats: UGameplayTagsManager::ConstructGameplayTagTree: Construct from data asset -  0.000 s
[2018.03.19-10.51.12:623][  0]LogStats: UGameplayTagsManager::ConstructGameplayTagTree: GameplayTagTreeChangedEvent.Broadcast -  0.000 s
[2018.03.19-10.51.13:145][  0]LogAIModule: Creating AISystem for world Untitled
[2018.03.19-10.51.13:318][  0]LogInit: XAudio2 using 'M2262D-8 (NVIDIA High Definition Audio)' : 2 channels at 48 kHz using 16 bits per sample (channel mask 0x3)
[2018.03.19-10.51.13:401][  0]LogInit: FAudioDevice initialized.
[2018.03.19-10.51.13:428][  0]LogDerivedDataCache: Error: Could not save memory cache C:/Users/SEKRIT GAMES/AppData/Local/UnrealEngine/4.18/DerivedDataCache/Boot.ddc.
[2018.03.19-10.51.13:441][  0]LogInit: Texture streaming: Enabled
[2018.03.19-10.51.14:476][  0]LogEngineSessionManager: EngineSessionManager initialized
[2018.03.19-10.51.15:150][  0]LogInit: Transaction tracking system initialized
[2018.03.19-10.51.17:809][  0]BlueprintLog: New page: Editor Load
[2018.03.19-10.51.21:334][  0]LogConfig: Warning: Failed to saved backup for config[LocalizationServiceSettings]
[2018.03.19-10.51.21:336][  0]LocalizationService: Localization service is disabled
[2018.03.19-10.51.23:431][  0]LogConsoleResponse: Display: 
[2018.03.19-10.51.26:496][  0]LogCook: Display: Max memory allowance for cook 16384mb min free memory 0mb
[2018.03.19-10.51.26:496][  0]LogCook: Display: Mobile HDR setting 1
[2018.03.19-10.51.26:522][  0]LogFileCache: Scanning file cache for directory 'C:/Users/SEKRIT GAMES/Documents/TornTower/Content/' took 0.08s
[2018.03.19-10.51.26:523][  0]LogGameplayTags: Display: UGameplayTagsManager::DoneAddingNativeTags. DelegateIsBound: 0
[2018.03.19-10.51.29:842][  0]SourceControl: Source control is disabled
[2018.03.19-10.51.29:960][  0]Cmd: MAP LOAD FILE="C:/Users/SEKRIT GAMES/Documents/TornTower/Content/ThirdPersonBP/Maps/MainMenu.umap" TEMPLATE=0 SHOWPROGRESS=1 FEATURELEVEL=3
[2018.03.19-10.51.29:973][  0]LightingResults: New page: Lighting Build
[2018.03.19-10.51.30:175][  0]MapCheck: New page: Map Check
[2018.03.19-10.51.30:176][  0]LightingResults: New page: Lighting Build
[2018.03.19-10.51.31:516][  0]LogAIModule: Creating AISystem for world MainMenu
[2018.03.19-10.51.31:722][  0]LogEditorServer: Finished looking for orphan Actors (0.000 secs)
[2018.03.19-10.51.31:870][  0]Cmd: MAP CHECKDEP NOCLEARLOG
[2018.03.19-10.51.32:006][  0]MapCheck: Map check complete: 0 Error(s), 0 Warning(s), took 135.719ms to complete.
[2018.03.19-10.51.32:006][  0]LogFileHelpers: Loading map 'MainMenu' took 2.087
[2018.03.19-10.51.34:852][  0]LogCollectionManager: Loaded 0 collections in 0.001353 seconds
[2018.03.19-10.51.35:119][  0]LogFileCache: Scanning file cache for directory 'C:/Users/SEKRIT GAMES/Documents/TornTower/Saved/Collections/' took 0.01s
[2018.03.19-10.51.35:119][  0]LogFileCache: Scanning file cache for directory 'C:/Users/SEKRIT GAMES/Documents/TornTower/Content/Developers/SEKRITGAMES/Collections/' took 0.01s
[2018.03.19-10.51.35:119][  0]LogFileCache: Scanning file cache for directory 'C:/Users/SEKRIT GAMES/Documents/TornTower/Content/Collections/' took 0.01s
[2018.03.19-10.51.35:119][  0]LogCollectionManager: Rebuilt the GUID cache for 0 collections in 0.000000 seconds
[2018.03.19-10.51.35:151][  0]LogContentBrowser: Native class hierarchy populated in 0.0154 seconds. Added 2384 classes and 516 folders.
[2018.03.19-10.51.35:296][  0]LogContentBrowser: Native class hierarchy updated for 'WidgetCarousel' in 0.0008 seconds. Added 0 classes and 0 folders.
[2018.03.19-10.51.36:745][  0]LogContentBrowser: Native class hierarchy updated for 'AddContentDialog' in 0.0002 seconds. Added 0 classes and 0 folders.
[2018.03.19-10.51.36:900][  0]LogContentBrowser: Native class hierarchy updated for 'SceneOutliner' in 0.0004 seconds. Added 1 classes and 2 folders.
[2018.03.19-10.51.37:891][  0]LogSlate: Took 0.008062 seconds to synchronously load lazily loaded font '../../../Engine/Content/Slate/Fonts/Roboto-Regular.ttf' (155K)
[2018.03.19-10.51.37:924][  0]LogSlate: Took 0.000299 seconds to synchronously load lazily loaded font '../../../Engine/Content/Slate/Fonts/Roboto-Bold.ttf' (160K)
[2018.03.19-10.51.37:954][  0]LogSlate: Took 0.007965 seconds to synchronously load lazily loaded font '../../../Engine/Content/Editor/Slate/Fonts/FontAwesome.ttf' (139K)
[2018.03.19-10.51.38:457][  0]LogRenderer: Reallocating scene render targets to support 1296x568 Format 10 NumSamples 1 (Frame:1).
[2018.03.19-10.51.40:588][  0]LogContentBrowser: Native class hierarchy updated for 'HierarchicalLODOutliner' in 0.0003 seconds. Added 1 classes and 2 folders.
[2018.03.19-10.51.40:588][  0]LogLoad: (Engine Initialization) Total time: 125.55 seconds
[2018.03.19-10.51.40:588][  0]LogLoad: (Engine Initialization) Total Blueprint compile time: 0.00 seconds
[2018.03.19-10.51.40:607][  0]LogExternalProfiler: No external profilers were discovered.  External profiling features will not be available.
[2018.03.19-10.51.41:078][  0]LogContentStreaming: Texture pool size now 1000 MB
[2018.03.19-10.51.41:303][  0]LogSlate: Took 0.101243 seconds to synchronously load lazily loaded font '../../../Engine/Content/Slate/Fonts/Roboto-Light.ttf' (159K)
[2018.03.19-10.51.41:466][  1]LogFileCache: Retrieving MD5 hashes for directory 'C:/Users/SEKRIT GAMES/Documents/TornTower/Content/' took 0.46s
[2018.03.19-10.51.41:812][  2]LogAssetRegistry: Asset discovery search completed in 69.7763 seconds
[2018.03.19-10.51.41:817][  2]LogCollectionManager: Rebuilt the object cache for 0 collections in 0.000000 seconds (found 0 objects)
[2018.03.19-10.51.41:817][  2]LogCollectionManager: Fixed up redirectors for 0 collections in 0.000127 seconds (updated 0 objects)
[2018.03.19-10.51.42:311][  3]LogSlate: Took 0.000284 seconds to synchronously load lazily loaded font '../../../Engine/Content/Slate/Fonts/Roboto-Light.ttf' (159K)
[2018.03.19-10.54.03:281][425]LogInit: XAudio2 using 'Headphones (High Definition Audio Device)' : 2 channels at 48 kHz using 16 bits per sample (channel mask 0x3)
[2018.03.19-12.02.02:910][638]LogHttp: Warning: 0000021E9D42A380: request failed, libcurl error: 35 (SSL connect error)
[2018.03.19-12.02.02:911][638]LogHttp: Warning: 0000021E9D42A380: libcurl info message cache 0 (Connection 12 seems to be dead!)
[2018.03.19-12.02.02:911][638]LogHttp: Warning: 0000021E9D42A380: libcurl info message cache 1 (Closing connection 12)
[2018.03.19-12.02.02:911][638]LogHttp: Warning: 0000021E9D42A380: libcurl info message cache 2 (TLSv1.2 (OUT), TLS alert, Client hello (1):)
[2018.03.19-12.02.02:911][638]LogHttp: Warning: 0000021E9D42A380: libcurl info message cache 3 (  Trying 52.45.95.182...)
[2018.03.19-12.02.02:913][638]LogHttp: Warning: 0000021E9D42A380: libcurl info message cache 4 (Connected to datarouter.ol.epicgames.com (52.45.95.182) port 443 (#13))
[2018.03.19-12.02.02:913][638]LogHttp: Warning: 0000021E9D42A380: libcurl info message cache 5 (ALPN, offering http/1.1)
[2018.03.19-12.02.02:913][638]LogHttp: Warning: 0000021E9D42A380: libcurl info message cache 6 (Cipher selection: ALL:!EXPORT:!EXPORT40:!EXPORT56:!aNULL:!LOW:!RC4:@STRENGTH)
[2018.03.19-12.02.02:913][638]LogHttp: Warning: 0000021E9D42A380: libcurl info message cache 7 (SSL re-using session ID)
[2018.03.19-12.02.02:913][638]LogHttp: Warning: 0000021E9D42A380: libcurl info message cache 8 (TLSv1.2 (OUT), TLS handshake, Client hello (1):)
[2018.03.19-12.02.02:913][638]LogHttp: Warning: 0000021E9D42A380: libcurl info message cache 9 (Unknown SSL protocol error in connection to datarouter.ol.epicgames.com:443 )
[2018.03.19-12.02.02:913][638]LogHttp: Warning: 0000021E9D42A380: libcurl info message cache 10 (Closing connection 13)
[2018.03.19-12.20.39:560][983]LogAudio: Warning: Current Audio Device with ID {0.0.0.00000000}.{f2489cc0-eb36-4f72-948e-a7df62896440} was removed. Shutting down audio device.
[2018.03.19-12.20.39:560][983]LogInit: XAudio2 using 'M2262D-8 (NVIDIA High Definition Audio)' : 2 channels at 48 kHz using 16 bits per sample (channel mask 0x3)
[2018.03.19-14.33.44:575][908]LogInit: XAudio2 using 'Headphones (High Definition Audio Device)' : 2 channels at 48 kHz using 16 bits per sample (channel mask 0x3)
[2018.03.19-14.49.43:665][428]LogWindowsTextInputMethodSystem: Display: IME system now deactivated.
[2018.03.19-14.49.44:082][429]Cmd: QUIT_EDITOR
[2018.03.19-14.49.44:121][429]LogExit: Preparing to exit.
[2018.03.19-14.49.44:927][429]LogExit: Editor shut down
[2018.03.19-14.49.44:952][429]LogExit: Transaction tracking system shut down
[2018.03.19-14.49.45:227][429]LogDirectoryWatcher: A directory notification for '../../../Engine/Content/' was aborted.
[2018.03.19-14.49.45:228][429]LogDirectoryWatcher: A directory notification for 'C:/Users/SEKRIT GAMES/Documents/TornTower/Content/' was aborted.
[2018.03.19-14.49.45:228][429]LogDirectoryWatcher: A directory notification for '../../../Engine/Plugins/2D/Paper2D/Content/' was aborted.
[2018.03.19-14.49.45:228][429]LogDirectoryWatcher: A directory notification for '../../../Engine/Plugins/Media/MediaCompositing/Content/' was aborted.
[2018.03.19-14.49.45:228][429]LogDirectoryWatcher: A directory notification for '../../../Engine/Plugins/Runtime/Oculus/OculusVR/Content/' was aborted.
[2018.03.19-14.49.45:228][429]LogDirectoryWatcher: A directory notification for '../../../Engine/Plugins/Runtime/Steam/SteamVR/Content/' was aborted.
[2018.03.19-14.49.45:412][429]LogExit: Object subsystem successfully closed.
[2018.03.19-14.49.45:465][429]LogD3D11RHI: Shutdown
[2018.03.19-14.49.45:466][429]LogD3D11RHI: CleanupD3DDevice
[2018.03.19-14.49.45:471][429]LogD3D11RHI: ~FD3D11DynamicRHI
[2018.03.19-14.49.45:487][429]LogModuleManager: Shutting down and abandoning module HierarchicalLODOutliner (544)
[2018.03.19-14.49.45:487][429]LogModuleManager: Shutting down and abandoning module SceneOutliner (542)
[2018.03.19-14.49.45:488][429]LogModuleManager: Shutting down and abandoning module AddContentDialog (540)
[2018.03.19-14.49.45:498][429]LogDirectoryWatcher: A directory notification for 'D:/UE_4.18/UE_4.18/FeaturePacks/' was aborted.
[2018.03.19-14.49.45:506][429]LogModuleManager: Shutting down and abandoning module WidgetCarousel (539)
[2018.03.19-14.49.45:506][429]LogModuleManager: Shutting down and abandoning module EditorWidgets (536)
[2018.03.19-14.49.45:506][429]LogModuleManager: Shutting down and abandoning module CollectionManager (534)
[2018.03.19-14.49.45:506][429]LogDirectoryWatcher: A directory notification for 'C:/Users/SEKRIT GAMES/Documents/TornTower/Content/Collections/' was aborted.
[2018.03.19-14.49.45:506][429]LogDirectoryWatcher: A directory notification for 'C:/Users/SEKRIT GAMES/Documents/TornTower/Content/Developers/SEKRITGAMES/Collections/' was aborted.
[2018.03.19-14.49.45:506][429]LogDirectoryWatcher: A directory notification for 'C:/Users/SEKRIT GAMES/Documents/TornTower/Saved/Collections/' was aborted.
[2018.03.19-14.49.45:506][429]LogModuleManager: Shutting down and abandoning module StatsViewer (532)
[2018.03.19-14.49.45:506][429]LogModuleManager: Shutting down and abandoning module FoliageEdit (530)
[2018.03.19-14.49.45:506][429]LogModuleManager: Shutting down and abandoning module LandscapeEditor (528)
[2018.03.19-14.49.45:507][429]LogModuleManager: Shutting down and abandoning module MeshPaintMode (526)
[2018.03.19-14.49.45:507][429]LogModuleManager: Shutting down and abandoning module SceneDepthPickerMode (524)
[2018.03.19-14.49.45:507][429]LogModuleManager: Shutting down and abandoning module ActorPickerMode (522)
[2018.03.19-14.49.45:507][429]LogModuleManager: Shutting down and abandoning module GeometryMode (520)
[2018.03.19-14.49.45:507][429]LogModuleManager: Shutting down and abandoning module TextureAlignMode (518)
[2018.03.19-14.49.45:507][429]LogModuleManager: Shutting down and abandoning module BspMode (516)
[2018.03.19-14.49.45:507][429]LogModuleManager: Shutting down and abandoning module PIEPreviewDeviceProfileSelector (514)
[2018.03.19-14.49.45:507][429]LogModuleManager: Shutting down and abandoning module HardwareSurvey (512)
[2018.03.19-14.49.45:507][429]LogModuleManager: Shutting down and abandoning module SequenceRecorderSections (510)
[2018.03.19-14.49.45:507][429]LogModuleManager: Shutting down and abandoning module AutomationWorker (508)
[2018.03.19-14.49.45:507][429]LogModuleManager: Shutting down and abandoning module MatineeToLevelSequence (506)
[2018.03.19-14.49.45:507][429]LogModuleManager: Shutting down and abandoning module LevelSequenceEditor (504)
[2018.03.19-14.49.45:507][429]LogModuleManager: Shutting down and abandoning module PlacementMode (503)
[2018.03.19-14.49.45:507][429]LogModuleManager: Shutting down and abandoning module WmfMediaFactory (500)
[2018.03.19-14.49.45:507][429]LogModuleManager: Shutting down and abandoning module WmfMediaEditor (498)
[2018.03.19-14.49.45:507][429]LogModuleManager: Shutting down and abandoning module OpenExrWrapper (496)
[2018.03.19-14.49.45:507][429]LogModuleManager: Shutting down and abandoning module ImgMediaFactory (494)
[2018.03.19-14.49.45:507][429]LogModuleManager: Shutting down and abandoning module ImgMediaEditor (492)
[2018.03.19-14.49.45:507][429]LogModuleManager: Shutting down and abandoning module AvfMediaFactory (490)
[2018.03.19-14.49.45:507][429]LogModuleManager: Shutting down and abandoning module AvfMediaEditor (488)
[2018.03.19-14.49.45:507][429]LogModuleManager: Shutting down and abandoning module CharacterAI (486)
[2018.03.19-14.49.45:507][429]LogModuleManager: Shutting down and abandoning module AudioCapture (484)
[2018.03.19-14.49.45:507][429]LogModuleManager: Shutting down and abandoning module SequenceRecorder (483)
[2018.03.19-14.49.45:507][429]LogModuleManager: Shutting down and abandoning module SmartSnapping (480)
[2018.03.19-14.49.45:507][429]LogModuleManager: Shutting down and abandoning module SessionServices (478)
[2018.03.19-14.49.45:507][429]LogModuleManager: Shutting down and abandoning module ViewportSnapping (476)
[2018.03.19-14.49.45:507][429]LogModuleManager: Shutting down and abandoning module ViewportInteraction (474)
[2018.03.19-14.49.45:508][429]LogModuleManager: Shutting down and abandoning module ClothPainter (472)
[2018.03.19-14.49.45:508][429]LogModuleManager: Shutting down and abandoning module SkeletalMeshEditor (471)
[2018.03.19-14.49.45:508][429]LogModuleManager: Shutting down and abandoning module LogVisualizer (468)
[2018.03.19-14.49.45:508][429]LogModuleManager: Shutting down and abandoning module IntroTutorials (466)
[2018.03.19-14.49.45:508][429]LogModuleManager: Shutting down and abandoning module GameProjectGeneration (465)
[2018.03.19-14.49.45:508][429]LogModuleManager: Shutting down and abandoning module IOSPlatformEditor (462)
[2018.03.19-14.49.45:508][429]LogModuleManager: Shutting down and abandoning module HTML5PlatformEditor (460)
[2018.03.19-14.49.45:508][429]LogModuleManager: Shutting down and abandoning module AndroidPlatformEditor (458)
[2018.03.19-14.49.45:508][429]LogModuleManager: Shutting down and abandoning module AndroidDeviceDetection (457)
[2018.03.19-14.49.45:979][429]LogModuleManager: Shutting down and abandoning module WindowsPlatformEditor (454)
[2018.03.19-14.49.45:979][429]LogModuleManager: Shutting down and abandoning module IOSRuntimeSettings (452)
[2018.03.19-14.49.45:979][429]LogModuleManager: Shutting down and abandoning module AndroidRuntimeSettings (450)
[2018.03.19-14.49.45:979][429]LogModuleManager: Shutting down and abandoning module InputBindingEditor (448)
[2018.03.19-14.49.45:979][429]LogModuleManager: Shutting down and abandoning module MergeActors (446)
[2018.03.19-14.49.45:979][429]LogModuleManager: Shutting down and abandoning module SizeMap (444)
[2018.03.19-14.49.45:979][429]LogModuleManager: Shutting down and abandoning module TreeMap (442)
[2018.03.19-14.49.45:979][429]LogModuleManager: Shutting down and abandoning module ReferenceViewer (440)
[2018.03.19-14.49.45:979][429]LogModuleManager: Shutting down and abandoning module LocalizationDashboard (438)
[2018.03.19-14.49.45:979][429]LogModuleManager: Shutting down and abandoning module LocalizationService (437)
[2018.03.19-14.49.45:980][429]LogModuleManager: Shutting down and abandoning module HardwareTargeting (434)
[2018.03.19-14.49.45:980][429]LogModuleManager: Shutting down and abandoning module DeviceProfileEditor (432)
[2018.03.19-14.49.45:980][429]LogModuleManager: Shutting down and abandoning module UndoHistory (430)
[2018.03.19-14.49.45:980][429]LogModuleManager: Shutting down and abandoning module XmlParser (428)
[2018.03.19-14.49.45:980][429]LogModuleManager: Shutting down and abandoning module Blutility (426)
[2018.03.19-14.49.45:980][429]LogModuleManager: Shutting down and abandoning module ProjectSettingsViewer (424)
[2018.03.19-14.49.45:980][429]LogModuleManager: Shutting down and abandoning module ProjectTargetPlatformEditor (423)
[2018.03.19-14.49.45:980][429]LogModuleManager: Shutting down and abandoning module EditorSettingsViewer (420)
[2018.03.19-14.49.45:980][429]LogModuleManager: Shutting down and abandoning module SettingsEditor (418)
[2018.03.19-14.49.45:980][429]LogModuleManager: Shutting down and abandoning module ProjectLauncher (416)
[2018.03.19-14.49.45:980][429]LogModuleManager: Shutting down and abandoning module SessionFrontend (414)
[2018.03.19-14.49.45:980][429]LogModuleManager: Shutting down and abandoning module ProfilerClient (412)
[2018.03.19-14.49.45:980][429]LogModuleManager: Shutting down and abandoning module DeviceManager (410)
[2018.03.19-14.49.45:980][429]LogModuleManager: Shutting down and abandoning module TargetDeviceServices (409)
[2018.03.19-14.49.46:051][429]LogModuleManager: Shutting down and abandoning module AutomationController (406)
[2018.03.19-14.49.46:051][429]LogModuleManager: Shutting down and abandoning module AutomationWindow (404)
[2018.03.19-14.49.46:051][429]LogModuleManager: Shutting down and abandoning module Layers (402)
[2018.03.19-14.49.46:051][429]LogModuleManager: Shutting down and abandoning module ComponentVisualizers (400)
[2018.03.19-14.49.46:051][429]LogModuleManager: Shutting down and abandoning module DetailCustomizations (398)
[2018.03.19-14.49.46:051][429]LogModuleManager: Shutting down and abandoning module PackagesDialog (396)
[2018.03.19-14.49.46:051][429]LogModuleManager: Shutting down and abandoning module Persona (394)
[2018.03.19-14.49.46:051][429]LogModuleManager: Shutting down and abandoning module AdvancedPreviewScene (393)
[2018.03.19-14.49.46:051][429]LogModuleManager: Shutting down and abandoning module AnimGraph (391)
[2018.03.19-14.49.46:051][429]LogModuleManager: Shutting down and abandoning module Kismet (388)
[2018.03.19-14.49.46:051][429]LogModuleManager: Shutting down and abandoning module ClassViewer (386)
[2018.03.19-14.49.46:051][429]LogModuleManager: Shutting down and abandoning module Toolbox (384)
[2018.03.19-14.49.46:051][429]LogModuleManager: Shutting down and abandoning module ModuleUI (382)
[2018.03.19-14.49.46:051][429]LogModuleManager: Shutting down and abandoning module MovieSceneTools (380)
[2018.03.19-14.49.46:052][429]LogModuleManager: Shutting down and abandoning module OutputLog (378)
[2018.03.19-14.49.46:052][429]LogModuleManager: Shutting down and abandoning module GammaUI (376)
[2018.03.19-14.49.46:052][429]LogModuleManager: Shutting down and abandoning module Documentation (374)
[2018.03.19-14.49.46:052][429]LogModuleManager: Shutting down and abandoning module MovieSceneTracks (372)
[2018.03.19-14.49.46:052][429]LogModuleManager: Shutting down and abandoning module MovieScene (370)
[2018.03.19-14.49.46:052][429]LogModuleManager: Shutting down and abandoning module StreamingPauseRendering (368)
[2018.03.19-14.49.46:052][429]LogModuleManager: Shutting down and abandoning module LauncherPlatform (366)
[2018.03.19-14.49.46:052][429]LogModuleManager: Shutting down and abandoning module AnalyticsET (364)
[2018.03.19-14.49.46:052][429]LogModuleManager: Shutting down and abandoning module PortalServices (362)
[2018.03.19-14.49.46:052][429]LogModuleManager: Shutting down and abandoning module PortalRpc (360)
[2018.03.19-14.49.46:052][429]LogModuleManager: Shutting down and abandoning module MessagingRpc (358)
[2018.03.19-14.49.46:052][429]LogModuleManager: Shutting down and abandoning module AIModule (356)
[2018.03.19-14.49.46:052][429]LogModuleManager: Shutting down and abandoning module GameplayDebugger (355)
[2018.03.19-14.49.46:052][429]LogModuleManager: Shutting down and abandoning module AITestSuite (353)
[2018.03.19-14.49.46:052][429]LogModuleManager: Shutting down and abandoning module DesktopPlatform (350)
[2018.03.19-14.49.46:052][429]LogModuleManager: Shutting down and abandoning module ProfilerService (348)
[2018.03.19-14.49.46:222][429]LogModuleManager: Shutting down and abandoning module TaskGraph (346)
[2018.03.19-14.49.46:222][429]LogModuleManager: Shutting down and abandoning module SteamVRController (344)
[2018.03.19-14.49.46:222][429]LogModuleManager: Shutting down and abandoning module ProceduralMeshComponentEditor (342)
[2018.03.19-14.49.46:222][429]LogModuleManager: Shutting down and abandoning module ProceduralMeshComponent (340)
[2018.03.19-14.49.46:222][429]LogModuleManager: Shutting down and abandoning module OculusInput (338)
[2018.03.19-14.49.46:222][429]LogModuleManager: Shutting down and abandoning module CustomMeshComponent (336)
[2018.03.19-14.49.46:222][429]LogModuleManager: Shutting down and abandoning module CableComponent (334)
[2018.03.19-14.49.46:222][429]LogModuleManager: Shutting down and abandoning module ArchVisCharacter (332)
[2018.03.19-14.49.46:222][429]LogModuleManager: Shutting down and abandoning module ActorSequence (330)
[2018.03.19-14.49.46:222][429]LogModuleManager: Shutting down and abandoning module MediaPlayerEditor (328)
[2018.03.19-14.49.46:222][429]LogModuleManager: Shutting down and abandoning module MediaCompositingEditor (326)
[2018.03.19-14.49.46:222][429]LogModuleManager: Shutting down and abandoning module MediaCompositing (324)
[2018.03.19-14.49.46:222][429]LogModuleManager: Shutting down and abandoning module SubsystemConfigurator (322)
[2018.03.19-14.49.46:222][429]LogModuleManager: Shutting down and abandoning module HTML5Networking (320)
[2018.03.19-14.49.46:222][429]LogModuleManager: Shutting down and abandoning module AlembicImporter (318)
[2018.03.19-14.49.46:222][429]LogModuleManager: Shutting down and abandoning module AlembicLibrary (317)
[2018.03.19-14.49.46:222][429]LogModuleManager: Shutting down and abandoning module GeometryCache (316)
[2018.03.19-14.49.46:223][429]LogModuleManager: Shutting down and abandoning module GeometryCacheEd (315)
[2018.03.19-14.49.46:223][429]LogModuleManager: Shutting down and abandoning module SpeedTreeImporter (310)
[2018.03.19-14.49.46:223][429]LogModuleManager: Shutting down and abandoning module PluginBrowser (308)
[2018.03.19-14.49.46:223][429]LogModuleManager: Shutting down and abandoning module VisualStudioSourceCodeAccess (306)
[2018.03.19-14.49.46:223][429]LogModuleManager: Shutting down and abandoning module VisualStudioCodeSourceCodeAccess (304)
[2018.03.19-14.49.46:223][429]LogModuleManager: Shutting down and abandoning module UObjectPlugin (302)
[2018.03.19-14.49.46:223][429]LogModuleManager: Shutting down and abandoning module SubversionSourceControl (300)
[2018.03.19-14.49.46:223][429]LogModuleManager: Shutting down and abandoning module PerforceSourceControl (298)
[2018.03.19-14.49.46:223][429]LogModuleManager: Shutting down and abandoning module GitSourceControl (296)
[2018.03.19-14.49.46:223][429]LogModuleManager: Shutting down and abandoning module SourceControl (295)
[2018.03.19-14.49.46:223][429]LogModuleManager: Shutting down and abandoning module LightPropagationVolumeEditor (292)
[2018.03.19-14.49.46:223][429]LogModuleManager: Shutting down and abandoning module PaperTiledImporter (290)
[2018.03.19-14.49.46:223][429]LogModuleManager: Shutting down and abandoning module PaperSpriteSheetImporter (288)
[2018.03.19-14.49.46:223][429]LogModuleManager: Shutting down and abandoning module Paper2DEditor (286)
[2018.03.19-14.49.46:223][429]LogModuleManager: Shutting down and abandoning module MeshPaint (285)
[2018.03.19-14.49.46:223][429]LogModuleManager: Shutting down and abandoning module LevelEditor (283)
[2018.03.19-14.49.46:225][429]LogModuleManager: Shutting down and abandoning module PixelInspectorModule (282)
[2018.03.19-14.49.46:225][429]LogModuleManager: Shutting down and abandoning module MainFrame (280)
[2018.03.19-14.49.46:225][429]LogModuleManager: Shutting down and abandoning module HotReload (279)
[2018.03.19-14.49.46:226][429]LogModuleManager: Shutting down and abandoning module RuntimePhysXCooking (274)
[2018.03.19-14.49.46:226][429]LogModuleManager: Shutting down and abandoning module PhysXVehiclesEditor (272)
[2018.03.19-14.49.46:226][429]LogModuleManager: Shutting down and abandoning module PhysXVehicles (270)
[2018.03.19-14.49.46:226][429]LogModuleManager: Shutting down and abandoning module OculusEditor (268)
[2018.03.19-14.49.46:226][429]LogModuleManager: Shutting down and abandoning module ImmediatePhysicsEditor (266)
[2018.03.19-14.49.46:226][429]LogModuleManager: Shutting down and abandoning module ImmediatePhysics (264)
[2018.03.19-14.49.46:226][429]LogModuleManager: Shutting down and abandoning module ApexDestructionEditor (262)
[2018.03.19-14.49.46:226][429]LogModuleManager: Shutting down and abandoning module ApexDestruction (260)
[2018.03.19-14.49.46:226][429]LogModuleManager: Shutting down and abandoning module UdpMessaging (258)
[2018.03.19-14.49.46:327][429]LogModuleManager: Shutting down and abandoning module TcpMessaging (256)
[2018.03.19-14.49.46:427][429]LogModuleManager: Shutting down and abandoning module GameplayTagsEditor (254)
[2018.03.19-14.49.46:427][429]LogModuleManager: Shutting down and abandoning module FacialAnimationEditor (252)
[2018.03.19-14.49.46:427][429]LogModuleManager: Shutting down and abandoning module FacialAnimation (250)
[2018.03.19-14.49.46:427][429]LogModuleManager: Shutting down and abandoning module AssetManagerEditor (248)
[2018.03.19-14.49.46:427][429]LogModuleManager: Shutting down and abandoning module GraphEditor (247)
[2018.03.19-14.49.46:428][429]LogModuleManager: Shutting down and abandoning module ContentBrowser (245)
[2018.03.19-14.49.46:429][429]LogModuleManager: Shutting down and abandoning module LightPropagationVolumeRuntime (242)
[2018.03.19-14.49.46:429][429]LogModuleManager: Shutting down and abandoning module AdvancedSteamSessions (240)
[2018.03.19-14.49.46:429][429]LogModuleManager: Shutting down and abandoning module AdvancedSessions (238)
[2018.03.19-14.49.46:429][429]LogModuleManager: Shutting down and abandoning module Paper2D (236)
[2018.03.19-14.49.46:429][429]LogModuleManager: Shutting down and abandoning module WindowsMoviePlayer (234)
[2018.03.19-14.49.46:429][429]LogModuleManager: Shutting down and abandoning module WmfMedia (232)
[2018.03.19-14.49.46:432][429]LogModuleManager: Shutting down and abandoning module ImgMedia (230)
[2018.03.19-14.49.46:432][429]LogModuleManager: Shutting down and abandoning module PacketHandler (228)
[2018.03.19-14.49.46:432][429]LogModuleManager: Shutting down and abandoning module ClothingSystemEditor (226)
[2018.03.19-14.49.46:432][429]LogModuleManager: Shutting down and abandoning module ClothingSystemRuntime (224)
[2018.03.19-14.49.46:432][429]LogModuleManager: Shutting down and abandoning module MediaAssets (222)
[2018.03.19-14.49.46:432][429]LogModuleManager: Shutting down and abandoning module Media (221)
[2018.03.19-14.49.46:440][429]LogModuleManager: Shutting down and abandoning module Overlay (218)
[2018.03.19-14.49.46:440][429]LogModuleManager: Shutting down and abandoning module OverlayEditor (217)
[2018.03.19-14.49.46:440][429]LogModuleManager: Shutting down and abandoning module VREditor (214)
[2018.03.19-14.49.46:440][429]LogModuleManager: Shutting down and abandoning module StringTableEditor (212)
[2018.03.19-14.49.46:440][429]LogModuleManager: Shutting down and abandoning module GameplayTasksEditor (210)
[2018.03.19-14.49.46:440][429]LogModuleManager: Shutting down and abandoning module BehaviorTreeEditor (208)
[2018.03.19-14.49.46:440][429]LogModuleManager: Shutting down and abandoning module FunctionalTesting (206)
[2018.03.19-14.49.46:440][429]LogModuleManager: Shutting down and abandoning module CollisionAnalyzer (204)
[2018.03.19-14.49.46:440][429]LogModuleManager: Shutting down and abandoning module WorkspaceMenuStructure (203)
[2018.03.19-14.49.46:440][429]LogModuleManager: Shutting down and abandoning module UMG (200)
[2018.03.19-14.49.46:440][429]LogModuleManager: Shutting down and abandoning module UMGEditor (199)
[2018.03.19-14.49.46:440][429]LogModuleManager: Shutting down and abandoning module Sequencer (198)
[2018.03.19-14.49.46:440][429]LogModuleManager: Shutting down and abandoning module MessageLog (195)
[2018.03.19-14.49.46:441][429]LogModuleManager: Shutting down and abandoning module SlateReflector (190)
[2018.03.19-14.49.46:441][429]LogModuleManager: Shutting down and abandoning module Slate (188)
[2018.03.19-14.49.46:441][429]LogModuleManager: Shutting down and abandoning module EditorStyle (186)
[2018.03.19-14.49.46:443][429]LogModuleManager: Shutting down and abandoning module MRMesh (184)
[2018.03.19-14.49.46:443][429]LogModuleManager: Shutting down and abandoning module SourceCodeAccess (182)
[2018.03.19-14.49.46:443][429]LogModuleManager: Shutting down and abandoning module HeadMountedDisplay (180)
[2018.03.19-14.49.46:444][429]LogModuleManager: Shutting down and abandoning module XAudio2 (178)
[2018.03.19-14.49.46:444][429]LogModuleManager: Shutting down and abandoning module Networking (176)
[2018.03.19-14.49.46:444][429]LogModuleManager: Shutting down and abandoning module Core (174)
[2018.03.19-14.49.46:444][429]LogModuleManager: Shutting down and abandoning module LevelSequence (170)
[2018.03.19-14.49.46:444][429]LogModuleManager: Shutting down and abandoning module DirectoryWatcher (168)
[2018.03.19-14.49.46:449][429]LogModuleManager: Shutting down and abandoning module KismetCompiler (166)
[2018.03.19-14.49.46:449][429]LogModuleManager: Shutting down and abandoning module MeshUtilities (164)
[2018.03.19-14.49.46:450][429]LogModuleManager: Shutting down and abandoning module MeshMergeUtilities (163)
[2018.03.19-14.49.46:450][429]LogModuleManager: Shutting down and abandoning module MeshReductionInterface (162)
[2018.03.19-14.49.46:450][429]LogModuleManager: Shutting down and abandoning module SimplygonSwarm (161)
[2018.03.19-14.49.46:450][429]LogModuleManager: Shutting down and abandoning module SimplygonMeshReduction (159)
[2018.03.19-14.49.46:450][429]LogModuleManager: Shutting down and abandoning module QuadricMeshReduction (157)
[2018.03.19-14.49.46:450][429]LogModuleManager: Shutting down and abandoning module MaterialBaking (153)
[2018.03.19-14.49.46:450][429]LogModuleManager: Shutting down and abandoning module DerivedDataCache (150)
[2018.03.19-14.49.46:486][429]LogDerivedDataCache: Shutdown
[2018.03.19-14.49.46:486][429]LogModuleManager: Shutting down and abandoning module TargetPlatform (148)
[2018.03.19-14.49.46:486][429]LogModuleManager: Shutting down and abandoning module VulkanShaderFormat (147)
[2018.03.19-14.49.46:486][429]LogModuleManager: Shutting down and abandoning module ShaderFormatVectorVM (145)
[2018.03.19-14.49.46:486][429]LogModuleManager: Shutting down and abandoning module ShaderFormatOpenGL (143)
[2018.03.19-14.49.46:486][429]LogModuleManager: Shutting down and abandoning module ShaderFormatD3D (141)
[2018.03.19-14.49.46:486][429]LogModuleManager: Shutting down and abandoning module MetalShaderFormat (139)
[2018.03.19-14.49.46:486][429]LogModuleManager: Shutting down and abandoning module TextureFormatUncompressed (137)
[2018.03.19-14.49.46:486][429]LogModuleManager: Shutting down and abandoning module TextureFormatPVR (135)
[2018.03.19-14.49.46:486][429]LogModuleManager: Shutting down and abandoning module TextureFormatDXT (133)
[2018.03.19-14.49.46:486][429]LogModuleManager: Shutting down and abandoning module TextureFormatIntelISPCTexComp (131)
[2018.03.19-14.49.46:486][429]LogModuleManager: Shutting down and abandoning module TextureFormatASTC (129)
[2018.03.19-14.49.46:487][429]LogModuleManager: Shutting down and abandoning module ImageWrapper (128)
[2018.03.19-14.49.46:487][429]LogModuleManager: Shutting down and abandoning module TextureFormatAndroid (125)
[2018.03.19-14.49.46:487][429]LogModuleManager: Shutting down and abandoning module AudioFormatOpus (123)
[2018.03.19-14.49.46:487][429]LogModuleManager: Shutting down and abandoning module AudioFormatOgg (121)
[2018.03.19-14.49.46:487][429]LogModuleManager: Shutting down and abandoning module AudioFormatADPCM (119)
[2018.03.19-14.49.46:487][429]LogModuleManager: Shutting down and abandoning module LinuxTargetPlatform (117)
[2018.03.19-14.49.46:487][429]LogModuleManager: Shutting down and abandoning module LinuxServerTargetPlatform (115)
[2018.03.19-14.49.46:487][429]LogModuleManager: Shutting down and abandoning module LinuxNoEditorTargetPlatform (113)
[2018.03.19-14.49.46:487][429]LogModuleManager: Shutting down and abandoning module LinuxClientTargetPlatform (111)
[2018.03.19-14.49.46:487][429]LogModuleManager: Shutting down and abandoning module TVOSTargetPlatform (109)
[2018.03.19-14.49.46:487][429]LogModuleManager: Shutting down and abandoning module Messaging (107)
[2018.03.19-14.49.46:487][429]LogModuleManager: Shutting down and abandoning module IOSTargetPlatform (105)
[2018.03.19-14.49.46:487][429]LogModuleManager: Shutting down and abandoning module HTML5TargetPlatform (103)
[2018.03.19-14.49.46:487][429]LogModuleManager: Shutting down and abandoning module AndroidTargetPlatform (101)
[2018.03.19-14.49.46:487][429]LogModuleManager: Shutting down and abandoning module Android_PVRTCTargetPlatform (99)
[2018.03.19-14.49.46:487][429]LogModuleManager: Shutting down and abandoning module Android_MultiTargetPlatform (97)
[2018.03.19-14.49.46:487][429]LogModuleManager: Shutting down and abandoning module Android_ETC2TargetPlatform (95)
[2018.03.19-14.49.46:487][429]LogModuleManager: Shutting down and abandoning module Android_ETC1TargetPlatform (93)
[2018.03.19-14.49.46:487][429]LogModuleManager: Shutting down and abandoning module Android_DXTTargetPlatform (91)
[2018.03.19-14.49.46:487][429]LogModuleManager: Shutting down and abandoning module Android_ATCTargetPlatform (89)
[2018.03.19-14.49.46:487][429]LogModuleManager: Shutting down and abandoning module Android_ASTCTargetPlatform (87)
[2018.03.19-14.49.46:487][429]LogModuleManager: Shutting down and abandoning module WindowsTargetPlatform (85)
[2018.03.19-14.49.46:487][429]LogModuleManager: Shutting down and abandoning module WindowsServerTargetPlatform (83)
[2018.03.19-14.49.46:487][429]LogModuleManager: Shutting down and abandoning module WindowsNoEditorTargetPlatform (81)
[2018.03.19-14.49.46:487][429]LogModuleManager: Shutting down and abandoning module WindowsClientTargetPlatform (79)
[2018.03.19-14.49.46:487][429]LogModuleManager: Shutting down and abandoning module MacTargetPlatform (77)
[2018.03.19-14.49.46:487][429]LogModuleManager: Shutting down and abandoning module MacServerTargetPlatform (75)
[2018.03.19-14.49.46:487][429]LogModuleManager: Shutting down and abandoning module MacNoEditorTargetPlatform (73)
[2018.03.19-14.49.46:487][429]LogModuleManager: Shutting down and abandoning module MacClientTargetPlatform (71)
[2018.03.19-14.49.46:487][429]LogModuleManager: Shutting down and abandoning module AllDesktopTargetPlatform (69)
[2018.03.19-14.49.46:487][429]LogModuleManager: Shutting down and abandoning module InputCore (66)
[2018.03.19-14.49.46:487][429]LogModuleManager: Shutting down and abandoning module Settings (64)
[2018.03.19-14.49.46:487][429]LogModuleManager: Shutting down and abandoning module PhysXCooking (62)
[2018.03.19-14.49.46:488][429]LogModuleManager: Shutting down and abandoning module SteamVR (60)
[2018.03.19-14.49.46:488][429]LogModuleManager: Shutting down and abandoning module OculusHMD (58)
[2018.03.19-14.49.46:488][429]LogModuleManager: Shutting down and abandoning module ExampleDeviceProfileSelector (56)
[2018.03.19-14.49.46:488][429]LogModuleManager: Shutting down and abandoning module OnlineBlueprintSupport (54)
[2018.03.19-14.49.46:488][429]LogModuleManager: Shutting down and abandoning module OnlineSubsystem (50)
[2018.03.19-14.49.46:488][429]LogOnline: Display: OSS: FOnlineSubsystemNull::Shutdown()
[2018.03.19-14.49.46:488][429]LogOnline: Display: OSS: FOnlineAsyncTaskManager::Stop() ActiveTask:0000000000000000 Tasks[0/0]
[2018.03.19-14.49.46:489][429]LogOnline: Display: OSS: FOnlineAsyncTaskManager::Exit() started
[2018.03.19-14.49.46:489][429]LogOnline: Display: OSS: FOnlineAsyncTaskManager::Exit() finished
[2018.03.19-14.49.46:489][429]LogModuleManager: Shutting down and abandoning module XMPP (43)
[2018.03.19-14.49.46:489][429]LogModuleManager: Shutting down and abandoning module HTTP (41)
[2018.03.19-14.49.46:489][429]LogHttp: Display: Http module shutting down, but needs to wait on 1 outstanding Http requests:
[2018.03.19-14.49.46:489][429]LogHttp: Display: 	verb=[POST] url=[https://datarouter.ol.epicgames.com/datarouter/api/v1/public/data?SessionID=%7B19703AFA-47F6-813E-E3B6-59AF1BF6B274%7D&AppID=UEEditor.Rocket.Release&AppVersion=4.18.2-3794801%2B%2B%2BUE4%2BRelease-4.18&UserID=fbbffc5744133cc4d3a071a65f2c9bb5%7Ca817984f0d3c4b24ba4cbec2f17b8039%7Cb592da37-2a70-40fa-bf8d-0b3acf2d4769&AppEnvironment=datacollector-binary&UploadType=eteventstream] status=Processing
[2018.03.19-14.49.46:515][429]LogModuleManager: Shutting down and abandoning module SSL (40)
[2018.03.19-14.49.46:520][429]LogModuleManager: Shutting down and abandoning module AnimationModifiers (36)
[2018.03.19-14.49.46:520][429]LogModuleManager: Shutting down and abandoning module PropertyEditor (35)
[2018.03.19-14.49.46:520][429]LogModuleManager: Shutting down and abandoning module AudioEditor (32)
[2018.03.19-14.49.46:520][429]LogModuleManager: Shutting down and abandoning module TextureCompressor (30)
[2018.03.19-14.49.46:521][429]LogModuleManager: Shutting down and abandoning module ShaderCore (28)
[2018.03.19-14.49.46:521][429]LogModuleManager: Shutting down and abandoning module Landscape (26)
[2018.03.19-14.49.46:521][429]LogModuleManager: Shutting down and abandoning module SlateRHIRenderer (24)
[2018.03.19-14.49.46:524][429]LogModuleManager: Shutting down and abandoning module OpenGLDrv (22)
[2018.03.19-14.49.46:524][429]LogModuleManager: Shutting down and abandoning module D3D11RHI (20)
[2018.03.19-14.49.46:524][429]LogModuleManager: Shutting down and abandoning module AnimGraphRuntime (18)
[2018.03.19-14.49.46:524][429]LogModuleManager: Shutting down and abandoning module Renderer (16)
[2018.03.19-14.49.46:524][429]LogModuleManager: Shutting down and abandoning module Engine (14)
[2018.03.19-14.49.46:524][429]LogModuleManager: Shutting down and abandoning module CoreUObject (12)
[2018.03.19-14.49.46:524][429]LogModuleManager: Shutting down and abandoning module NetworkFile (10)
[2018.03.19-14.49.46:524][429]LogModuleManager: Shutting down and abandoning module CookedIterativeFile (8)
[2018.03.19-14.49.46:524][429]LogModuleManager: Shutting down and abandoning module StreamingFile (6)
[2018.03.19-14.49.46:524][429]LogModuleManager: Shutting down and abandoning module SandboxFile (4)
[2018.03.19-14.49.46:524][429]LogModuleManager: Shutting down and abandoning module PakFile (2)
[2018.03.19-14.49.46:529][429]LogExit: Exiting.
[2018.03.19-14.49.46:570][429]Log file closed, 03/19/18 14:49:46
