Log file open, 02/12/18 12:49:42
LogWindows: Failed to load 'aqProf.dll' (GetLastError=126)
LogWindows: File 'aqProf.dll' does not exist
LogWindows: Failed to load 'VtuneApi.dll' (GetLastError=126)
LogWindows: File 'VtuneApi.dll' does not exist
LogWindows: Failed to load 'VtuneApi32e.dll' (GetLastError=126)
LogWindows: File 'VtuneApi32e.dll' does not exist
LogInit: Display: Running engine for game: TornTower
LogPlatformFile: Not using cached read wrapper
LogInit: Display: RandInit(-553618964) SRandInit(-553618964).
LogInit: Read version file with build ID '3709383'
LogInit: Overriding engine version to CL 3794801, compatible CL 3709383
LogInit: Registered custom module enumerator with build ID '3709383'
LogInit: Warning: Passing commandline switches using / instead of - has been deprecated and will be removed in future versions of Unreal Engine.
LogTaskGraph: Started task graph with 5 named threads and 14 total threads with 3 sets of task threads.
LogStats: Stats thread started at 0.196190
LogD3D11RHI: Aftermath initialized
LogInit: Warning: Passing commandline switches using / instead of - has been deprecated and will be removed in future versions of Unreal Engine.
LogModuleManager: Display: Found up-to-date module file ../../../Engine/Plugins/Marketplace/SubsystemConfigurator/Binaries/Win64/UE4Editor-SubsystemConfigurator.dll (API version 3709383).
LogModuleManager: Display: Found up-to-date module file ../../../Engine/Plugins/AdvancedSessions/Binaries/Win64/UE4Editor-AdvancedSessions.dll (API version 3709383).
LogModuleManager: Display: Found up-to-date module file ../../../Engine/Plugins/Online/OnlineSubsystem/Binaries/Win64/UE4Editor-OnlineSubsystem.dll (API version 3709383).
LogModuleManager: Display: Found up-to-date module file ../../../Engine/Plugins/Online/OnlineSubsystemUtils/Binaries/Win64/UE4Editor-OnlineSubsystemUtils.dll (API version 3709383).
LogModuleManager: Display: Found up-to-date module file ../../../Engine/Plugins/Online/OnlineSubsystemUtils/Binaries/Win64/UE4Editor-OnlineBlueprintSupport.dll (API version 3709383).
LogModuleManager: Display: Found up-to-date module file ../../../Engine/Plugins/AdvancedSteamSessions/Binaries/Win64/UE4Editor-AdvancedSteamSessions.dll (API version 3709383).
LogModuleManager: Display: Found up-to-date module file ../../../Engine/Plugins/Online/OnlineSubsystemSteam/Binaries/Win64/UE4Editor-OnlineSubsystemSteam.dll (API version 3709383).
LogModuleManager: Display: Found up-to-date module file ../../../Engine/Plugins/Runtime/ApexDestruction/Binaries/Win64/UE4Editor-ApexDestruction.dll (API version 3709383).
LogModuleManager: Display: Found up-to-date module file ../../../Engine/Plugins/Runtime/ApexDestruction/Binaries/Win64/UE4Editor-ApexDestructionEditor.dll (API version 3709383).
LogModuleManager: Display: Found up-to-date module file ../../../Engine/Plugins/2D/Paper2D/Binaries/Win64/UE4Editor-Paper2D.dll (API version 3709383).
LogModuleManager: Display: Found up-to-date module file ../../../Engine/Plugins/2D/Paper2D/Binaries/Win64/UE4Editor-Paper2DEditor.dll (API version 3709383).
LogModuleManager: Display: Found up-to-date module file ../../../Engine/Plugins/2D/Paper2D/Binaries/Win64/UE4Editor-PaperSpriteSheetImporter.dll (API version 3709383).
LogModuleManager: Display: Found up-to-date module file ../../../Engine/Plugins/2D/Paper2D/Binaries/Win64/UE4Editor-PaperTiledImporter.dll (API version 3709383).
LogModuleManager: Display: Found up-to-date module file ../../../Engine/Plugins/2D/Paper2D/Binaries/Win64/UE4Editor-SmartSnapping.dll (API version 3709383).
LogModuleManager: Display: Found up-to-date module file ../../../Engine/Plugins/Blendables/LightPropagationVolume/Binaries/Win64/UE4Editor-LightPropagationVolumeRuntime.dll (API version 3709383).
LogModuleManager: Display: Found up-to-date module file ../../../Engine/Plugins/Blendables/LightPropagationVolume/Binaries/Win64/UE4Editor-LightPropagationVolumeEditor.dll (API version 3709383).
LogModuleManager: Display: Found up-to-date module file ../../../Engine/Plugins/Developer/GitSourceControl/Binaries/Win64/UE4Editor-GitSourceControl.dll (API version 3709383).
LogModuleManager: Display: Found up-to-date module file ../../../Engine/Plugins/Developer/PerforceSourceControl/Binaries/Win64/UE4Editor-PerforceSourceControl.dll (API version 3709383).
LogModuleManager: Display: Found up-to-date module file ../../../Engine/Plugins/Developer/SubversionSourceControl/Binaries/Win64/UE4Editor-SubversionSourceControl.dll (API version 3709383).
LogModuleManager: Display: Found up-to-date module file ../../../Engine/Plugins/Developer/UObjectPlugin/Binaries/Win64/UE4Editor-UObjectPlugin.dll (API version 3709383).
LogModuleManager: Display: Found up-to-date module file ../../../Engine/Plugins/Developer/VisualStudioCodeSourceCodeAccess/Binaries/Win64/UE4Editor-VisualStudioCodeSourceCodeAccess.dll (API version 3709383).
LogModuleManager: Display: Found up-to-date module file ../../../Engine/Plugins/Developer/VisualStudioSourceCodeAccess/Binaries/Win64/UE4Editor-VisualStudioSourceCodeAccess.dll (API version 3709383).
LogModuleManager: Display: Found up-to-date module file ../../../Engine/Plugins/Editor/AssetManagerEditor/Binaries/Win64/UE4Editor-AssetManagerEditor.dll (API version 3709383).
LogModuleManager: Display: Found up-to-date module file ../../../Engine/Plugins/Editor/AudioCapture/Binaries/Win64/UE4Editor-AudioCapture.dll (API version 3709383).
LogModuleManager: Display: Found up-to-date module file ../../../Engine/Plugins/Editor/FacialAnimation/Binaries/Win64/UE4Editor-FacialAnimation.dll (API version 3709383).
LogModuleManager: Display: Found up-to-date module file ../../../Engine/Plugins/Editor/FacialAnimation/Binaries/Win64/UE4Editor-FacialAnimationEditor.dll (API version 3709383).
LogModuleManager: Display: Found up-to-date module file ../../../Engine/Plugins/Editor/GameplayTagsEditor/Binaries/Win64/UE4Editor-GameplayTagsEditor.dll (API version 3709383).
LogModuleManager: Display: Found up-to-date module file ../../../Engine/Plugins/Editor/PluginBrowser/Binaries/Win64/UE4Editor-PluginBrowser.dll (API version 3709383).
LogModuleManager: Display: Found up-to-date module file ../../../Engine/Plugins/Editor/SpeedTreeImporter/Binaries/Win64/UE4Editor-SpeedTreeImporter.dll (API version 3709383).
LogModuleManager: Display: Found up-to-date module file ../../../Engine/Plugins/Experimental/AlembicImporter/Binaries/Win64/UE4Editor-AlembicImporter.dll (API version 3709383).
LogModuleManager: Display: Found up-to-date module file ../../../Engine/Plugins/Experimental/AlembicImporter/Binaries/Win64/UE4Editor-AlembicLibrary.dll (API version 3709383).
LogModuleManager: Display: Found up-to-date module file ../../../Engine/Plugins/Experimental/CharacterAI/Binaries/Win64/UE4Editor-CharacterAI.dll (API version 3709383).
LogModuleManager: Display: Found up-to-date module file ../../../Engine/Plugins/Experimental/HTML5Networking/Binaries/Win64/UE4Editor-HTML5Networking.dll (API version 3709383).
LogModuleManager: Display: Found up-to-date module file ../../../Engine/Plugins/Media/AvfMedia/Binaries/Win64/UE4Editor-AvfMediaEditor.dll (API version 3709383).
LogModuleManager: Display: Found up-to-date module file ../../../Engine/Plugins/Media/AvfMedia/Binaries/Win64/UE4Editor-AvfMediaFactory.dll (API version 3709383).
LogModuleManager: Display: Found up-to-date module file ../../../Engine/Plugins/Media/AvfMedia/Binaries/Win64/UE4Editor-AvfMediaFactory.dll (API version 3709383).
LogModuleManager: Display: Found up-to-date module file ../../../Engine/Plugins/Media/ImgMedia/Binaries/Win64/UE4Editor-ImgMedia.dll (API version 3709383).
LogModuleManager: Display: Found up-to-date module file ../../../Engine/Plugins/Media/ImgMedia/Binaries/Win64/UE4Editor-ImgMediaEditor.dll (API version 3709383).
LogModuleManager: Display: Found up-to-date module file ../../../Engine/Plugins/Media/ImgMedia/Binaries/Win64/UE4Editor-ImgMediaFactory.dll (API version 3709383).
LogModuleManager: Display: Found up-to-date module file ../../../Engine/Plugins/Media/ImgMedia/Binaries/Win64/UE4Editor-ImgMediaFactory.dll (API version 3709383).
LogModuleManager: Display: Found up-to-date module file ../../../Engine/Plugins/Media/ImgMedia/Binaries/Win64/UE4Editor-OpenExrWrapper.dll (API version 3709383).
LogModuleManager: Display: Found up-to-date module file ../../../Engine/Plugins/Media/MediaCompositing/Binaries/Win64/UE4Editor-MediaCompositing.dll (API version 3709383).
LogModuleManager: Display: Found up-to-date module file ../../../Engine/Plugins/Media/MediaCompositing/Binaries/Win64/UE4Editor-MediaCompositingEditor.dll (API version 3709383).
LogModuleManager: Display: Found up-to-date module file ../../../Engine/Plugins/Media/MediaPlayerEditor/Binaries/Win64/UE4Editor-MediaPlayerEditor.dll (API version 3709383).
LogModuleManager: Display: Found up-to-date module file ../../../Engine/Plugins/Media/WmfMedia/Binaries/Win64/UE4Editor-WmfMedia.dll (API version 3709383).
LogModuleManager: Display: Found up-to-date module file ../../../Engine/Plugins/Media/WmfMedia/Binaries/Win64/UE4Editor-WmfMediaEditor.dll (API version 3709383).
LogModuleManager: Display: Found up-to-date module file ../../../Engine/Plugins/Media/WmfMedia/Binaries/Win64/UE4Editor-WmfMediaFactory.dll (API version 3709383).
LogModuleManager: Display: Found up-to-date module file ../../../Engine/Plugins/Media/WmfMedia/Binaries/Win64/UE4Editor-WmfMediaFactory.dll (API version 3709383).
LogModuleManager: Display: Found up-to-date module file ../../../Engine/Plugins/Messaging/TcpMessaging/Binaries/Win64/UE4Editor-TcpMessaging.dll (API version 3709383).
LogModuleManager: Display: Found up-to-date module file ../../../Engine/Plugins/Messaging/UdpMessaging/Binaries/Win64/UE4Editor-UdpMessaging.dll (API version 3709383).
LogModuleManager: Display: Found up-to-date module file ../../../Engine/Plugins/MovieScene/ActorSequence/Binaries/Win64/UE4Editor-ActorSequence.dll (API version 3709383).
LogModuleManager: Display: Found up-to-date module file ../../../Engine/Plugins/MovieScene/LevelSequenceEditor/Binaries/Win64/UE4Editor-LevelSequenceEditor.dll (API version 3709383).
LogModuleManager: Display: Found up-to-date module file ../../../Engine/Plugins/MovieScene/MatineeToLevelSequence/Binaries/Win64/UE4Editor-MatineeToLevelSequence.dll (API version 3709383).
LogModuleManager: Display: Found up-to-date module file ../../../Engine/Plugins/Online/OnlineSubsystemNull/Binaries/Win64/UE4Editor-OnlineSubsystemNull.dll (API version 3709383).
LogModuleManager: Display: Found up-to-date module file ../../../Engine/Plugins/Runtime/AndroidDeviceProfileSelector/Binaries/Win64/UE4Editor-AndroidDeviceProfileSelector.dll (API version 3709383).
LogModuleManager: Display: Found up-to-date module file ../../../Engine/Plugins/Runtime/ArchVisCharacter/Binaries/Win64/UE4Editor-ArchVisCharacter.dll (API version 3709383).
LogModuleManager: Display: Found up-to-date module file ../../../Engine/Plugins/Runtime/CableComponent/Binaries/Win64/UE4Editor-CableComponent.dll (API version 3709383).
LogModuleManager: Display: Found up-to-date module file ../../../Engine/Plugins/Runtime/CustomMeshComponent/Binaries/Win64/UE4Editor-CustomMeshComponent.dll (API version 3709383).
LogModuleManager: Display: Found up-to-date module file ../../../Engine/Plugins/Runtime/ExampleDeviceProfileSelector/Binaries/Win64/UE4Editor-ExampleDeviceProfileSelector.dll (API version 3709383).
LogModuleManager: Display: Found up-to-date module file ../../../Engine/Plugins/Runtime/ImmediatePhysics/Binaries/Win64/UE4Editor-ImmediatePhysics.dll (API version 3709383).
LogModuleManager: Display: Found up-to-date module file ../../../Engine/Plugins/Runtime/ImmediatePhysics/Binaries/Win64/UE4Editor-ImmediatePhysicsEditor.dll (API version 3709383).
LogModuleManager: Display: Found up-to-date module file ../../../Engine/Plugins/Runtime/Oculus/OculusVR/Binaries/Win64/UE4Editor-OculusHMD.dll (API version 3709383).
LogModuleManager: Display: Found up-to-date module file ../../../Engine/Plugins/Runtime/Oculus/OculusVR/Binaries/Win64/UE4Editor-OculusInput.dll (API version 3709383).
LogModuleManager: Display: Found up-to-date module file ../../../Engine/Plugins/Runtime/Oculus/OculusVR/Binaries/Win64/UE4Editor-OculusEditor.dll (API version 3709383).
LogModuleManager: Display: Found up-to-date module file ../../../Engine/Plugins/Runtime/PhysXVehicles/Binaries/Win64/UE4Editor-PhysXVehicles.dll (API version 3709383).
LogModuleManager: Display: Found up-to-date module file ../../../Engine/Plugins/Runtime/PhysXVehicles/Binaries/Win64/UE4Editor-PhysXVehiclesEditor.dll (API version 3709383).
LogModuleManager: Display: Found up-to-date module file ../../../Engine/Plugins/Runtime/ProceduralMeshComponent/Binaries/Win64/UE4Editor-ProceduralMeshComponent.dll (API version 3709383).
LogModuleManager: Display: Found up-to-date module file ../../../Engine/Plugins/Runtime/ProceduralMeshComponent/Binaries/Win64/UE4Editor-ProceduralMeshComponentEditor.dll (API version 3709383).
LogModuleManager: Display: Found up-to-date module file ../../../Engine/Plugins/Runtime/RuntimePhysXCooking/Binaries/Win64/UE4Editor-RuntimePhysXCooking.dll (API version 3709383).
LogModuleManager: Display: Found up-to-date module file ../../../Engine/Plugins/Runtime/Steam/SteamVR/Binaries/Win64/UE4Editor-SteamVR.dll (API version 3709383).
LogModuleManager: Display: Found up-to-date module file ../../../Engine/Plugins/Runtime/Steam/SteamVR/Binaries/Win64/UE4Editor-SteamVRController.dll (API version 3709383).
LogModuleManager: Display: Found up-to-date module file ../../../Engine/Plugins/Runtime/WindowsMoviePlayer/Binaries/Win64/UE4Editor-WindowsMoviePlayer.dll (API version 3709383).
LogPluginManager: Mounting plugin Paper2D
LogPluginManager: Mounting plugin AdvancedSessions
LogPluginManager: Mounting plugin AdvancedSteamSessions
LogPluginManager: Mounting plugin LightPropagationVolume
LogPluginManager: Mounting plugin CodeLiteSourceCodeAccess
LogPluginManager: Mounting plugin GitSourceControl
LogPluginManager: Mounting plugin KDevelopSourceCodeAccess
LogPluginManager: Mounting plugin NullSourceCodeAccess
LogPluginManager: Mounting plugin PerforceSourceControl
LogPluginManager: Mounting plugin SubversionSourceControl
LogPluginManager: Mounting plugin UObjectPlugin
LogPluginManager: Mounting plugin VisualStudioCodeSourceCodeAccess
LogPluginManager: Mounting plugin VisualStudioSourceCodeAccess
LogPluginManager: Mounting plugin XCodeSourceCodeAccess
LogPluginManager: Mounting plugin AssetManagerEditor
LogPluginManager: Mounting plugin AudioCapture
LogPluginManager: Mounting plugin FacialAnimation
LogPluginManager: Mounting plugin GameplayTagsEditor
LogPluginManager: Mounting plugin PluginBrowser
LogPluginManager: Mounting plugin SpeedTreeImporter
LogPluginManager: Mounting plugin AlembicImporter
LogPluginManager: Mounting plugin CharacterAI
LogPluginManager: Mounting plugin HTML5Networking
LogPluginManager: Mounting plugin SubsystemConfigurator
LogPluginManager: Mounting plugin AvfMedia
LogPluginManager: Mounting plugin ImgMedia
LogPluginManager: Mounting plugin MediaCompositing
LogPluginManager: Mounting plugin MediaPlayerEditor
LogPluginManager: Mounting plugin WmfMedia
LogPluginManager: Mounting plugin TcpMessaging
LogPluginManager: Mounting plugin UdpMessaging
LogPluginManager: Mounting plugin ActorSequence
LogPluginManager: Mounting plugin LevelSequenceEditor
LogPluginManager: Mounting plugin MatineeToLevelSequence
LogPluginManager: Mounting plugin OnlineSubsystem
LogPluginManager: Mounting plugin OnlineSubsystemNull
LogPluginManager: Mounting plugin OnlineSubsystemSteam
LogPluginManager: Mounting plugin OnlineSubsystemUtils
LogPluginManager: Mounting plugin AndroidDeviceProfileSelector
LogPluginManager: Mounting plugin ApexDestruction
LogPluginManager: Mounting plugin ArchVisCharacter
LogPluginManager: Mounting plugin CableComponent
LogPluginManager: Mounting plugin CustomMeshComponent
LogPluginManager: Mounting plugin ExampleDeviceProfileSelector
LogPluginManager: Mounting plugin GoogleCloudMessaging
LogPluginManager: Mounting plugin ImmediatePhysics
LogPluginManager: Mounting plugin LinuxDeviceProfileSelector
LogPluginManager: Mounting plugin OculusVR
LogPluginManager: Plugin shader directory ../../../Engine/Plugins/Runtime/Oculus/OculusVR/Shaders found
LogPluginManager: Mapping shader source directory ../../../Engine/Plugins/Runtime/Oculus/OculusVR/Shaders to virtual directory /Plugin/OculusVR
LogPluginManager: Mounting plugin PhysXVehicles
LogPluginManager: Mounting plugin ProceduralMeshComponent
LogPluginManager: Mounting plugin RuntimePhysXCooking
LogPluginManager: Mounting plugin SteamVR
LogPluginManager: Mounting plugin WindowsMoviePlayer
LogInit: Using libcurl 7.47.1
LogInit:  - built for x86_64-pc-win32
LogInit:  - supports SSL with OpenSSL/1.0.2g
LogInit:  - supports HTTP deflate (compression) using libz 1.2.8
LogInit:  - other features:
LogInit:      CURL_VERSION_SSL
LogInit:      CURL_VERSION_LIBZ
LogInit:      CURL_VERSION_IPV6
LogInit:      CURL_VERSION_ASYNCHDNS
LogInit:      CURL_VERSION_LARGEFILE
LogInit:      CURL_VERSION_IDN
LogInit:  CurlRequestOptions (configurable via config and command line):
LogInit:  - bVerifyPeer = false  - Libcurl will NOT verify peer certificate
LogInit:  - bUseHttpProxy = false  - Libcurl will NOT use HTTP proxy
LogInit:  - bDontReuseConnections = false  - Libcurl will reuse connections
LogInit:  - CertBundlePath = nullptr  - Libcurl will use whatever was configured at build time.
LogOnline: Display: STEAM: Loading Steam SDK 1.39
LogInit: WinSock: version 1.1 (2.2), MaxSocks=32767, MaxUdp=65467
LogInit: Build: ++UE4+Release-4.18-CL-3794801
LogInit: Engine Version: 4.18.2-3794801+++UE4+Release-4.18
LogInit: Compatible Engine Version: 4.18.0-3709383+++UE4+Release-4.18
LogInit: Net CL: 3709383
LogDevObjectVersion: Number of dev versions registered: 16
LogDevObjectVersion:   Dev-Blueprints (B0D832E4-1F89-4F0D-ACCF-7EB736FD4AA2): 10
LogDevObjectVersion:   Dev-Build (E1C64328-A22C-4D53-A36C-8E866417BD8C): 0
LogDevObjectVersion:   Dev-Core (375EC13C-06E4-48FB-B500-84F0262A717E): 2
LogDevObjectVersion:   Dev-Editor (E4B068ED-F494-42E9-A231-DA0B2E46BB41): 20
LogDevObjectVersion:   Dev-Framework (CFFC743F-43B0-4480-9391-14DF171D2073): 30
LogDevObjectVersion:   Dev-Mobile (B02B49B5-BB20-44E9-A304-32B752E40360): 0
LogDevObjectVersion:   Dev-Networking (A4E4105C-59A1-49B5-A7C5-40C4547EDFEE): 0
LogDevObjectVersion:   Dev-Online (39C831C9-5AE6-47DC-9A44-9C173E1C8E7C): 0
LogDevObjectVersion:   Dev-Physics (78F01B33-EBEA-4F98-B9B4-84EACCB95AA2): 0
LogDevObjectVersion:   Dev-Platform (6631380F-2D4D-43E0-8009-CF276956A95A): 0
LogDevObjectVersion:   Dev-Rendering (12F88B9F-8875-4AFC-A67C-D90C383ABD29): 20
LogDevObjectVersion:   Dev-Sequencer (7B5AE74C-D270-4C10-A958-57980B212A5A): 4
LogDevObjectVersion:   Dev-VR (D7296918-1DD6-4BDD-9DE2-64A83CC13884): 0
LogDevObjectVersion:   Dev-LoadTimes (C2A15278-BFE7-4AFE-6C17-90FF531DF755): 1
LogDevObjectVersion:   Private-Geometry (6EACA3D4-40EC-4CC1-B786-8BED09428FC5): 1
LogDevObjectVersion:   Dev-AnimPhys (29E575DD-E0A3-4627-9D10-D276232CDCEA): 12
LogInit: Compiled (64-bit): Dec  8 2017 02:04:53
LogInit: Compiled with Visual C++: 19.00.24215.01
LogInit: Build Configuration: Development
LogInit: Branch Name: ++UE4+Release-4.18
LogInit: Command line:  /Game/ThirdPersonBP/Maps/MainMenu -game -PIEVIACONSOLE -ResX=1280 -ResY=720  -Multiprocess -messaging -SessionName="Play in Standalone Game" -windowed 
LogInit: Base directory: D:/Programs/Epic Games/UE_4.18/Engine/Binaries/Win64/
LogInit: Installed Engine Build: 1
LogInit: Presizing for max 8388607 objects, including 0 objects not considered by GC, pre-allocating 0 bytes for permanent pool.
LogInit: Object subsystem initialized
[2018.02.12-12.49.44:968][  0]LogInit: Selected Device Profile: [Windows]
[2018.02.12-12.49.44:968][  0]LogInit: Applying CVar settings loaded from the selected device profile: [Windows]
[2018.02.12-12.49.44:972][  0]LogInit: Computer: DESKTOP-9ECBDQK
[2018.02.12-12.49.44:972][  0]LogInit: User: Matt
[2018.02.12-12.49.44:972][  0]LogInit: CPU Page size=4096, Cores=4
[2018.02.12-12.49.44:972][  0]LogInit: High frequency timer resolution =2.531249 MHz
[2018.02.12-12.49.44:973][  0]LogMemory: Memory total: Physical=15.8GB (16GB approx)
[2018.02.12-12.49.44:973][  0]LogMemory: Platform Memory Stats for Windows
[2018.02.12-12.49.44:973][  0]LogMemory: Process Physical Memory: 305.24 MB used, 305.24 MB peak
[2018.02.12-12.49.44:973][  0]LogMemory: Process Virtual Memory: 285.23 MB used, 285.23 MB peak
[2018.02.12-12.49.44:973][  0]LogMemory: Physical Memory: 7233.71 MB used,  8971.01 MB free, 16204.72 MB total
[2018.02.12-12.49.44:973][  0]LogMemory: Virtual Memory: 798.97 MB used,  8971.01 MB free, 134217728.00 MB total
[2018.02.12-12.49.45:120][  0]LogInit: Using OS detected language (en-GB).
[2018.02.12-12.49.45:120][  0]LogInit: Using OS detected locale (en-GB).
[2018.02.12-12.49.45:127][  0]LogTextLocalizationManager: No specific localization for 'en-GB' exists, so the 'en' localization will be used.
[2018.02.12-12.49.45:641][  0]LogD3D11RHI: D3D11 adapters:
[2018.02.12-12.49.45:706][  0]LogD3D11RHI:    0. 'NVIDIA GeForce GTX 970M' (Feature Level 11_0)
[2018.02.12-12.49.45:706][  0]LogD3D11RHI:       6106/0/8102 MB DedicatedVideo/DedicatedSystem/SharedSystem, Outputs:2, VendorId:0x10de
[2018.02.12-12.49.45:724][  0]LogD3D11RHI:    1. 'Intel(R) HD Graphics 530' (Feature Level 11_0)
[2018.02.12-12.49.45:724][  0]LogD3D11RHI:       128/0/8102 MB DedicatedVideo/DedicatedSystem/SharedSystem, Outputs:0, VendorId:0x8086
[2018.02.12-12.49.45:729][  0]LogD3D11RHI:    2. 'Microsoft Basic Render Driver' (Feature Level 11_0)
[2018.02.12-12.49.45:729][  0]LogD3D11RHI:       0/0/8102 MB DedicatedVideo/DedicatedSystem/SharedSystem, Outputs:0, VendorId:0x1414
[2018.02.12-12.49.45:729][  0]LogD3D11RHI: Chosen D3D11 Adapter: 0
[2018.02.12-12.49.45:738][  0]LogD3D11RHI: Creating new Direct3DDevice
[2018.02.12-12.49.45:739][  0]LogD3D11RHI:     GPU DeviceId: 0x13d8 (for the marketing name, search the web for "GPU Device Id")
[2018.02.12-12.49.45:739][  0]LogWindows: EnumDisplayDevices:
[2018.02.12-12.49.45:739][  0]LogWindows:    0. 'Intel(R) HD Graphics 530' (P:1 D:1)
[2018.02.12-12.49.45:739][  0]LogWindows:    1. 'Intel(R) HD Graphics 530' (P:0 D:0)
[2018.02.12-12.49.45:739][  0]LogWindows:    2. 'Intel(R) HD Graphics 530' (P:0 D:0)
[2018.02.12-12.49.45:740][  0]LogWindows:    3. 'NVIDIA GeForce GTX 970M' (P:0 D:1)
[2018.02.12-12.49.45:740][  0]LogWindows:    4. 'NVIDIA GeForce GTX 970M' (P:0 D:0)
[2018.02.12-12.49.45:740][  0]LogWindows:    5. 'NVIDIA GeForce GTX 970M' (P:0 D:0)
[2018.02.12-12.49.45:740][  0]LogWindows:    6. 'NVIDIA GeForce GTX 970M' (P:0 D:0)
[2018.02.12-12.49.45:740][  0]LogWindows: DebugString: GetVideoDriverDetailsInvalid PrimaryIsNotTheChoosenAdapter GetVideoDriverDetailsInvalid PrimaryIsNotTheChoosenAdapter GetVideoDriverDetailsInvalid PrimaryIsNotTheChoosenAdapter GetVideoDriverDetailsInvalid PrimaryIsNotTheChoosenAdapter GetVideoDriverDetailsInvalid PrimaryIsNotTheChoosenAdapter GetVideoDriverDetailsInvalid PrimaryIsNotTheChoosenAdapter GetVideoDriverDetailsInvalid PrimaryIsNotTheChoosenAdapter FoundDriverCount:0 
[2018.02.12-12.49.45:740][  0]LogD3D11RHI:     Adapter Name: NVIDIA GeForce GTX 970M
[2018.02.12-12.49.45:740][  0]LogD3D11RHI:   Driver Version: Unknown (internal:Unknown, unified:Unknown)
[2018.02.12-12.49.45:740][  0]LogD3D11RHI:      Driver Date: Unknown
[2018.02.12-12.49.45:740][  0]LogRHI: Texture pool is 4274 MB (70% of 6106 MB)
[2018.02.12-12.49.45:788][  0]LogD3D11RHI: Async texture creation enabled
[2018.02.12-12.49.45:801][  0]LogD3D11RHI: GPU Timing Frequency: 1000.000000 (Debug: 2 1)
[2018.02.12-12.49.45:848][  0]LogShaderCompilers: Guid format shader working directory is -10 characters bigger than the processId version (../../../../../../GitHubRepositories/TornTower/TornTower/Intermediate/Shaders/WorkingDirectory/1804/).
[2018.02.12-12.49.45:849][  0]LogShaderCompilers: Cleaned the shader compiler working directory 'C:/Users/awesu/AppData/Local/Temp/UnrealShaderWorkingDir/135F0F7C48D41C5538BA83A026395E19/'.
[2018.02.12-12.49.45:849][  0]LogShaderCompilers: Display: Using Local Shader Compiler.
[2018.02.12-12.49.46:957][  0]LogTemp: Display: Loaded TP WindowsClientTargetPlatform
[2018.02.12-12.49.47:018][  0]LogTemp: Display: Loaded TP WindowsNoEditorTargetPlatform
[2018.02.12-12.49.47:080][  0]LogTemp: Display: Loaded TP WindowsServerTargetPlatform
[2018.02.12-12.49.47:144][  0]LogTemp: Display: Loaded TP WindowsTargetPlatform
[2018.02.12-12.49.47:145][  0]LogTargetPlatformManager: Display: Building Assets For Windows
[2018.02.12-12.49.47:663][  0]LogDerivedDataCache: Display: Max Cache Size: 512 MB
[2018.02.12-12.49.47:736][  0]LogDerivedDataCache: Loaded boot cache 0.07s 78MB C:/Users/awesu/AppData/Local/UnrealEngine/4.18/DerivedDataCache/Boot.ddc.
[2018.02.12-12.49.47:736][  0]LogDerivedDataCache: Display: Loaded Boot cache: C:/Users/awesu/AppData/Local/UnrealEngine/4.18/DerivedDataCache/Boot.ddc
[2018.02.12-12.49.47:736][  0]LogDerivedDataCache: FDerivedDataBackendGraph:  Pak pak cache file ../../../../../../GitHubRepositories/TornTower/TornTower/DerivedDataCache/DDC.ddp not found, will not use a pak cache.
[2018.02.12-12.49.47:736][  0]LogDerivedDataCache: Unable to find inner node Pak for hierarchical cache Hierarchy.
[2018.02.12-12.49.47:736][  0]LogDerivedDataCache: FDerivedDataBackendGraph:  CompressedPak pak cache file ../../../../../../GitHubRepositories/TornTower/TornTower/DerivedDataCache/Compressed.ddp not found, will not use a pak cache.
[2018.02.12-12.49.47:736][  0]LogDerivedDataCache: Unable to find inner node CompressedPak for hierarchical cache Hierarchy.
[2018.02.12-12.49.47:754][  0]LogDerivedDataCache: Display: Pak cache opened for reading ../../../Engine/DerivedDataCache/Compressed.ddp.
[2018.02.12-12.49.47:766][  0]LogDerivedDataCache: Using Local data cache path C:/Users/awesu/AppData/Local/UnrealEngine/Common/DerivedDataCache: Writable
[2018.02.12-12.49.47:778][  0]LogMaterial: Verifying Global Shaders for PCD3D_SM5
[2018.02.12-12.49.47:779][  0]LogSlate: Using Freetype 2.6.0
[2018.02.12-12.49.47:780][  0]LogSlate: SlateFontCache - WITH_FREETYPE: 1, WITH_HARFBUZZ: 1
[2018.02.12-12.49.47:780][  0]LogSlate: SlateFontCache - WITH_FREETYPE: 1, WITH_HARFBUZZ: 1
[2018.02.12-12.49.48:481][  0]LogAssetRegistry: FAssetRegistry took 0.0057 seconds to start up
[2018.02.12-12.49.48:501][  0]LogPackageLocalizationCache: Processed 7 localized package path(s) for 2 prioritized culture(s) in 0.019571 seconds
[2018.02.12-12.49.48:675][  0]LogInit: Selected Device Profile: [Windows]
[2018.02.12-12.49.49:176][  0]LogSimplygon: Simplygon DLL not present - disabling.
[2018.02.12-12.49.49:235][  0]LogMeshReduction: Using SimplygonSwarm for distributed automatic mesh merging
[2018.02.12-12.49.49:235][  0]LogMeshReduction: Using QuadricMeshReduction for automatic static mesh reduction
[2018.02.12-12.49.49:235][  0]LogMeshReduction: No automatic skeletal mesh reduction module available
[2018.02.12-12.49.49:235][  0]LogMeshReduction: No automatic mesh merging module available
[2018.02.12-12.49.49:235][  0]LogMeshMerging: No automatic mesh merging module available
[2018.02.12-12.49.49:286][  0]LogNetVersion: TornTower , NetCL: 3709383, EngineNetVer: 2, GameNetVer: 0 (Checksum: 2142516384)
[2018.02.12-12.49.49:575][  0]LogInit: Warning: Passing commandline switches using / instead of - has been deprecated and will be removed in future versions of Unreal Engine.
[2018.02.12-12.49.49:576][  0]LogInit: Warning: Passing commandline switches using / instead of - has been deprecated and will be removed in future versions of Unreal Engine.
[2018.02.12-12.49.49:576][  0]LogInit: Warning: Passing commandline switches using / instead of - has been deprecated and will be removed in future versions of Unreal Engine.
[2018.02.12-12.49.51:551][  0]LogMoviePlayer: Initializing movie player
[2018.02.12-12.49.52:206][  0]LogCollectionManager: Loaded 0 collections in 0.001092 seconds
[2018.02.12-12.49.52:259][  0]LogFileCache: Scanning file cache for directory 'D:/GitHubRepositories/TornTower/TornTower/Saved/Collections/' took 0.01s
[2018.02.12-12.49.52:259][  0]LogFileCache: Scanning file cache for directory 'D:/GitHubRepositories/TornTower/TornTower/Content/Developers/Matt/Collections/' took 0.01s
[2018.02.12-12.49.52:259][  0]LogFileCache: Scanning file cache for directory 'D:/GitHubRepositories/TornTower/TornTower/Content/Collections/' took 0.01s
[2018.02.12-12.49.52:259][  0]LogCollectionManager: Rebuilt the object cache for 0 collections in 0.000001 seconds (found 0 objects)
[2018.02.12-12.49.52:259][  0]LogCollectionManager: Fixed up redirectors for 0 collections in 0.000107 seconds (updated 0 objects)
[2018.02.12-12.49.52:581][  0]LogTcpMessaging: Initializing TcpMessaging bridge
[2018.02.12-12.49.52:649][  0]LogUdpMessaging: Initializing bridge on interface 0.0.0.0:0 to multicast group 230.0.0.1:6666.
[2018.02.12-12.49.53:423][  0]LogInit: Warning: Passing commandline switches using / instead of - has been deprecated and will be removed in future versions of Unreal Engine.
[2018.02.12-12.49.53:423][  0]SourceControl: Source control is disabled
[2018.02.12-12.49.53:423][  0]SourceControl: Source control is disabled
[2018.02.12-12.49.53:496][  0]SourceControl: Source control is disabled
[2018.02.12-12.49.54:239][  0]LogOcInput: OculusInput pre-init called
[2018.02.12-12.49.54:396][  0]LogUObjectArray: 39527 objects as part of root set at end of initial load.
[2018.02.12-12.49.54:396][  0]LogUObjectAllocator: 8663744 out of 0 bytes used by permanent object pool.
[2018.02.12-12.49.54:396][  0]LogUObjectArray: CloseDisregardForGC: 0/0 objects in disregard for GC pool
[2018.02.12-12.49.54:509][  0]LogEngine: Initializing Engine...
[2018.02.12-12.49.54:514][  0]LogHMD: Failed to initialize OpenVR with code 110
[2018.02.12-12.49.54:716][  0]LogStats: UGameplayTagsManager::ConstructGameplayTagTree: Construct from data asset -  0.000 s
[2018.02.12-12.49.54:716][  0]LogStats: UGameplayTagsManager::ConstructGameplayTagTree: GameplayTagTreeChangedEvent.Broadcast -  0.000 s
[2018.02.12-12.49.54:731][  0]LogInit: XAudio2 using 'Speakers (Realtek High Definition Audio)' : 2 channels at 48 kHz using 32 bits per sample (channel mask 0x3)
[2018.02.12-12.49.54:755][  0]LogInit: FAudioDevice initialized.
[2018.02.12-12.49.54:773][  0]LogInit: Texture streaming: Enabled
[2018.02.12-12.49.54:791][  0]LogMaterial: Uniform references updated for custom material expression Custom.
[2018.02.12-12.49.55:215][  0]LogInit: Warning: Passing commandline switches using / instead of - has been deprecated and will be removed in future versions of Unreal Engine.
[2018.02.12-12.49.55:265][  0]LogInit: Display: Game Engine Initialized.
[2018.02.12-12.49.55:265][  0]LogGameplayTags: Display: UGameplayTagsManager::DoneAddingNativeTags. DelegateIsBound: 0
[2018.02.12-12.49.55:476][  0]LogInit: Display: Starting Game.
[2018.02.12-12.49.55:476][  0]LogNet: Browse: /Game/ThirdPersonBP/Maps/MainMenu?Name=Player
[2018.02.12-12.49.55:477][  0]LogLoad: LoadMap: /Game/ThirdPersonBP/Maps/MainMenu?Name=Player
[2018.02.12-12.49.55:641][  0]LogAIModule: Creating AISystem for world MainMenu
[2018.02.12-12.49.55:783][  0]LogLoad: Game class is 'TornTowerGameMode_C'
[2018.02.12-12.49.55:785][  0]LogWorld: Bringing World /Game/ThirdPersonBP/Maps/MainMenu.MainMenu up for play (max tick rate 0) at 2018.02.12-12.49.55
[2018.02.12-12.49.55:785][  0]LogWorld: Bringing up level for play took: 0.000721
[2018.02.12-12.49.55:786][  0]LogGameMode: FindPlayerStart: PATHS NOT DEFINED or NO PLAYERSTART with positive rating
[2018.02.12-12.49.55:787][  0]LogGameMode: Display: Match State Changed from EnteringMap to WaitingToStart
[2018.02.12-12.49.55:787][  0]LogGameState: Match State Changed from EnteringMap to WaitingToStart
[2018.02.12-12.49.55:787][  0]LogGameMode: Display: Match State Changed from WaitingToStart to InProgress
[2018.02.12-12.49.55:802][  0]LogInit: WinSock: I am DESKTOP-9ECBDQK (172.29.62.145:0)
[2018.02.12-12.49.55:802][  0]LogBlueprintUserMessages: [MainMenu_C_0] MainMenu
[2018.02.12-12.49.55:802][  0]LogGameState: Match State Changed from WaitingToStart to InProgress
[2018.02.12-12.49.55:802][  0]LogLoad: Took 0.325815 seconds to LoadMap(/Game/ThirdPersonBP/Maps/MainMenu)
[2018.02.12-12.49.56:035][  0]LogRenderer: Reallocating scene render targets to support 1280x720 Format 10 NumSamples 1 (Frame:1).
[2018.02.12-12.49.56:035][  0]LogLoad: (Engine Initialization) Total time: 14.45 seconds
[2018.02.12-12.49.56:035][  0]LogLoad: (Engine Initialization) Total Blueprint compile time: 0.00 seconds
[2018.02.12-12.49.56:036][  0]LogExternalProfiler: Found external profiler: VSPerf
[2018.02.12-12.49.56:036][  0]LogExternalProfiler: Using external profiler: VSPerf
[2018.02.12-12.49.56:056][  0]LogContentStreaming: Texture pool size now 1000 MB
[2018.02.12-12.50.01:075][308]LogOnline: Warning: STEAM: FOnlineAsyncTaskSteamFindServerBase::Tick - SearchSettings->MaxSearchResults should be greater than 0, but it is currently 0. No search results will be found.
[2018.02.12-12.50.29:204][ 51]LogNetVersion: TornTower 1.0.0.0, NetCL: 3709383, EngineNetVer: 2, GameNetVer: 0 (Checksum: 3580202279)
[2018.02.12-12.50.29:343][ 51]LogPackageName: SearchForPackageOnDisk took   0.103s to resolve ThirdPersonExampleMap.umap.
[2018.02.12-12.50.29:343][ 51]LogGameMode: Display: Match State Changed from InProgress to LeavingMap
[2018.02.12-12.50.29:344][ 51]LogGameState: Match State Changed from InProgress to LeavingMap
[2018.02.12-12.50.29:441][ 51]LogPackageName: SearchForPackageOnDisk took   0.097s to resolve ThirdPersonExampleMap.umap.
[2018.02.12-12.50.29:441][ 51]LogNet: Browse: /Game/ThirdPersonBP/Maps/ThirdPersonExampleMap
[2018.02.12-12.50.29:441][ 51]LogLoad: LoadMap: /Game/ThirdPersonBP/Maps/ThirdPersonExampleMap
[2018.02.12-12.50.29:604][ 51]LogAIModule: Creating AISystem for world ThirdPersonExampleMap
[2018.02.12-12.50.29:742][ 51]LogLoad: Game class is 'TornTowerGameMode_C'
[2018.02.12-12.50.29:746][ 51]LogWorld: Bringing World /Game/ThirdPersonBP/Maps/ThirdPersonExampleMap.ThirdPersonExampleMap up for play (max tick rate 0) at 2018.02.12-12.50.29
[2018.02.12-12.50.29:746][ 51]LogWorld: Bringing up level for play took: 0.002771
[2018.02.12-12.50.29:747][ 51]LogGameMode: Display: Match State Changed from EnteringMap to WaitingToStart
[2018.02.12-12.50.29:747][ 51]LogGameState: Match State Changed from EnteringMap to WaitingToStart
[2018.02.12-12.50.29:748][ 51]LogGameMode: Display: Match State Changed from WaitingToStart to InProgress
[2018.02.12-12.50.29:749][ 51]LogGameState: Match State Changed from WaitingToStart to InProgress
[2018.02.12-12.50.29:750][ 51]LogLoad: Took 0.308414 seconds to LoadMap(/Game/ThirdPersonBP/Maps/ThirdPersonExampleMap)
[2018.02.12-12.50.46:664][ 96]LogWindowsTextInputMethodSystem: Display: IME system now deactivated.
[2018.02.12-12.50.46:675][ 96]LogEngine: All Windows Closed
[2018.02.12-12.50.46:676][ 96]LogWindows: FPlatformMisc::RequestExit(0)
[2018.02.12-12.50.47:545][ 97]LogExit: Preparing to exit.
[2018.02.12-12.50.47:545][ 97]LogMoviePlayer: Shutting down movie player
[2018.02.12-12.50.47:708][ 97]LogExit: Game engine shut down
[2018.02.12-12.50.47:761][ 97]LogExit: Object subsystem successfully closed.
[2018.02.12-12.50.47:787][ 97]LogD3D11RHI: Shutdown
[2018.02.12-12.50.47:787][ 97]LogD3D11RHI: CleanupD3DDevice
[2018.02.12-12.50.47:790][ 97]LogD3D11RHI: ~FD3D11DynamicRHI
[2018.02.12-12.50.47:795][ 97]LogModuleManager: Shutting down and abandoning module SequenceRecorderSections (312)
[2018.02.12-12.50.47:795][ 97]LogModuleManager: Shutting down and abandoning module SequenceRecorder (310)
[2018.02.12-12.50.47:795][ 97]LogModuleManager: Shutting down and abandoning module AutomationController (308)
[2018.02.12-12.50.47:795][ 97]LogModuleManager: Shutting down and abandoning module AutomationWorker (306)
[2018.02.12-12.50.47:795][ 97]LogModuleManager: Shutting down and abandoning module AIModule (304)
[2018.02.12-12.50.47:795][ 97]LogModuleManager: Shutting down and abandoning module GameplayDebugger (303)
[2018.02.12-12.50.47:795][ 97]LogModuleManager: Shutting down and abandoning module AITestSuite (301)
[2018.02.12-12.50.47:795][ 97]LogModuleManager: Shutting down and abandoning module WmfMediaFactory (298)
[2018.02.12-12.50.47:795][ 97]LogModuleManager: Shutting down and abandoning module OpenExrWrapper (296)
[2018.02.12-12.50.47:795][ 97]LogModuleManager: Shutting down and abandoning module ImgMediaFactory (294)
[2018.02.12-12.50.47:796][ 97]LogModuleManager: Shutting down and abandoning module AvfMediaFactory (292)
[2018.02.12-12.50.47:796][ 97]LogModuleManager: Shutting down and abandoning module CharacterAI (290)
[2018.02.12-12.50.47:796][ 97]LogModuleManager: Shutting down and abandoning module SessionServices (288)
[2018.02.12-12.50.47:796][ 97]LogModuleManager: Shutting down and abandoning module MovieSceneCapture (286)
[2018.02.12-12.50.47:796][ 97]LogModuleManager: Shutting down and abandoning module MovieSceneTracks (284)
[2018.02.12-12.50.47:796][ 97]LogModuleManager: Shutting down and abandoning module MovieScene (282)
[2018.02.12-12.50.47:796][ 97]LogModuleManager: Shutting down and abandoning module GeometryCache (280)
[2018.02.12-12.50.47:796][ 97]LogModuleManager: Shutting down and abandoning module GeometryCacheEd (279)
[2018.02.12-12.50.47:796][ 97]LogModuleManager: Shutting down and abandoning module StreamingPauseRendering (276)
[2018.02.12-12.50.47:796][ 97]LogModuleManager: Shutting down and abandoning module PortalServices (274)
[2018.02.12-12.50.47:796][ 97]LogModuleManager: Shutting down and abandoning module PortalRpc (272)
[2018.02.12-12.50.47:796][ 97]LogModuleManager: Shutting down and abandoning module MessagingRpc (270)
[2018.02.12-12.50.47:796][ 97]LogModuleManager: Shutting down and abandoning module ProfilerService (268)
[2018.02.12-12.50.47:804][ 97]LogModuleManager: Shutting down and abandoning module TaskGraph (266)
[2018.02.12-12.50.47:804][ 97]LogModuleManager: Shutting down and abandoning module SteamVRController (264)
[2018.02.12-12.50.47:804][ 97]LogModuleManager: Shutting down and abandoning module ProceduralMeshComponent (262)
[2018.02.12-12.50.47:804][ 97]LogModuleManager: Shutting down and abandoning module OculusInput (260)
[2018.02.12-12.50.47:804][ 97]LogModuleManager: Shutting down and abandoning module CustomMeshComponent (258)
[2018.02.12-12.50.47:804][ 97]LogModuleManager: Shutting down and abandoning module CableComponent (256)
[2018.02.12-12.50.47:804][ 97]LogModuleManager: Shutting down and abandoning module ArchVisCharacter (254)
[2018.02.12-12.50.47:804][ 97]LogModuleManager: Shutting down and abandoning module ActorSequence (250)
[2018.02.12-12.50.47:804][ 97]LogModuleManager: Shutting down and abandoning module MediaCompositing (248)
[2018.02.12-12.50.47:804][ 97]LogModuleManager: Shutting down and abandoning module HTML5Networking (246)
[2018.02.12-12.50.47:804][ 97]LogModuleManager: Shutting down and abandoning module VisualStudioSourceCodeAccess (244)
[2018.02.12-12.50.47:804][ 97]LogModuleManager: Shutting down and abandoning module HotReload (243)
[2018.02.12-12.50.47:804][ 97]LogModuleManager: Shutting down and abandoning module VisualStudioCodeSourceCodeAccess (240)
[2018.02.12-12.50.47:804][ 97]LogModuleManager: Shutting down and abandoning module UObjectPlugin (238)
[2018.02.12-12.50.47:804][ 97]LogModuleManager: Shutting down and abandoning module SubversionSourceControl (236)
[2018.02.12-12.50.47:804][ 97]LogModuleManager: Shutting down and abandoning module PerforceSourceControl (234)
[2018.02.12-12.50.47:804][ 97]LogModuleManager: Shutting down and abandoning module SourceControl (233)
[2018.02.12-12.50.47:804][ 97]LogModuleManager: Shutting down and abandoning module RuntimePhysXCooking (230)
[2018.02.12-12.50.47:804][ 97]LogModuleManager: Shutting down and abandoning module PhysXVehiclesEditor (228)
[2018.02.12-12.50.47:804][ 97]LogModuleManager: Shutting down and abandoning module PhysXVehicles (226)
[2018.02.12-12.50.47:805][ 97]LogModuleManager: Shutting down and abandoning module ImmediatePhysicsEditor (224)
[2018.02.12-12.50.47:805][ 97]LogModuleManager: Shutting down and abandoning module ImmediatePhysics (222)
[2018.02.12-12.50.47:805][ 97]LogModuleManager: Shutting down and abandoning module ApexDestructionEditor (220)
[2018.02.12-12.50.47:805][ 97]LogModuleManager: Shutting down and abandoning module ApexDestruction (218)
[2018.02.12-12.50.47:805][ 97]LogModuleManager: Shutting down and abandoning module UdpMessaging (216)
[2018.02.12-12.50.47:906][ 97]LogModuleManager: Shutting down and abandoning module TcpMessaging (214)
[2018.02.12-12.50.48:604][ 97]LogModuleManager: Shutting down and abandoning module GameplayTagsEditor (212)
[2018.02.12-12.50.48:604][ 97]LogModuleManager: Shutting down and abandoning module FacialAnimation (210)
[2018.02.12-12.50.48:604][ 97]LogModuleManager: Shutting down and abandoning module AssetManagerEditor (208)
[2018.02.12-12.50.48:604][ 97]LogModuleManager: Shutting down and abandoning module GraphEditor (207)
[2018.02.12-12.50.48:604][ 97]LogModuleManager: Shutting down and abandoning module ContentBrowser (205)
[2018.02.12-12.50.48:604][ 97]LogModuleManager: Shutting down and abandoning module CollectionManager (204)
[2018.02.12-12.50.48:604][ 97]LogDirectoryWatcher: A directory notification for 'D:/GitHubRepositories/TornTower/TornTower/Content/Collections/' was aborted.
[2018.02.12-12.50.48:604][ 97]LogDirectoryWatcher: A directory notification for 'D:/GitHubRepositories/TornTower/TornTower/Content/Developers/Matt/Collections/' was aborted.
[2018.02.12-12.50.48:605][ 97]LogDirectoryWatcher: A directory notification for 'D:/GitHubRepositories/TornTower/TornTower/Saved/Collections/' was aborted.
[2018.02.12-12.50.48:605][ 97]LogModuleManager: Shutting down and abandoning module DirectoryWatcher (203)
[2018.02.12-12.50.48:605][ 97]LogModuleManager: Shutting down and abandoning module LightPropagationVolumeRuntime (198)
[2018.02.12-12.50.48:605][ 97]LogModuleManager: Shutting down and abandoning module AdvancedSteamSessions (196)
[2018.02.12-12.50.48:605][ 97]LogModuleManager: Shutting down and abandoning module AdvancedSessions (194)
[2018.02.12-12.50.48:605][ 97]LogModuleManager: Shutting down and abandoning module Paper2D (192)
[2018.02.12-12.50.48:605][ 97]LogModuleManager: Shutting down and abandoning module WindowsMoviePlayer (190)
[2018.02.12-12.50.48:605][ 97]LogModuleManager: Shutting down and abandoning module WmfMedia (188)
[2018.02.12-12.50.48:606][ 97]LogModuleManager: Shutting down and abandoning module ImgMedia (186)
[2018.02.12-12.50.48:606][ 97]LogModuleManager: Shutting down and abandoning module PacketHandler (184)
[2018.02.12-12.50.48:606][ 97]LogModuleManager: Shutting down and abandoning module ClothingSystemEditor (182)
[2018.02.12-12.50.48:606][ 97]LogModuleManager: Shutting down and abandoning module ClothingSystemRuntime (180)
[2018.02.12-12.50.48:606][ 97]LogModuleManager: Shutting down and abandoning module MediaAssets (178)
[2018.02.12-12.50.48:606][ 97]LogModuleManager: Shutting down and abandoning module Media (177)
[2018.02.12-12.50.48:613][ 97]LogModuleManager: Shutting down and abandoning module Overlay (174)
[2018.02.12-12.50.48:613][ 97]LogModuleManager: Shutting down and abandoning module OverlayEditor (173)
[2018.02.12-12.50.48:613][ 97]LogModuleManager: Shutting down and abandoning module VREditor (170)
[2018.02.12-12.50.48:613][ 97]LogModuleManager: Shutting down and abandoning module StringTableEditor (168)
[2018.02.12-12.50.48:613][ 97]LogModuleManager: Shutting down and abandoning module GameplayTasksEditor (166)
[2018.02.12-12.50.48:613][ 97]LogModuleManager: Shutting down and abandoning module BehaviorTreeEditor (164)
[2018.02.12-12.50.48:613][ 97]LogModuleManager: Shutting down and abandoning module FunctionalTesting (162)
[2018.02.12-12.50.48:613][ 97]LogModuleManager: Shutting down and abandoning module CollisionAnalyzer (160)
[2018.02.12-12.50.48:613][ 97]LogModuleManager: Shutting down and abandoning module WorkspaceMenuStructure (159)
[2018.02.12-12.50.48:613][ 97]LogModuleManager: Shutting down and abandoning module UMG (156)
[2018.02.12-12.50.48:613][ 97]LogModuleManager: Shutting down and abandoning module UMGEditor (155)
[2018.02.12-12.50.48:613][ 97]LogModuleManager: Shutting down and abandoning module Sequencer (154)
[2018.02.12-12.50.48:613][ 97]LogModuleManager: Shutting down and abandoning module MessageLog (151)
[2018.02.12-12.50.48:614][ 97]LogModuleManager: Shutting down and abandoning module SlateReflector (146)
[2018.02.12-12.50.48:614][ 97]LogModuleManager: Shutting down and abandoning module Slate (144)
[2018.02.12-12.50.48:614][ 97]LogModuleManager: Shutting down and abandoning module EditorStyle (142)
[2018.02.12-12.50.48:615][ 97]LogModuleManager: Shutting down and abandoning module MRMesh (140)
[2018.02.12-12.50.48:615][ 97]LogModuleManager: Shutting down and abandoning module Messaging (138)
[2018.02.12-12.50.48:615][ 97]LogModuleManager: Shutting down and abandoning module SourceCodeAccess (136)
[2018.02.12-12.50.48:615][ 97]LogModuleManager: Shutting down and abandoning module HeadMountedDisplay (134)
[2018.02.12-12.50.48:615][ 97]LogModuleManager: Shutting down and abandoning module XAudio2 (132)
[2018.02.12-12.50.48:615][ 97]LogModuleManager: Shutting down and abandoning module Networking (130)
[2018.02.12-12.50.48:615][ 97]LogModuleManager: Shutting down and abandoning module Core (128)
[2018.02.12-12.50.48:615][ 97]LogModuleManager: Shutting down and abandoning module LevelSequence (126)
[2018.02.12-12.50.48:615][ 97]LogModuleManager: Shutting down and abandoning module KismetCompiler (124)
[2018.02.12-12.50.48:615][ 97]LogModuleManager: Shutting down and abandoning module MeshUtilities (122)
[2018.02.12-12.50.48:615][ 97]LogModuleManager: Shutting down and abandoning module MeshMergeUtilities (121)
[2018.02.12-12.50.48:615][ 97]LogModuleManager: Shutting down and abandoning module MeshReductionInterface (120)
[2018.02.12-12.50.48:615][ 97]LogModuleManager: Shutting down and abandoning module SimplygonSwarm (119)
[2018.02.12-12.50.48:615][ 97]LogModuleManager: Shutting down and abandoning module SimplygonMeshReduction (117)
[2018.02.12-12.50.48:615][ 97]LogModuleManager: Shutting down and abandoning module QuadricMeshReduction (115)
[2018.02.12-12.50.48:615][ 97]LogModuleManager: Shutting down and abandoning module MaterialBaking (111)
[2018.02.12-12.50.48:615][ 97]LogModuleManager: Shutting down and abandoning module DerivedDataCache (106)
[2018.02.12-12.50.48:818][ 97]LogDerivedDataCache: Shutdown
[2018.02.12-12.50.48:818][ 97]LogModuleManager: Shutting down and abandoning module TargetPlatform (104)
[2018.02.12-12.50.48:818][ 97]LogModuleManager: Shutting down and abandoning module VulkanShaderFormat (103)
[2018.02.12-12.50.48:818][ 97]LogModuleManager: Shutting down and abandoning module ShaderFormatVectorVM (101)
[2018.02.12-12.50.48:818][ 97]LogModuleManager: Shutting down and abandoning module ShaderFormatOpenGL (99)
[2018.02.12-12.50.48:818][ 97]LogModuleManager: Shutting down and abandoning module ShaderFormatD3D (97)
[2018.02.12-12.50.48:818][ 97]LogModuleManager: Shutting down and abandoning module MetalShaderFormat (95)
[2018.02.12-12.50.48:818][ 97]LogModuleManager: Shutting down and abandoning module TextureFormatUncompressed (93)
[2018.02.12-12.50.48:818][ 97]LogModuleManager: Shutting down and abandoning module TextureFormatPVR (91)
[2018.02.12-12.50.48:818][ 97]LogModuleManager: Shutting down and abandoning module TextureFormatDXT (89)
[2018.02.12-12.50.48:818][ 97]LogModuleManager: Shutting down and abandoning module TextureFormatIntelISPCTexComp (87)
[2018.02.12-12.50.48:818][ 97]LogModuleManager: Shutting down and abandoning module TextureFormatASTC (85)
[2018.02.12-12.50.48:818][ 97]LogModuleManager: Shutting down and abandoning module ImageWrapper (84)
[2018.02.12-12.50.48:818][ 97]LogModuleManager: Shutting down and abandoning module TextureFormatAndroid (81)
[2018.02.12-12.50.48:818][ 97]LogModuleManager: Shutting down and abandoning module AudioFormatOpus (79)
[2018.02.12-12.50.48:818][ 97]LogModuleManager: Shutting down and abandoning module AudioFormatOgg (77)
[2018.02.12-12.50.48:818][ 97]LogModuleManager: Shutting down and abandoning module AudioFormatADPCM (75)
[2018.02.12-12.50.48:818][ 97]LogModuleManager: Shutting down and abandoning module WindowsTargetPlatform (73)
[2018.02.12-12.50.48:818][ 97]LogModuleManager: Shutting down and abandoning module WindowsServerTargetPlatform (71)
[2018.02.12-12.50.48:818][ 97]LogModuleManager: Shutting down and abandoning module WindowsNoEditorTargetPlatform (69)
[2018.02.12-12.50.48:818][ 97]LogModuleManager: Shutting down and abandoning module WindowsClientTargetPlatform (67)
[2018.02.12-12.50.48:818][ 97]LogModuleManager: Shutting down and abandoning module InputCore (64)
[2018.02.12-12.50.48:818][ 97]LogModuleManager: Shutting down and abandoning module Settings (62)
[2018.02.12-12.50.48:818][ 97]LogModuleManager: Shutting down and abandoning module PhysXCooking (60)
[2018.02.12-12.50.48:818][ 97]LogModuleManager: Shutting down and abandoning module SteamVR (58)
[2018.02.12-12.50.48:818][ 97]LogModuleManager: Shutting down and abandoning module OculusHMD (56)
[2018.02.12-12.50.48:818][ 97]LogModuleManager: Shutting down and abandoning module ExampleDeviceProfileSelector (54)
[2018.02.12-12.50.48:818][ 97]LogModuleManager: Shutting down and abandoning module OnlineBlueprintSupport (52)
[2018.02.12-12.50.48:818][ 97]LogModuleManager: Shutting down and abandoning module OnlineSubsystem (48)
[2018.02.12-12.50.48:818][ 97]LogOnline: Display: STEAM: OnlineSubsystemSteam::Shutdown()
[2018.02.12-12.50.48:818][ 97]LogOnline: Display: OSS: FOnlineAsyncTaskManager::Stop() ActiveTask:0000000000000000 Tasks[0/0]
[2018.02.12-12.50.48:870][ 97]LogOnline: Display: OSS: FOnlineAsyncTaskManager::Exit() started
[2018.02.12-12.50.48:870][ 97]LogOnline: Display: OSS: FOnlineAsyncTaskManager::Exit() finished
[2018.02.12-12.50.48:870][ 97]LogOnline: Display: STEAM: OnlineSubsystemSteam::Shutdown()
[2018.02.12-12.50.48:870][ 97]LogModuleManager: Shutting down and abandoning module XMPP (43)
[2018.02.12-12.50.48:870][ 97]LogModuleManager: Shutting down and abandoning module HTTP (41)
[2018.02.12-12.50.48:898][ 97]LogModuleManager: Shutting down and abandoning module SSL (40)
[2018.02.12-12.50.48:899][ 97]LogModuleManager: Shutting down and abandoning module AnimationModifiers (36)
[2018.02.12-12.50.48:899][ 97]LogModuleManager: Shutting down and abandoning module PropertyEditor (35)
[2018.02.12-12.50.48:899][ 97]LogModuleManager: Shutting down and abandoning module AudioEditor (32)
[2018.02.12-12.50.48:899][ 97]LogModuleManager: Shutting down and abandoning module TextureCompressor (30)
[2018.02.12-12.50.48:899][ 97]LogModuleManager: Shutting down and abandoning module ShaderCore (28)
[2018.02.12-12.50.48:899][ 97]LogModuleManager: Shutting down and abandoning module Landscape (26)
[2018.02.12-12.50.48:899][ 97]LogModuleManager: Shutting down and abandoning module SlateRHIRenderer (24)
[2018.02.12-12.50.48:899][ 97]LogModuleManager: Shutting down and abandoning module OpenGLDrv (22)
[2018.02.12-12.50.48:899][ 97]LogModuleManager: Shutting down and abandoning module D3D11RHI (20)
[2018.02.12-12.50.48:899][ 97]LogModuleManager: Shutting down and abandoning module AnimGraphRuntime (18)
[2018.02.12-12.50.48:899][ 97]LogModuleManager: Shutting down and abandoning module Renderer (16)
[2018.02.12-12.50.48:899][ 97]LogModuleManager: Shutting down and abandoning module Engine (14)
[2018.02.12-12.50.48:899][ 97]LogModuleManager: Shutting down and abandoning module CoreUObject (12)
[2018.02.12-12.50.48:899][ 97]LogModuleManager: Shutting down and abandoning module NetworkFile (10)
[2018.02.12-12.50.48:900][ 97]LogModuleManager: Shutting down and abandoning module CookedIterativeFile (8)
[2018.02.12-12.50.48:900][ 97]LogModuleManager: Shutting down and abandoning module StreamingFile (6)
[2018.02.12-12.50.48:900][ 97]LogModuleManager: Shutting down and abandoning module SandboxFile (4)
[2018.02.12-12.50.48:900][ 97]LogModuleManager: Shutting down and abandoning module PakFile (2)
[2018.02.12-12.50.48:903][ 97]LogExit: Exiting.
[2018.02.12-12.50.48:904][ 97]Log file closed, 02/12/18 12:50:48
