Log file open, 03/28/18 10:13:44
LogWindows: Failed to load 'aqProf.dll' (GetLastError=126)
LogWindows: File 'aqProf.dll' does not exist
LogWindows: Failed to load 'VSPerf140.dll' (GetLastError=126)
LogWindows: File 'VSPerf140.dll' does not exist
LogWindows: Failed to load 'VtuneApi.dll' (GetLastError=126)
LogWindows: File 'VtuneApi.dll' does not exist
LogWindows: Failed to load 'VtuneApi32e.dll' (GetLastError=126)
LogWindows: File 'VtuneApi32e.dll' does not exist
LogInit: Display: Running engine for game: TornTower
LogPlatformFile: Not using cached read wrapper
LogInit: Display: RandInit(663669183) SRandInit(663669183).
LogInit: Read version file with build ID '3709383'
LogInit: Overriding engine version to CL 3794801, compatible CL 3709383
LogInit: Registered custom module enumerator with build ID '3709383'
LogTaskGraph: Started task graph with 5 named threads and 14 total threads with 3 sets of task threads.
LogStats: Stats thread started at 0.194323
LogD3D11RHI: Aftermath initialized
LogModuleManager: Display: Found up-to-date module file ../../../Engine/Plugins/Marketplace/SubsystemConfigurator/Binaries/Win64/UE4Editor-SubsystemConfigurator.dll (API version 3709383).
LogModuleManager: Display: Found up-to-date module file ../../../Engine/Plugins/AdvancedSessions/Binaries/Win64/UE4Editor-AdvancedSessions.dll (API version 3709383).
LogModuleManager: Display: Found up-to-date module file ../../../Engine/Plugins/Online/OnlineSubsystem/Binaries/Win64/UE4Editor-OnlineSubsystem.dll (API version 3709383).
LogModuleManager: Display: Found up-to-date module file ../../../Engine/Plugins/Online/OnlineSubsystemUtils/Binaries/Win64/UE4Editor-OnlineSubsystemUtils.dll (API version 3709383).
LogModuleManager: Display: Found up-to-date module file ../../../Engine/Plugins/Online/OnlineSubsystemUtils/Binaries/Win64/UE4Editor-OnlineBlueprintSupport.dll (API version 3709383).
LogModuleManager: Display: Found up-to-date module file ../../../Engine/Plugins/AdvancedSteamSessions/Binaries/Win64/UE4Editor-AdvancedSteamSessions.dll (API version 3709383).
LogModuleManager: Display: Found up-to-date module file ../../../Engine/Plugins/Online/OnlineSubsystemSteam/Binaries/Win64/UE4Editor-OnlineSubsystemSteam.dll (API version 3709383).
LogModuleManager: Display: Found up-to-date module file ../../../Engine/Plugins/Runtime/ApexDestruction/Binaries/Win64/UE4Editor-ApexDestruction.dll (API version 3709383).
LogModuleManager: Display: Found up-to-date module file ../../../Engine/Plugins/Runtime/ApexDestruction/Binaries/Win64/UE4Editor-ApexDestructionEditor.dll (API version 3709383).
LogModuleManager: Display: Found up-to-date module file ../../../Engine/Plugins/2D/Paper2D/Binaries/Win64/UE4Editor-Paper2D.dll (API version 3709383).
LogModuleManager: Display: Found up-to-date module file ../../../Engine/Plugins/2D/Paper2D/Binaries/Win64/UE4Editor-Paper2DEditor.dll (API version 3709383).
LogModuleManager: Display: Found up-to-date module file ../../../Engine/Plugins/2D/Paper2D/Binaries/Win64/UE4Editor-PaperSpriteSheetImporter.dll (API version 3709383).
LogModuleManager: Display: Found up-to-date module file ../../../Engine/Plugins/2D/Paper2D/Binaries/Win64/UE4Editor-PaperTiledImporter.dll (API version 3709383).
LogModuleManager: Display: Found up-to-date module file ../../../Engine/Plugins/2D/Paper2D/Binaries/Win64/UE4Editor-SmartSnapping.dll (API version 3709383).
LogModuleManager: Display: Found up-to-date module file ../../../Engine/Plugins/Blendables/LightPropagationVolume/Binaries/Win64/UE4Editor-LightPropagationVolumeRuntime.dll (API version 3709383).
LogModuleManager: Display: Found up-to-date module file ../../../Engine/Plugins/Blendables/LightPropagationVolume/Binaries/Win64/UE4Editor-LightPropagationVolumeEditor.dll (API version 3709383).
LogModuleManager: Display: Found up-to-date module file ../../../Engine/Plugins/Developer/GitSourceControl/Binaries/Win64/UE4Editor-GitSourceControl.dll (API version 3709383).
LogModuleManager: Display: Found up-to-date module file ../../../Engine/Plugins/Developer/PerforceSourceControl/Binaries/Win64/UE4Editor-PerforceSourceControl.dll (API version 3709383).
LogModuleManager: Display: Found up-to-date module file ../../../Engine/Plugins/Developer/SubversionSourceControl/Binaries/Win64/UE4Editor-SubversionSourceControl.dll (API version 3709383).
LogModuleManager: Display: Found up-to-date module file ../../../Engine/Plugins/Developer/UObjectPlugin/Binaries/Win64/UE4Editor-UObjectPlugin.dll (API version 3709383).
LogModuleManager: Display: Found up-to-date module file ../../../Engine/Plugins/Developer/VisualStudioCodeSourceCodeAccess/Binaries/Win64/UE4Editor-VisualStudioCodeSourceCodeAccess.dll (API version 3709383).
LogModuleManager: Display: Found up-to-date module file ../../../Engine/Plugins/Developer/VisualStudioSourceCodeAccess/Binaries/Win64/UE4Editor-VisualStudioSourceCodeAccess.dll (API version 3709383).
LogModuleManager: Display: Found up-to-date module file ../../../Engine/Plugins/Editor/AssetManagerEditor/Binaries/Win64/UE4Editor-AssetManagerEditor.dll (API version 3709383).
LogModuleManager: Display: Found up-to-date module file ../../../Engine/Plugins/Editor/AudioCapture/Binaries/Win64/UE4Editor-AudioCapture.dll (API version 3709383).
LogModuleManager: Display: Found up-to-date module file ../../../Engine/Plugins/Editor/FacialAnimation/Binaries/Win64/UE4Editor-FacialAnimation.dll (API version 3709383).
LogModuleManager: Display: Found up-to-date module file ../../../Engine/Plugins/Editor/FacialAnimation/Binaries/Win64/UE4Editor-FacialAnimationEditor.dll (API version 3709383).
LogModuleManager: Display: Found up-to-date module file ../../../Engine/Plugins/Editor/GameplayTagsEditor/Binaries/Win64/UE4Editor-GameplayTagsEditor.dll (API version 3709383).
LogModuleManager: Display: Found up-to-date module file ../../../Engine/Plugins/Editor/PluginBrowser/Binaries/Win64/UE4Editor-PluginBrowser.dll (API version 3709383).
LogModuleManager: Display: Found up-to-date module file ../../../Engine/Plugins/Editor/SpeedTreeImporter/Binaries/Win64/UE4Editor-SpeedTreeImporter.dll (API version 3709383).
LogModuleManager: Display: Found up-to-date module file ../../../Engine/Plugins/Experimental/AlembicImporter/Binaries/Win64/UE4Editor-AlembicImporter.dll (API version 3709383).
LogModuleManager: Display: Found up-to-date module file ../../../Engine/Plugins/Experimental/AlembicImporter/Binaries/Win64/UE4Editor-AlembicLibrary.dll (API version 3709383).
LogModuleManager: Display: Found up-to-date module file ../../../Engine/Plugins/Experimental/CharacterAI/Binaries/Win64/UE4Editor-CharacterAI.dll (API version 3709383).
LogModuleManager: Display: Found up-to-date module file ../../../Engine/Plugins/Experimental/HTML5Networking/Binaries/Win64/UE4Editor-HTML5Networking.dll (API version 3709383).
LogModuleManager: Display: Found up-to-date module file ../../../Engine/Plugins/Media/AvfMedia/Binaries/Win64/UE4Editor-AvfMediaEditor.dll (API version 3709383).
LogModuleManager: Display: Found up-to-date module file ../../../Engine/Plugins/Media/AvfMedia/Binaries/Win64/UE4Editor-AvfMediaFactory.dll (API version 3709383).
LogModuleManager: Display: Found up-to-date module file ../../../Engine/Plugins/Media/AvfMedia/Binaries/Win64/UE4Editor-AvfMediaFactory.dll (API version 3709383).
LogModuleManager: Display: Found up-to-date module file ../../../Engine/Plugins/Media/ImgMedia/Binaries/Win64/UE4Editor-ImgMedia.dll (API version 3709383).
LogModuleManager: Display: Found up-to-date module file ../../../Engine/Plugins/Media/ImgMedia/Binaries/Win64/UE4Editor-ImgMediaEditor.dll (API version 3709383).
LogModuleManager: Display: Found up-to-date module file ../../../Engine/Plugins/Media/ImgMedia/Binaries/Win64/UE4Editor-ImgMediaFactory.dll (API version 3709383).
LogModuleManager: Display: Found up-to-date module file ../../../Engine/Plugins/Media/ImgMedia/Binaries/Win64/UE4Editor-ImgMediaFactory.dll (API version 3709383).
LogModuleManager: Display: Found up-to-date module file ../../../Engine/Plugins/Media/ImgMedia/Binaries/Win64/UE4Editor-OpenExrWrapper.dll (API version 3709383).
LogModuleManager: Display: Found up-to-date module file ../../../Engine/Plugins/Media/MediaCompositing/Binaries/Win64/UE4Editor-MediaCompositing.dll (API version 3709383).
LogModuleManager: Display: Found up-to-date module file ../../../Engine/Plugins/Media/MediaCompositing/Binaries/Win64/UE4Editor-MediaCompositingEditor.dll (API version 3709383).
LogModuleManager: Display: Found up-to-date module file ../../../Engine/Plugins/Media/MediaPlayerEditor/Binaries/Win64/UE4Editor-MediaPlayerEditor.dll (API version 3709383).
LogModuleManager: Display: Found up-to-date module file ../../../Engine/Plugins/Media/WmfMedia/Binaries/Win64/UE4Editor-WmfMedia.dll (API version 3709383).
LogModuleManager: Display: Found up-to-date module file ../../../Engine/Plugins/Media/WmfMedia/Binaries/Win64/UE4Editor-WmfMediaEditor.dll (API version 3709383).
LogModuleManager: Display: Found up-to-date module file ../../../Engine/Plugins/Media/WmfMedia/Binaries/Win64/UE4Editor-WmfMediaFactory.dll (API version 3709383).
LogModuleManager: Display: Found up-to-date module file ../../../Engine/Plugins/Media/WmfMedia/Binaries/Win64/UE4Editor-WmfMediaFactory.dll (API version 3709383).
LogModuleManager: Display: Found up-to-date module file ../../../Engine/Plugins/Messaging/TcpMessaging/Binaries/Win64/UE4Editor-TcpMessaging.dll (API version 3709383).
LogModuleManager: Display: Found up-to-date module file ../../../Engine/Plugins/Messaging/UdpMessaging/Binaries/Win64/UE4Editor-UdpMessaging.dll (API version 3709383).
LogModuleManager: Display: Found up-to-date module file ../../../Engine/Plugins/MovieScene/ActorSequence/Binaries/Win64/UE4Editor-ActorSequence.dll (API version 3709383).
LogModuleManager: Display: Found up-to-date module file ../../../Engine/Plugins/MovieScene/LevelSequenceEditor/Binaries/Win64/UE4Editor-LevelSequenceEditor.dll (API version 3709383).
LogModuleManager: Display: Found up-to-date module file ../../../Engine/Plugins/MovieScene/MatineeToLevelSequence/Binaries/Win64/UE4Editor-MatineeToLevelSequence.dll (API version 3709383).
LogModuleManager: Display: Found up-to-date module file ../../../Engine/Plugins/Online/OnlineSubsystemNull/Binaries/Win64/UE4Editor-OnlineSubsystemNull.dll (API version 3709383).
LogModuleManager: Display: Found up-to-date module file ../../../Engine/Plugins/Runtime/AndroidDeviceProfileSelector/Binaries/Win64/UE4Editor-AndroidDeviceProfileSelector.dll (API version 3709383).
LogModuleManager: Display: Found up-to-date module file ../../../Engine/Plugins/Runtime/ArchVisCharacter/Binaries/Win64/UE4Editor-ArchVisCharacter.dll (API version 3709383).
LogModuleManager: Display: Found up-to-date module file ../../../Engine/Plugins/Runtime/CableComponent/Binaries/Win64/UE4Editor-CableComponent.dll (API version 3709383).
LogModuleManager: Display: Found up-to-date module file ../../../Engine/Plugins/Runtime/CustomMeshComponent/Binaries/Win64/UE4Editor-CustomMeshComponent.dll (API version 3709383).
LogModuleManager: Display: Found up-to-date module file ../../../Engine/Plugins/Runtime/ExampleDeviceProfileSelector/Binaries/Win64/UE4Editor-ExampleDeviceProfileSelector.dll (API version 3709383).
LogModuleManager: Display: Found up-to-date module file ../../../Engine/Plugins/Runtime/ImmediatePhysics/Binaries/Win64/UE4Editor-ImmediatePhysics.dll (API version 3709383).
LogModuleManager: Display: Found up-to-date module file ../../../Engine/Plugins/Runtime/ImmediatePhysics/Binaries/Win64/UE4Editor-ImmediatePhysicsEditor.dll (API version 3709383).
LogModuleManager: Display: Found up-to-date module file ../../../Engine/Plugins/Runtime/Oculus/OculusVR/Binaries/Win64/UE4Editor-OculusHMD.dll (API version 3709383).
LogModuleManager: Display: Found up-to-date module file ../../../Engine/Plugins/Runtime/Oculus/OculusVR/Binaries/Win64/UE4Editor-OculusInput.dll (API version 3709383).
LogModuleManager: Display: Found up-to-date module file ../../../Engine/Plugins/Runtime/Oculus/OculusVR/Binaries/Win64/UE4Editor-OculusEditor.dll (API version 3709383).
LogModuleManager: Display: Found up-to-date module file ../../../Engine/Plugins/Runtime/PhysXVehicles/Binaries/Win64/UE4Editor-PhysXVehicles.dll (API version 3709383).
LogModuleManager: Display: Found up-to-date module file ../../../Engine/Plugins/Runtime/PhysXVehicles/Binaries/Win64/UE4Editor-PhysXVehiclesEditor.dll (API version 3709383).
LogModuleManager: Display: Found up-to-date module file ../../../Engine/Plugins/Runtime/ProceduralMeshComponent/Binaries/Win64/UE4Editor-ProceduralMeshComponent.dll (API version 3709383).
LogModuleManager: Display: Found up-to-date module file ../../../Engine/Plugins/Runtime/ProceduralMeshComponent/Binaries/Win64/UE4Editor-ProceduralMeshComponentEditor.dll (API version 3709383).
LogModuleManager: Display: Found up-to-date module file ../../../Engine/Plugins/Runtime/RuntimePhysXCooking/Binaries/Win64/UE4Editor-RuntimePhysXCooking.dll (API version 3709383).
LogModuleManager: Display: Found up-to-date module file ../../../Engine/Plugins/Runtime/Steam/SteamVR/Binaries/Win64/UE4Editor-SteamVR.dll (API version 3709383).
LogModuleManager: Display: Found up-to-date module file ../../../Engine/Plugins/Runtime/Steam/SteamVR/Binaries/Win64/UE4Editor-SteamVRController.dll (API version 3709383).
LogModuleManager: Display: Found up-to-date module file ../../../Engine/Plugins/Runtime/WindowsMoviePlayer/Binaries/Win64/UE4Editor-WindowsMoviePlayer.dll (API version 3709383).
LogPluginManager: Mounting plugin Paper2D
LogPluginManager: Mounting plugin AdvancedSessions
LogPluginManager: Mounting plugin AdvancedSteamSessions
LogPluginManager: Mounting plugin LightPropagationVolume
LogPluginManager: Mounting plugin CodeLiteSourceCodeAccess
LogPluginManager: Mounting plugin GitSourceControl
LogPluginManager: Mounting plugin KDevelopSourceCodeAccess
LogPluginManager: Mounting plugin NullSourceCodeAccess
LogPluginManager: Mounting plugin PerforceSourceControl
LogPluginManager: Mounting plugin SubversionSourceControl
LogPluginManager: Mounting plugin UObjectPlugin
LogPluginManager: Mounting plugin VisualStudioCodeSourceCodeAccess
LogPluginManager: Mounting plugin VisualStudioSourceCodeAccess
LogPluginManager: Mounting plugin XCodeSourceCodeAccess
LogPluginManager: Mounting plugin AssetManagerEditor
LogPluginManager: Mounting plugin AudioCapture
LogPluginManager: Mounting plugin FacialAnimation
LogPluginManager: Mounting plugin GameplayTagsEditor
LogPluginManager: Mounting plugin PluginBrowser
LogPluginManager: Mounting plugin SpeedTreeImporter
LogPluginManager: Mounting plugin AlembicImporter
LogPluginManager: Mounting plugin CharacterAI
LogPluginManager: Mounting plugin HTML5Networking
LogPluginManager: Mounting plugin SubsystemConfigurator
LogPluginManager: Mounting plugin AvfMedia
LogPluginManager: Mounting plugin ImgMedia
LogPluginManager: Mounting plugin MediaCompositing
LogPluginManager: Mounting plugin MediaPlayerEditor
LogPluginManager: Mounting plugin WmfMedia
LogPluginManager: Mounting plugin TcpMessaging
LogPluginManager: Mounting plugin UdpMessaging
LogPluginManager: Mounting plugin ActorSequence
LogPluginManager: Mounting plugin LevelSequenceEditor
LogPluginManager: Mounting plugin MatineeToLevelSequence
LogPluginManager: Mounting plugin OnlineSubsystem
LogPluginManager: Mounting plugin OnlineSubsystemNull
LogPluginManager: Mounting plugin OnlineSubsystemSteam
LogPluginManager: Mounting plugin OnlineSubsystemUtils
LogPluginManager: Mounting plugin AndroidDeviceProfileSelector
LogPluginManager: Mounting plugin ApexDestruction
LogPluginManager: Mounting plugin ArchVisCharacter
LogPluginManager: Mounting plugin CableComponent
LogPluginManager: Mounting plugin CustomMeshComponent
LogPluginManager: Mounting plugin ExampleDeviceProfileSelector
LogPluginManager: Mounting plugin GoogleCloudMessaging
LogPluginManager: Mounting plugin ImmediatePhysics
LogPluginManager: Mounting plugin LinuxDeviceProfileSelector
LogPluginManager: Mounting plugin OculusVR
LogPluginManager: Plugin shader directory ../../../Engine/Plugins/Runtime/Oculus/OculusVR/Shaders found
LogPluginManager: Mapping shader source directory ../../../Engine/Plugins/Runtime/Oculus/OculusVR/Shaders to virtual directory /Plugin/OculusVR
LogPluginManager: Mounting plugin PhysXVehicles
LogPluginManager: Mounting plugin ProceduralMeshComponent
LogPluginManager: Mounting plugin RuntimePhysXCooking
LogPluginManager: Mounting plugin SteamVR
LogPluginManager: Mounting plugin WindowsMoviePlayer
LogInit: Using libcurl 7.47.1
LogInit:  - built for x86_64-pc-win32
LogInit:  - supports SSL with OpenSSL/1.0.2g
LogInit:  - supports HTTP deflate (compression) using libz 1.2.8
LogInit:  - other features:
LogInit:      CURL_VERSION_SSL
LogInit:      CURL_VERSION_LIBZ
LogInit:      CURL_VERSION_IPV6
LogInit:      CURL_VERSION_ASYNCHDNS
LogInit:      CURL_VERSION_LARGEFILE
LogInit:      CURL_VERSION_IDN
LogInit:  CurlRequestOptions (configurable via config and command line):
LogInit:  - bVerifyPeer = false  - Libcurl will NOT verify peer certificate
LogInit:  - bUseHttpProxy = false  - Libcurl will NOT use HTTP proxy
LogInit:  - bDontReuseConnections = false  - Libcurl will reuse connections
LogInit:  - CertBundlePath = nullptr  - Libcurl will use whatever was configured at build time.
LogOnline: Display: STEAM: Loading Steam SDK 1.39
LogOnline: Warning: STEAM: Steam API disabled!
LogOnline: Display: STEAM: OnlineSubsystemSteam::Shutdown()
LogInit: WinSock: version 1.1 (2.2), MaxSocks=32767, MaxUdp=65467
LogInit: Build: ++UE4+Release-4.18-CL-3794801
LogInit: Engine Version: 4.18.2-3794801+++UE4+Release-4.18
LogInit: Compatible Engine Version: 4.18.0-3709383+++UE4+Release-4.18
LogInit: Net CL: 3709383
LogDevObjectVersion: Number of dev versions registered: 16
LogDevObjectVersion:   Dev-Blueprints (B0D832E4-1F89-4F0D-ACCF-7EB736FD4AA2): 10
LogDevObjectVersion:   Dev-Build (E1C64328-A22C-4D53-A36C-8E866417BD8C): 0
LogDevObjectVersion:   Dev-Core (375EC13C-06E4-48FB-B500-84F0262A717E): 2
LogDevObjectVersion:   Dev-Editor (E4B068ED-F494-42E9-A231-DA0B2E46BB41): 20
LogDevObjectVersion:   Dev-Framework (CFFC743F-43B0-4480-9391-14DF171D2073): 30
LogDevObjectVersion:   Dev-Mobile (B02B49B5-BB20-44E9-A304-32B752E40360): 0
LogDevObjectVersion:   Dev-Networking (A4E4105C-59A1-49B5-A7C5-40C4547EDFEE): 0
LogDevObjectVersion:   Dev-Online (39C831C9-5AE6-47DC-9A44-9C173E1C8E7C): 0
LogDevObjectVersion:   Dev-Physics (78F01B33-EBEA-4F98-B9B4-84EACCB95AA2): 0
LogDevObjectVersion:   Dev-Platform (6631380F-2D4D-43E0-8009-CF276956A95A): 0
LogDevObjectVersion:   Dev-Rendering (12F88B9F-8875-4AFC-A67C-D90C383ABD29): 20
LogDevObjectVersion:   Dev-Sequencer (7B5AE74C-D270-4C10-A958-57980B212A5A): 4
LogDevObjectVersion:   Dev-VR (D7296918-1DD6-4BDD-9DE2-64A83CC13884): 0
LogDevObjectVersion:   Dev-LoadTimes (C2A15278-BFE7-4AFE-6C17-90FF531DF755): 1
LogDevObjectVersion:   Private-Geometry (6EACA3D4-40EC-4CC1-B786-8BED09428FC5): 1
LogDevObjectVersion:   Dev-AnimPhys (29E575DD-E0A3-4627-9D10-D276232CDCEA): 12
LogInit: Compiled (64-bit): Dec  8 2017 02:04:53
LogInit: Compiled with Visual C++: 19.00.24215.01
LogInit: Build Configuration: Development
LogInit: Branch Name: ++UE4+Release-4.18
LogInit: Command line:  
LogInit: Base directory: D:/UE_4.18/UE_4.18/Engine/Binaries/Win64/
LogInit: Installed Engine Build: 1
LogInit: Presizing for max 8388607 objects, including 0 objects not considered by GC, pre-allocating 0 bytes for permanent pool.
LogInit: Object subsystem initialized
[2018.03.28-09.13.48:671][  0]LogInit: Selected Device Profile: [Windows]
[2018.03.28-09.13.48:671][  0]LogInit: Applying CVar settings loaded from the selected device profile: [Windows]
[2018.03.28-09.13.48:786][  0]LogInit: Computer: SEKRITGAMESDESK
[2018.03.28-09.13.48:786][  0]LogInit: User: SEKRITGAMES
[2018.03.28-09.13.48:786][  0]LogInit: CPU Page size=4096, Cores=4
[2018.03.28-09.13.48:786][  0]LogInit: High frequency timer resolution =3.117187 MHz
[2018.03.28-09.13.48:787][  0]LogMemory: Memory total: Physical=15.9GB (16GB approx)
[2018.03.28-09.13.48:787][  0]LogMemory: Platform Memory Stats for Windows
[2018.03.28-09.13.48:787][  0]LogMemory: Process Physical Memory: 275.31 MB used, 275.31 MB peak
[2018.03.28-09.13.48:787][  0]LogMemory: Process Virtual Memory: 279.78 MB used, 279.78 MB peak
[2018.03.28-09.13.48:787][  0]LogMemory: Physical Memory: 2940.61 MB used,  13376.38 MB free, 16316.98 MB total
[2018.03.28-09.13.48:787][  0]LogMemory: Virtual Memory: 694.33 MB used,  13376.38 MB free, 134217728.00 MB total
[2018.03.28-09.13.49:568][  0]LogInit: Using OS detected language (en-GB).
[2018.03.28-09.13.49:568][  0]LogInit: Using OS detected locale (en-GB).
[2018.03.28-09.13.49:730][  0]LogTextLocalizationManager: No specific localization for 'en-GB' exists, so the 'en' localization will be used.
[2018.03.28-09.13.50:605][  0]LogInit: Setting process to per monitor DPI aware
[2018.03.28-09.13.56:424][  0]LogD3D11RHI: D3D11 adapters:
[2018.03.28-09.13.56:962][  0]LogD3D11RHI:    0. 'NVIDIA GeForce GTX 1050 Ti' (Feature Level 11_0)
[2018.03.28-09.13.56:963][  0]LogD3D11RHI:       4029/0/8158 MB DedicatedVideo/DedicatedSystem/SharedSystem, Outputs:2, VendorId:0x10de
[2018.03.28-09.13.56:967][  0]LogD3D11RHI:    1. 'Microsoft Basic Render Driver' (Feature Level 11_0)
[2018.03.28-09.13.56:967][  0]LogD3D11RHI:       0/0/8158 MB DedicatedVideo/DedicatedSystem/SharedSystem, Outputs:0, VendorId:0x1414
[2018.03.28-09.13.56:967][  0]LogD3D11RHI: Chosen D3D11 Adapter: 0
[2018.03.28-09.13.57:065][  0]LogD3D11RHI: Creating new Direct3DDevice
[2018.03.28-09.13.57:153][  0]LogD3D11RHI:     GPU DeviceId: 0x1c82 (for the marketing name, search the web for "GPU Device Id")
[2018.03.28-09.13.57:153][  0]LogWindows: EnumDisplayDevices:
[2018.03.28-09.13.57:153][  0]LogWindows:    0. 'NVIDIA GeForce GTX 1050 Ti' (P:0 D:1)
[2018.03.28-09.13.57:177][  0]LogWindows:    1. 'NVIDIA GeForce GTX 1050 Ti' (P:1 D:1)
[2018.03.28-09.13.57:177][  0]LogWindows:    2. 'NVIDIA GeForce GTX 1050 Ti' (P:0 D:0)
[2018.03.28-09.13.57:177][  0]LogWindows:    3. 'NVIDIA GeForce GTX 1050 Ti' (P:0 D:0)
[2018.03.28-09.13.57:177][  0]LogWindows: DebugString: GetVideoDriverDetailsInvalid PrimaryIsNotTheChoosenAdapter GetVideoDriverDetailsInvalid PrimaryIsNotTheChoosenAdapter GetVideoDriverDetailsInvalid PrimaryIsNotTheChoosenAdapter GetVideoDriverDetailsInvalid PrimaryIsNotTheChoosenAdapter FoundDriverCount:0 
[2018.03.28-09.13.57:177][  0]LogD3D11RHI:     Adapter Name: NVIDIA GeForce GTX 1050 Ti
[2018.03.28-09.13.57:177][  0]LogD3D11RHI:   Driver Version: Unknown (internal:Unknown, unified:Unknown)
[2018.03.28-09.13.57:177][  0]LogD3D11RHI:      Driver Date: Unknown
[2018.03.28-09.13.57:177][  0]LogRHI: Texture pool is 2820 MB (70% of 4029 MB)
[2018.03.28-09.13.57:442][  0]LogD3D11RHI: Async texture creation enabled
[2018.03.28-09.13.59:104][  0]LogD3D11RHI: GPU Timing Frequency: 1000.000000 (Debug: 2 4)
[2018.03.28-09.13.59:322][  0]LogShaderCompilers: Guid format shader working directory is 12 characters bigger than the processId version (C:/Users/SEKRIT GAMES/Documents/TornTower/Intermediate/Shaders/WorkingDirectory/3500/).
[2018.03.28-09.13.59:322][  0]LogShaderCompilers: Cleaned the shader compiler working directory 'C:/Users/SEKRIT GAMES/AppData/Local/Temp/UnrealShaderWorkingDir/570A70DE455AE515FDB6DFB887872C04/'.
[2018.03.28-09.13.59:345][  0]LogShaderCompilers: Display: Using Local Shader Compiler.
[2018.03.28-09.14.06:121][  0]LogTemp: Display: Loaded TP AllDesktopTargetPlatform
[2018.03.28-09.14.06:169][  0]LogTemp: Display: Loaded TP MacClientTargetPlatform
[2018.03.28-09.14.06:217][  0]LogTemp: Display: Loaded TP MacNoEditorTargetPlatform
[2018.03.28-09.14.06:263][  0]LogTemp: Display: Loaded TP MacServerTargetPlatform
[2018.03.28-09.14.06:338][  0]LogTemp: Display: Loaded TP MacTargetPlatform
[2018.03.28-09.14.06:392][  0]LogTemp: Display: Loaded TP WindowsClientTargetPlatform
[2018.03.28-09.14.06:440][  0]LogTemp: Display: Loaded TP WindowsNoEditorTargetPlatform
[2018.03.28-09.14.06:494][  0]LogTemp: Display: Loaded TP WindowsServerTargetPlatform
[2018.03.28-09.14.06:551][  0]LogTemp: Display: Loaded TP WindowsTargetPlatform
[2018.03.28-09.14.06:609][  0]LogTemp: Display: Loaded TP Android_ASTCTargetPlatform
[2018.03.28-09.14.06:742][  0]LogTemp: Display: Loaded TP Android_ATCTargetPlatform
[2018.03.28-09.14.06:830][  0]LogTemp: Display: Loaded TP Android_DXTTargetPlatform
[2018.03.28-09.14.06:882][  0]LogTemp: Display: Loaded TP Android_ETC1TargetPlatform
[2018.03.28-09.14.06:947][  0]LogTemp: Display: Loaded TP Android_ETC2TargetPlatform
[2018.03.28-09.14.07:086][  0]LogTemp: Display: Loaded TP Android_MultiTargetPlatform
[2018.03.28-09.14.07:086][  0]LogTemp: Display: Loaded TP Android_PVRTCTargetPlatform
[2018.03.28-09.14.07:169][  0]LogTemp: Display: Loaded TP AndroidTargetPlatform
[2018.03.28-09.14.07:213][  0]LogTemp: Display: Loaded TP HTML5TargetPlatform
[2018.03.28-09.14.07:342][  0]LogTemp: Display: Loaded TP IOSTargetPlatform
[2018.03.28-09.14.07:373][  0]LogTemp: Display: Loaded TP TVOSTargetPlatform
[2018.03.28-09.14.07:417][  0]LogTemp: Display: Loaded TP LinuxClientTargetPlatform
[2018.03.28-09.14.07:468][  0]LogTemp: Display: Loaded TP LinuxNoEditorTargetPlatform
[2018.03.28-09.14.07:534][  0]LogTemp: Display: Loaded TP LinuxServerTargetPlatform
[2018.03.28-09.14.07:616][  0]LogTemp: Display: Loaded TP LinuxTargetPlatform
[2018.03.28-09.14.07:616][  0]LogTargetPlatformManager: Display: Building Assets For Windows
[2018.03.28-09.14.08:703][  0]LogDerivedDataCache: Display: Max Cache Size: 512 MB
[2018.03.28-09.14.09:399][  0]LogDerivedDataCache: Loaded boot cache 0.68s 78MB C:/Users/SEKRIT GAMES/AppData/Local/UnrealEngine/4.18/DerivedDataCache/Boot.ddc.
[2018.03.28-09.14.09:399][  0]LogDerivedDataCache: Display: Loaded Boot cache: C:/Users/SEKRIT GAMES/AppData/Local/UnrealEngine/4.18/DerivedDataCache/Boot.ddc
[2018.03.28-09.14.09:399][  0]LogDerivedDataCache: FDerivedDataBackendGraph:  Pak pak cache file C:/Users/SEKRIT GAMES/Documents/TornTower/DerivedDataCache/DDC.ddp not found, will not use a pak cache.
[2018.03.28-09.14.09:399][  0]LogDerivedDataCache: Unable to find inner node Pak for hierarchical cache Hierarchy.
[2018.03.28-09.14.09:399][  0]LogDerivedDataCache: FDerivedDataBackendGraph:  CompressedPak pak cache file C:/Users/SEKRIT GAMES/Documents/TornTower/DerivedDataCache/Compressed.ddp not found, will not use a pak cache.
[2018.03.28-09.14.09:399][  0]LogDerivedDataCache: Unable to find inner node CompressedPak for hierarchical cache Hierarchy.
[2018.03.28-09.14.09:458][  0]LogDerivedDataCache: Display: Pak cache opened for reading ../../../Engine/DerivedDataCache/Compressed.ddp.
[2018.03.28-09.14.09:495][  0]LogDerivedDataCache: Using Local data cache path C:/Users/SEKRIT GAMES/AppData/Local/UnrealEngine/Common/DerivedDataCache: Writable
[2018.03.28-09.14.09:614][  0]LogMaterial: Verifying Global Shaders for PCD3D_SM5
[2018.03.28-09.14.09:756][  0]LogSlate: Using Freetype 2.6.0
[2018.03.28-09.14.09:869][  0]LogSlate: SlateFontCache - WITH_FREETYPE: 1, WITH_HARFBUZZ: 1
[2018.03.28-09.14.09:881][  0]LogSlate: SlateFontCache - WITH_FREETYPE: 1, WITH_HARFBUZZ: 1
[2018.03.28-09.14.16:004][  0]LogInit: Selected Device Profile: [Windows]
[2018.03.28-09.14.17:950][  0]LogSimplygon: Simplygon DLL not present - disabling.
[2018.03.28-09.14.18:036][  0]LogMeshReduction: Using SimplygonSwarm for distributed automatic mesh merging
[2018.03.28-09.14.18:036][  0]LogMeshReduction: Using QuadricMeshReduction for automatic static mesh reduction
[2018.03.28-09.14.18:036][  0]LogMeshReduction: No automatic skeletal mesh reduction module available
[2018.03.28-09.14.18:036][  0]LogMeshReduction: No automatic mesh merging module available
[2018.03.28-09.14.18:036][  0]LogMeshMerging: No automatic mesh merging module available
[2018.03.28-09.14.18:373][  0]LogNetVersion: TornTower , NetCL: 3709383, EngineNetVer: 2, GameNetVer: 0 (Checksum: 2142516384)
[2018.03.28-09.14.19:938][  0]LogAssetRegistry: FAssetRegistry took 0.0602 seconds to start up
[2018.03.28-09.14.27:512][  0]LogPackageLocalizationCache: Processed 7 localized package path(s) for 2 prioritized culture(s) in 0.160606 seconds
[2018.03.28-09.14.27:537][  0]LogUObjectArray: 35782 objects as part of root set at end of initial load.
[2018.03.28-09.14.27:537][  0]LogUObjectAllocator: 7554472 out of 0 bytes used by permanent object pool.
[2018.03.28-09.14.27:537][  0]LogUObjectArray: CloseDisregardForGC: 0/0 objects in disregard for GC pool
[2018.03.28-09.14.42:537][  0]LogTcpMessaging: Initializing TcpMessaging bridge
[2018.03.28-09.14.42:591][  0]LogUdpMessaging: Initializing bridge on interface 0.0.0.0:0 to multicast group 230.0.0.1:6666.
[2018.03.28-09.14.44:394][  0]LogMaterial: Uniform references updated for custom material expression Custom.
[2018.03.28-09.14.45:947][  0]SourceControl: Source control is disabled
[2018.03.28-09.14.45:956][  0]SourceControl: Source control is disabled
[2018.03.28-09.14.46:114][  0]SourceControl: Source control is disabled
[2018.03.28-09.14.46:194][  0]SourceControl: Source control is disabled
[2018.03.28-09.14.47:622][  0]LogOcInput: OculusInput pre-init called
[2018.03.28-09.14.48:338][  0]LogEngine: Initializing Engine...
[2018.03.28-09.14.48:579][  0]LogHMD: Failed to initialize OpenVR with code 110
[2018.03.28-09.14.49:433][  0]LogStats: UGameplayTagsManager::ConstructGameplayTagTree: Construct from data asset -  0.000 s
[2018.03.28-09.14.49:433][  0]LogStats: UGameplayTagsManager::ConstructGameplayTagTree: GameplayTagTreeChangedEvent.Broadcast -  0.000 s
[2018.03.28-09.14.49:829][  0]LogAIModule: Creating AISystem for world Untitled
[2018.03.28-09.14.49:918][  0]LogInit: XAudio2 using 'M2262D-8 (NVIDIA High Definition Audio)' : 2 channels at 48 kHz using 16 bits per sample (channel mask 0x3)
[2018.03.28-09.14.49:952][  0]LogInit: FAudioDevice initialized.
[2018.03.28-09.14.50:169][  0]LogDerivedDataCache: Saved boot cache 0.21s 78MB C:/Users/SEKRIT GAMES/AppData/Local/UnrealEngine/4.18/DerivedDataCache/Boot.ddc.
[2018.03.28-09.14.50:190][  0]LogInit: Texture streaming: Enabled
[2018.03.28-09.14.50:359][  0]LogEngineSessionManager: EngineSessionManager initialized
[2018.03.28-09.14.50:800][  0]LogInit: Transaction tracking system initialized
[2018.03.28-09.14.52:918][  0]BlueprintLog: New page: Editor Load
[2018.03.28-09.14.57:637][  0]LocalizationService: Localization service is disabled
[2018.03.28-09.14.59:847][  0]LogConsoleResponse: Display: 
[2018.03.28-09.15.04:590][  0]LogCook: Display: Max memory allowance for cook 16384mb min free memory 0mb
[2018.03.28-09.15.04:590][  0]LogCook: Display: Mobile HDR setting 1
[2018.03.28-09.15.04:605][  0]LogGameplayTags: Display: UGameplayTagsManager::DoneAddingNativeTags. DelegateIsBound: 0
[2018.03.28-09.15.04:657][  0]LogFileCache: Scanning file cache for directory 'C:/Users/SEKRIT GAMES/Documents/TornTower/Content/' took 0.10s
[2018.03.28-09.15.07:623][  0]SourceControl: Source control is disabled
[2018.03.28-09.15.07:769][  0]Cmd: MAP LOAD FILE="C:/Users/SEKRIT GAMES/Documents/TornTower/Content/ThirdPersonBP/Maps/MainMenu.umap" TEMPLATE=0 SHOWPROGRESS=1 FEATURELEVEL=3
[2018.03.28-09.15.07:842][  0]LightingResults: New page: Lighting Build
[2018.03.28-09.15.08:152][  0]MapCheck: New page: Map Check
[2018.03.28-09.15.08:152][  0]LightingResults: New page: Lighting Build
[2018.03.28-09.15.10:292][  0]LogAIModule: Creating AISystem for world MainMenu
[2018.03.28-09.15.11:373][  0]LogEditorServer: Finished looking for orphan Actors (0.000 secs)
[2018.03.28-09.15.11:754][  0]Cmd: MAP CHECKDEP NOCLEARLOG
[2018.03.28-09.15.11:930][  0]MapCheck: Map check complete: 0 Error(s), 0 Warning(s), took 175.659ms to complete.
[2018.03.28-09.15.11:930][  0]LogFileHelpers: Loading map 'MainMenu' took 4.218
[2018.03.28-09.15.14:435][  0]LogCollectionManager: Loaded 0 collections in 0.001124 seconds
[2018.03.28-09.15.14:777][  0]LogFileCache: Scanning file cache for directory 'C:/Users/SEKRIT GAMES/Documents/TornTower/Saved/Collections/' took 0.01s
[2018.03.28-09.15.14:777][  0]LogFileCache: Scanning file cache for directory 'C:/Users/SEKRIT GAMES/Documents/TornTower/Content/Developers/SEKRITGAMES/Collections/' took 0.01s
[2018.03.28-09.15.14:777][  0]LogFileCache: Scanning file cache for directory 'C:/Users/SEKRIT GAMES/Documents/TornTower/Content/Collections/' took 0.01s
[2018.03.28-09.15.14:777][  0]LogCollectionManager: Rebuilt the GUID cache for 0 collections in 0.000001 seconds
[2018.03.28-09.15.14:844][  0]LogContentBrowser: Native class hierarchy populated in 0.0425 seconds. Added 2384 classes and 516 folders.
[2018.03.28-09.15.15:038][  0]LogContentBrowser: Native class hierarchy updated for 'WidgetCarousel' in 0.0003 seconds. Added 0 classes and 0 folders.
[2018.03.28-09.15.16:962][  0]LogContentBrowser: Native class hierarchy updated for 'AddContentDialog' in 0.0003 seconds. Added 0 classes and 0 folders.
[2018.03.28-09.15.17:179][  0]LogContentBrowser: Native class hierarchy updated for 'SceneOutliner' in 0.0003 seconds. Added 1 classes and 2 folders.
[2018.03.28-09.15.18:872][  0]LogContentBrowser: Native class hierarchy updated for 'HierarchicalLODOutliner' in 0.0007 seconds. Added 1 classes and 2 folders.
[2018.03.28-09.15.18:872][  0]LogLoad: (Engine Initialization) Total time: 103.90 seconds
[2018.03.28-09.15.18:872][  0]LogLoad: (Engine Initialization) Total Blueprint compile time: 0.00 seconds
[2018.03.28-09.15.18:882][  0]LogExternalProfiler: No external profilers were discovered.  External profiling features will not be available.
[2018.03.28-09.15.19:229][  0]LogContentStreaming: Texture pool size now 1000 MB
[2018.03.28-09.15.19:324][  0]LogSlate: Took 0.016606 seconds to synchronously load lazily loaded font '../../../Engine/Content/Slate/Fonts/Roboto-Regular.ttf' (155K)
[2018.03.28-09.15.19:335][  0]LogSlate: Took 0.008661 seconds to synchronously load lazily loaded font '../../../Engine/Content/Slate/Fonts/Roboto-Bold.ttf' (160K)
[2018.03.28-09.15.19:372][  0]LogSlate: Took 0.018216 seconds to synchronously load lazily loaded font '../../../Engine/Content/Editor/Slate/Fonts/FontAwesome.ttf' (139K)
[2018.03.28-09.15.20:752][  1]LogRenderer: Reallocating scene render targets to support 1292x680 Format 10 NumSamples 1 (Frame:1).
[2018.03.28-09.15.20:762][  1]LogFileCache: Retrieving MD5 hashes for directory 'C:/Users/SEKRIT GAMES/Documents/TornTower/Content/' took 1.74s
[2018.03.28-09.15.20:875][  1]LogSlate: Took 0.013708 seconds to synchronously load lazily loaded font '../../../Engine/Content/Slate/Fonts/Roboto-Light.ttf' (159K)
[2018.03.28-09.15.21:584][  3]LogAssetRegistry: Asset discovery search completed in 61.6787 seconds
[2018.03.28-09.15.21:589][  3]LogCollectionManager: Rebuilt the object cache for 0 collections in 0.000001 seconds (found 0 objects)
[2018.03.28-09.15.21:589][  3]LogCollectionManager: Fixed up redirectors for 0 collections in 0.000216 seconds (updated 0 objects)
[2018.03.28-09.15.25:125][ 23]LogRenderer: Reallocating scene render targets to support 1296x680 Format 10 NumSamples 1 (Frame:22).
[2018.03.28-09.15.29:510][462]LogSlate: Took 0.000217 seconds to synchronously load lazily loaded font '../../../Engine/Content/Slate/Fonts/Roboto-Light.ttf' (159K)
[2018.03.28-09.15.30:628][462]LogSlate: Took 0.000392 seconds to synchronously load lazily loaded font '../../../Engine/Content/Slate/Fonts/Roboto-Regular.ttf' (155K)
[2018.03.28-09.15.31:192][462]LogLinker: Warning: Can't find file '/Game/FirstPerson/Meshes/FirstPersonProjectileMaterial'
[2018.03.28-09.15.31:192][462]LogLinker: Warning: Can't find file for asset '/Game/FirstPerson/Meshes/FirstPersonProjectileMaterial' while loading C:/Users/SEKRIT GAMES/Documents/TornTower/Content/Blueprints/FirstPersonProjectileMesh.uasset.
[2018.03.28-09.15.31:193][462]LoadErrors: Error: /Game/Blueprints/FirstPersonProjectileMesh : Can't find file for asset. /Game/FirstPerson/Meshes/FirstPersonProjectileMaterial
[2018.03.28-09.15.31:193][462]LogLinker: Warning: Can't find file '/Game/FirstPerson/Meshes/FirstPersonProjectileMaterial'
[2018.03.28-09.15.31:193][462]LogLinker: Warning: Can't find file for asset '/Game/FirstPerson/Meshes/FirstPersonProjectileMaterial' while loading C:/Users/SEKRIT GAMES/Documents/TornTower/Content/Blueprints/FirstPersonProjectileMesh.uasset.
[2018.03.28-09.15.40:361][462]LogBlueprint: Warning: [Compiler StalkerAI_auto_ally] Set : 'Closest Target' variable not found. Base class was probably changed. /Game/GameBPs/Blueprints/StalkerAI_auto_ally.StalkerAI_auto_ally
[2018.03.28-09.15.40:361][462]LogBlueprint: Warning: [Compiler StalkerAI_auto_ally] Set Closest Target : 'Closest Target' variable not found. Base class was probably changed. /Game/GameBPs/Blueprints/StalkerAI_auto_ally.StalkerAI_auto_ally
[2018.03.28-09.15.40:375][462]LogBlueprint: Warning: [Compiler StalkerAI_auto_controllable] Set : 'Closest Target' variable not found. Base class was probably changed. /Game/GameBPs/Blueprints/StalkerAI_auto_controllable.StalkerAI_auto_controllable
[2018.03.28-09.15.40:376][462]LogBlueprint: Warning: [Compiler StalkerAI_auto_controllable] Set Closest Target : 'Closest Target' variable not found. Base class was probably changed. /Game/GameBPs/Blueprints/StalkerAI_auto_controllable.StalkerAI_auto_controllable
[2018.03.28-09.15.40:392][462]LogBlueprint: Warning: [Compiler StalkerAI_cannon] Set : 'Closest Target' variable not found. Base class was probably changed. /Game/GameBPs/Blueprints/StalkerAI_cannon.StalkerAI_cannon
[2018.03.28-09.15.40:392][462]LogBlueprint: Warning: [Compiler StalkerAI_cannon] Set Closest Target : 'Closest Target' variable not found. Base class was probably changed. /Game/GameBPs/Blueprints/StalkerAI_cannon.StalkerAI_cannon
[2018.03.28-09.15.40:405][462]LogBlueprint: Warning: [Compiler StalkerAI_fullcontrollable] Set : 'Closest Target' variable not found. Base class was probably changed. /Game/GameBPs/Blueprints/StalkerAI_fullcontrollable.StalkerAI_fullcontrollable
[2018.03.28-09.15.40:406][462]LogBlueprint: Warning: [Compiler StalkerAI_fullcontrollable] Set Closest Target : 'Closest Target' variable not found. Base class was probably changed. /Game/GameBPs/Blueprints/StalkerAI_fullcontrollable.StalkerAI_fullcontrollable
[2018.03.28-09.15.40:413][462]LogBlueprint: Warning: [Compiler StalkerAI_laser] Set : 'Closest Target' variable not found. Base class was probably changed. /Game/GameBPs/Blueprints/StalkerAI_laser.StalkerAI_laser
[2018.03.28-09.15.40:413][462]LogBlueprint: Warning: [Compiler StalkerAI_laser] Set Closest Target : 'Closest Target' variable not found. Base class was probably changed. /Game/GameBPs/Blueprints/StalkerAI_laser.StalkerAI_laser
[2018.03.28-09.15.41:149][462]LogBlueprint: Warning: [Compiler StalkerAI_auto_ally] [0126.18] Compile of StalkerAI_auto_ally successful, but with 2 Warning(s) [in 901 ms] (/Game/GameBPs/Blueprints/StalkerAI_auto_ally.StalkerAI_auto_ally)
[2018.03.28-09.15.41:149][462]LogBlueprint: Warning: [Compiler StalkerAI_auto_controllable] [0126.18] Compile of StalkerAI_auto_controllable successful, but with 2 Warning(s) [in 901 ms] (/Game/GameBPs/Blueprints/StalkerAI_auto_controllable.StalkerAI_auto_controllable)
[2018.03.28-09.15.41:149][462]LogBlueprint: Warning: [Compiler StalkerAI_cannon] [0126.18] Compile of StalkerAI_cannon successful, but with 2 Warning(s) [in 901 ms] (/Game/GameBPs/Blueprints/StalkerAI_cannon.StalkerAI_cannon)
[2018.03.28-09.15.41:149][462]LogBlueprint: Warning: [Compiler StalkerAI_fullcontrollable] [0126.18] Compile of StalkerAI_fullcontrollable successful, but with 2 Warning(s) [in 901 ms] (/Game/GameBPs/Blueprints/StalkerAI_fullcontrollable.StalkerAI_fullcontrollable)
[2018.03.28-09.15.41:149][462]LogBlueprint: Warning: [Compiler StalkerAI_laser] [0126.18] Compile of StalkerAI_laser successful, but with 2 Warning(s) [in 901 ms] (/Game/GameBPs/Blueprints/StalkerAI_laser.StalkerAI_laser)
[2018.03.28-09.15.45:018][462]LogLinker: Warning: Can't find file '/Game/FirstPerson/Meshes/FirstPersonProjectileMaterial'
[2018.03.28-09.15.45:018][462]LoadErrors: Failed to load /Game/FirstPerson/Meshes/FirstPersonProjectileMaterial.FirstPersonProjectileMaterial Referenced by FirstPersonProjectileMesh
[2018.03.28-09.15.45:018][462]LogLinker: Warning: Can't find file for asset '/Game/FirstPerson/Meshes/FirstPersonProjectileMaterial' while loading NULL.
[2018.03.28-09.16.01:081][462]LogAIModule: Creating AISystem for world GameLevel
[2018.03.28-09.16.02:096][462]Cmd: MAP LOAD FILE="C:/Users/SEKRIT GAMES/Documents/TornTower/Content/GameBPs/Maps/GameLevel.umap" TEMPLATE=0 SHOWPROGRESS=1 FEATURELEVEL=3
[2018.03.28-09.16.02:096][462]LightingResults: New page: Lighting Build
[2018.03.28-09.16.02:096][462]LoadErrors: New page: Loading map: GameLevel.umap
[2018.03.28-09.16.02:097][462]MapCheck: New page: Map Check
[2018.03.28-09.16.02:097][462]LightingResults: New page: Lighting Build
[2018.03.28-09.16.06:245][462]LogEditorServer: Finished looking for orphan Actors (0.000 secs)
[2018.03.28-09.16.06:332][462]Cmd: MAP CHECKDEP NOCLEARLOG
[2018.03.28-09.16.06:641][462]MapCheck: Map check complete: 0 Error(s), 0 Warning(s), took 309.293ms to complete.
[2018.03.28-09.16.06:642][462]LogFileHelpers: Loading map 'GameLevel' took 4.583
[2018.03.28-09.21.43:931][682]Cmd: QUIT_EDITOR
[2018.03.28-09.21.43:949][682]LogWindowsTextInputMethodSystem: Display: IME system now deactivated.
[2018.03.28-09.21.43:959][682]LogExit: Preparing to exit.
[2018.03.28-09.21.44:863][682]LogExit: Editor shut down
[2018.03.28-09.21.44:873][682]LogExit: Transaction tracking system shut down
[2018.03.28-09.21.45:065][682]LogDirectoryWatcher: A directory notification for '../../../Engine/Content/' was aborted.
[2018.03.28-09.21.45:065][682]LogDirectoryWatcher: A directory notification for 'C:/Users/SEKRIT GAMES/Documents/TornTower/Content/' was aborted.
[2018.03.28-09.21.45:065][682]LogDirectoryWatcher: A directory notification for '../../../Engine/Plugins/2D/Paper2D/Content/' was aborted.
[2018.03.28-09.21.45:065][682]LogDirectoryWatcher: A directory notification for '../../../Engine/Plugins/Media/MediaCompositing/Content/' was aborted.
[2018.03.28-09.21.45:065][682]LogDirectoryWatcher: A directory notification for '../../../Engine/Plugins/Runtime/Oculus/OculusVR/Content/' was aborted.
[2018.03.28-09.21.45:065][682]LogDirectoryWatcher: A directory notification for '../../../Engine/Plugins/Runtime/Steam/SteamVR/Content/' was aborted.
[2018.03.28-09.21.45:136][682]LogExit: Object subsystem successfully closed.
[2018.03.28-09.21.45:158][682]LogD3D11RHI: Shutdown
[2018.03.28-09.21.45:158][682]LogD3D11RHI: CleanupD3DDevice
[2018.03.28-09.21.45:162][682]LogD3D11RHI: ~FD3D11DynamicRHI
[2018.03.28-09.21.45:170][682]LogModuleManager: Shutting down and abandoning module HierarchicalLODOutliner (544)
[2018.03.28-09.21.45:170][682]LogModuleManager: Shutting down and abandoning module SceneOutliner (542)
[2018.03.28-09.21.45:170][682]LogModuleManager: Shutting down and abandoning module AddContentDialog (540)
[2018.03.28-09.21.45:170][682]LogDirectoryWatcher: A directory notification for 'D:/UE_4.18/UE_4.18/FeaturePacks/' was aborted.
[2018.03.28-09.21.45:171][682]LogModuleManager: Shutting down and abandoning module WidgetCarousel (539)
[2018.03.28-09.21.45:171][682]LogModuleManager: Shutting down and abandoning module EditorWidgets (536)
[2018.03.28-09.21.45:171][682]LogModuleManager: Shutting down and abandoning module CollectionManager (534)
[2018.03.28-09.21.45:171][682]LogDirectoryWatcher: A directory notification for 'C:/Users/SEKRIT GAMES/Documents/TornTower/Content/Collections/' was aborted.
[2018.03.28-09.21.45:171][682]LogDirectoryWatcher: A directory notification for 'C:/Users/SEKRIT GAMES/Documents/TornTower/Content/Developers/SEKRITGAMES/Collections/' was aborted.
[2018.03.28-09.21.45:171][682]LogDirectoryWatcher: A directory notification for 'C:/Users/SEKRIT GAMES/Documents/TornTower/Saved/Collections/' was aborted.
[2018.03.28-09.21.45:171][682]LogModuleManager: Shutting down and abandoning module StatsViewer (532)
[2018.03.28-09.21.45:171][682]LogModuleManager: Shutting down and abandoning module FoliageEdit (530)
[2018.03.28-09.21.45:171][682]LogModuleManager: Shutting down and abandoning module LandscapeEditor (528)
[2018.03.28-09.21.45:171][682]LogModuleManager: Shutting down and abandoning module MeshPaintMode (526)
[2018.03.28-09.21.45:172][682]LogModuleManager: Shutting down and abandoning module SceneDepthPickerMode (524)
[2018.03.28-09.21.45:172][682]LogModuleManager: Shutting down and abandoning module ActorPickerMode (522)
[2018.03.28-09.21.45:172][682]LogModuleManager: Shutting down and abandoning module GeometryMode (520)
[2018.03.28-09.21.45:172][682]LogModuleManager: Shutting down and abandoning module TextureAlignMode (518)
[2018.03.28-09.21.45:172][682]LogModuleManager: Shutting down and abandoning module BspMode (516)
[2018.03.28-09.21.45:172][682]LogModuleManager: Shutting down and abandoning module PIEPreviewDeviceProfileSelector (514)
[2018.03.28-09.21.45:172][682]LogModuleManager: Shutting down and abandoning module HardwareSurvey (512)
[2018.03.28-09.21.45:172][682]LogModuleManager: Shutting down and abandoning module SequenceRecorderSections (510)
[2018.03.28-09.21.45:172][682]LogModuleManager: Shutting down and abandoning module AutomationWorker (508)
[2018.03.28-09.21.45:172][682]LogModuleManager: Shutting down and abandoning module MatineeToLevelSequence (506)
[2018.03.28-09.21.45:172][682]LogModuleManager: Shutting down and abandoning module LevelSequenceEditor (504)
[2018.03.28-09.21.45:172][682]LogModuleManager: Shutting down and abandoning module PlacementMode (503)
[2018.03.28-09.21.45:172][682]LogModuleManager: Shutting down and abandoning module WmfMediaFactory (500)
[2018.03.28-09.21.45:172][682]LogModuleManager: Shutting down and abandoning module WmfMediaEditor (498)
[2018.03.28-09.21.45:172][682]LogModuleManager: Shutting down and abandoning module OpenExrWrapper (496)
[2018.03.28-09.21.45:172][682]LogModuleManager: Shutting down and abandoning module ImgMediaFactory (494)
[2018.03.28-09.21.45:172][682]LogModuleManager: Shutting down and abandoning module ImgMediaEditor (492)
[2018.03.28-09.21.45:172][682]LogModuleManager: Shutting down and abandoning module AvfMediaFactory (490)
[2018.03.28-09.21.45:172][682]LogModuleManager: Shutting down and abandoning module AvfMediaEditor (488)
[2018.03.28-09.21.45:172][682]LogModuleManager: Shutting down and abandoning module CharacterAI (486)
[2018.03.28-09.21.45:172][682]LogModuleManager: Shutting down and abandoning module AudioCapture (484)
[2018.03.28-09.21.45:172][682]LogModuleManager: Shutting down and abandoning module SequenceRecorder (483)
[2018.03.28-09.21.45:172][682]LogModuleManager: Shutting down and abandoning module SmartSnapping (480)
[2018.03.28-09.21.45:172][682]LogModuleManager: Shutting down and abandoning module SessionServices (478)
[2018.03.28-09.21.45:172][682]LogModuleManager: Shutting down and abandoning module ViewportSnapping (476)
[2018.03.28-09.21.45:172][682]LogModuleManager: Shutting down and abandoning module ViewportInteraction (474)
[2018.03.28-09.21.45:172][682]LogModuleManager: Shutting down and abandoning module ClothPainter (472)
[2018.03.28-09.21.45:172][682]LogModuleManager: Shutting down and abandoning module SkeletalMeshEditor (471)
[2018.03.28-09.21.45:172][682]LogModuleManager: Shutting down and abandoning module LogVisualizer (468)
[2018.03.28-09.21.45:172][682]LogModuleManager: Shutting down and abandoning module IntroTutorials (466)
[2018.03.28-09.21.45:172][682]LogModuleManager: Shutting down and abandoning module GameProjectGeneration (465)
[2018.03.28-09.21.45:172][682]LogModuleManager: Shutting down and abandoning module IOSPlatformEditor (462)
[2018.03.28-09.21.45:172][682]LogModuleManager: Shutting down and abandoning module HTML5PlatformEditor (460)
[2018.03.28-09.21.45:172][682]LogModuleManager: Shutting down and abandoning module AndroidPlatformEditor (458)
[2018.03.28-09.21.45:172][682]LogModuleManager: Shutting down and abandoning module AndroidDeviceDetection (457)
[2018.03.28-09.21.45:374][682]LogModuleManager: Shutting down and abandoning module WindowsPlatformEditor (454)
[2018.03.28-09.21.45:374][682]LogModuleManager: Shutting down and abandoning module IOSRuntimeSettings (452)
[2018.03.28-09.21.45:374][682]LogModuleManager: Shutting down and abandoning module AndroidRuntimeSettings (450)
[2018.03.28-09.21.45:374][682]LogModuleManager: Shutting down and abandoning module InputBindingEditor (448)
[2018.03.28-09.21.45:374][682]LogModuleManager: Shutting down and abandoning module MergeActors (446)
[2018.03.28-09.21.45:374][682]LogModuleManager: Shutting down and abandoning module SizeMap (444)
[2018.03.28-09.21.45:374][682]LogModuleManager: Shutting down and abandoning module TreeMap (442)
[2018.03.28-09.21.45:374][682]LogModuleManager: Shutting down and abandoning module ReferenceViewer (440)
[2018.03.28-09.21.45:374][682]LogModuleManager: Shutting down and abandoning module LocalizationDashboard (438)
[2018.03.28-09.21.45:374][682]LogModuleManager: Shutting down and abandoning module LocalizationService (437)
[2018.03.28-09.21.45:374][682]LogModuleManager: Shutting down and abandoning module HardwareTargeting (434)
[2018.03.28-09.21.45:374][682]LogModuleManager: Shutting down and abandoning module DeviceProfileEditor (432)
[2018.03.28-09.21.45:374][682]LogModuleManager: Shutting down and abandoning module UndoHistory (430)
[2018.03.28-09.21.45:374][682]LogModuleManager: Shutting down and abandoning module XmlParser (428)
[2018.03.28-09.21.45:374][682]LogModuleManager: Shutting down and abandoning module Blutility (426)
[2018.03.28-09.21.45:374][682]LogModuleManager: Shutting down and abandoning module ProjectSettingsViewer (424)
[2018.03.28-09.21.45:374][682]LogModuleManager: Shutting down and abandoning module ProjectTargetPlatformEditor (423)
[2018.03.28-09.21.45:375][682]LogModuleManager: Shutting down and abandoning module EditorSettingsViewer (420)
[2018.03.28-09.21.45:375][682]LogModuleManager: Shutting down and abandoning module SettingsEditor (418)
[2018.03.28-09.21.45:375][682]LogModuleManager: Shutting down and abandoning module ProjectLauncher (416)
[2018.03.28-09.21.45:375][682]LogModuleManager: Shutting down and abandoning module SessionFrontend (414)
[2018.03.28-09.21.45:375][682]LogModuleManager: Shutting down and abandoning module ProfilerClient (412)
[2018.03.28-09.21.45:375][682]LogModuleManager: Shutting down and abandoning module DeviceManager (410)
[2018.03.28-09.21.45:375][682]LogModuleManager: Shutting down and abandoning module TargetDeviceServices (409)
[2018.03.28-09.21.45:442][682]LogModuleManager: Shutting down and abandoning module AutomationController (406)
[2018.03.28-09.21.45:442][682]LogModuleManager: Shutting down and abandoning module AutomationWindow (404)
[2018.03.28-09.21.45:442][682]LogModuleManager: Shutting down and abandoning module Layers (402)
[2018.03.28-09.21.45:442][682]LogModuleManager: Shutting down and abandoning module ComponentVisualizers (400)
[2018.03.28-09.21.45:442][682]LogModuleManager: Shutting down and abandoning module DetailCustomizations (398)
[2018.03.28-09.21.45:442][682]LogModuleManager: Shutting down and abandoning module PackagesDialog (396)
[2018.03.28-09.21.45:442][682]LogModuleManager: Shutting down and abandoning module Persona (394)
[2018.03.28-09.21.45:442][682]LogModuleManager: Shutting down and abandoning module AdvancedPreviewScene (393)
[2018.03.28-09.21.45:442][682]LogModuleManager: Shutting down and abandoning module AnimGraph (391)
[2018.03.28-09.21.45:442][682]LogModuleManager: Shutting down and abandoning module Kismet (388)
[2018.03.28-09.21.45:449][682]LogModuleManager: Shutting down and abandoning module ClassViewer (386)
[2018.03.28-09.21.45:450][682]LogModuleManager: Shutting down and abandoning module Toolbox (384)
[2018.03.28-09.21.45:450][682]LogModuleManager: Shutting down and abandoning module ModuleUI (382)
[2018.03.28-09.21.45:450][682]LogModuleManager: Shutting down and abandoning module MovieSceneTools (380)
[2018.03.28-09.21.45:450][682]LogModuleManager: Shutting down and abandoning module OutputLog (378)
[2018.03.28-09.21.45:450][682]LogModuleManager: Shutting down and abandoning module GammaUI (376)
[2018.03.28-09.21.45:450][682]LogModuleManager: Shutting down and abandoning module Documentation (374)
[2018.03.28-09.21.45:450][682]LogModuleManager: Shutting down and abandoning module MovieSceneTracks (372)
[2018.03.28-09.21.45:450][682]LogModuleManager: Shutting down and abandoning module MovieScene (370)
[2018.03.28-09.21.45:450][682]LogModuleManager: Shutting down and abandoning module StreamingPauseRendering (368)
[2018.03.28-09.21.45:450][682]LogModuleManager: Shutting down and abandoning module LauncherPlatform (366)
[2018.03.28-09.21.45:450][682]LogModuleManager: Shutting down and abandoning module AnalyticsET (364)
[2018.03.28-09.21.45:450][682]LogModuleManager: Shutting down and abandoning module PortalServices (362)
[2018.03.28-09.21.45:450][682]LogModuleManager: Shutting down and abandoning module PortalRpc (360)
[2018.03.28-09.21.45:450][682]LogModuleManager: Shutting down and abandoning module MessagingRpc (358)
[2018.03.28-09.21.45:450][682]LogModuleManager: Shutting down and abandoning module AIModule (356)
[2018.03.28-09.21.45:450][682]LogModuleManager: Shutting down and abandoning module GameplayDebugger (355)
[2018.03.28-09.21.45:450][682]LogModuleManager: Shutting down and abandoning module AITestSuite (353)
[2018.03.28-09.21.45:450][682]LogModuleManager: Shutting down and abandoning module DesktopPlatform (350)
[2018.03.28-09.21.45:450][682]LogModuleManager: Shutting down and abandoning module ProfilerService (348)
[2018.03.28-09.21.45:616][682]LogModuleManager: Shutting down and abandoning module TaskGraph (346)
[2018.03.28-09.21.45:616][682]LogModuleManager: Shutting down and abandoning module SteamVRController (344)
[2018.03.28-09.21.45:616][682]LogModuleManager: Shutting down and abandoning module ProceduralMeshComponentEditor (342)
[2018.03.28-09.21.45:616][682]LogModuleManager: Shutting down and abandoning module ProceduralMeshComponent (340)
[2018.03.28-09.21.45:616][682]LogModuleManager: Shutting down and abandoning module OculusInput (338)
[2018.03.28-09.21.45:616][682]LogModuleManager: Shutting down and abandoning module CustomMeshComponent (336)
[2018.03.28-09.21.45:616][682]LogModuleManager: Shutting down and abandoning module CableComponent (334)
[2018.03.28-09.21.45:616][682]LogModuleManager: Shutting down and abandoning module ArchVisCharacter (332)
[2018.03.28-09.21.45:616][682]LogModuleManager: Shutting down and abandoning module ActorSequence (330)
[2018.03.28-09.21.45:616][682]LogModuleManager: Shutting down and abandoning module MediaPlayerEditor (328)
[2018.03.28-09.21.45:616][682]LogModuleManager: Shutting down and abandoning module MediaCompositingEditor (326)
[2018.03.28-09.21.45:617][682]LogModuleManager: Shutting down and abandoning module MediaCompositing (324)
[2018.03.28-09.21.45:617][682]LogModuleManager: Shutting down and abandoning module SubsystemConfigurator (322)
[2018.03.28-09.21.45:617][682]LogModuleManager: Shutting down and abandoning module HTML5Networking (320)
[2018.03.28-09.21.45:617][682]LogModuleManager: Shutting down and abandoning module AlembicImporter (318)
[2018.03.28-09.21.45:617][682]LogModuleManager: Shutting down and abandoning module AlembicLibrary (317)
[2018.03.28-09.21.45:617][682]LogModuleManager: Shutting down and abandoning module GeometryCache (316)
[2018.03.28-09.21.45:617][682]LogModuleManager: Shutting down and abandoning module GeometryCacheEd (315)
[2018.03.28-09.21.45:617][682]LogModuleManager: Shutting down and abandoning module SpeedTreeImporter (310)
[2018.03.28-09.21.45:617][682]LogModuleManager: Shutting down and abandoning module PluginBrowser (308)
[2018.03.28-09.21.45:617][682]LogModuleManager: Shutting down and abandoning module VisualStudioSourceCodeAccess (306)
[2018.03.28-09.21.45:617][682]LogModuleManager: Shutting down and abandoning module VisualStudioCodeSourceCodeAccess (304)
[2018.03.28-09.21.45:617][682]LogModuleManager: Shutting down and abandoning module UObjectPlugin (302)
[2018.03.28-09.21.45:617][682]LogModuleManager: Shutting down and abandoning module SubversionSourceControl (300)
[2018.03.28-09.21.45:617][682]LogModuleManager: Shutting down and abandoning module PerforceSourceControl (298)
[2018.03.28-09.21.45:617][682]LogModuleManager: Shutting down and abandoning module GitSourceControl (296)
[2018.03.28-09.21.45:617][682]LogModuleManager: Shutting down and abandoning module SourceControl (295)
[2018.03.28-09.21.45:617][682]LogModuleManager: Shutting down and abandoning module LightPropagationVolumeEditor (292)
[2018.03.28-09.21.45:617][682]LogModuleManager: Shutting down and abandoning module PaperTiledImporter (290)
[2018.03.28-09.21.45:617][682]LogModuleManager: Shutting down and abandoning module PaperSpriteSheetImporter (288)
[2018.03.28-09.21.45:617][682]LogModuleManager: Shutting down and abandoning module Paper2DEditor (286)
[2018.03.28-09.21.45:617][682]LogModuleManager: Shutting down and abandoning module MeshPaint (285)
[2018.03.28-09.21.45:617][682]LogModuleManager: Shutting down and abandoning module LevelEditor (283)
[2018.03.28-09.21.45:618][682]LogModuleManager: Shutting down and abandoning module PixelInspectorModule (282)
[2018.03.28-09.21.45:618][682]LogModuleManager: Shutting down and abandoning module MainFrame (280)
[2018.03.28-09.21.45:618][682]LogModuleManager: Shutting down and abandoning module HotReload (279)
[2018.03.28-09.21.45:618][682]LogModuleManager: Shutting down and abandoning module RuntimePhysXCooking (274)
[2018.03.28-09.21.45:618][682]LogModuleManager: Shutting down and abandoning module PhysXVehiclesEditor (272)
[2018.03.28-09.21.45:618][682]LogModuleManager: Shutting down and abandoning module PhysXVehicles (270)
[2018.03.28-09.21.45:618][682]LogModuleManager: Shutting down and abandoning module OculusEditor (268)
[2018.03.28-09.21.45:618][682]LogModuleManager: Shutting down and abandoning module ImmediatePhysicsEditor (266)
[2018.03.28-09.21.45:619][682]LogModuleManager: Shutting down and abandoning module ImmediatePhysics (264)
[2018.03.28-09.21.45:619][682]LogModuleManager: Shutting down and abandoning module ApexDestructionEditor (262)
[2018.03.28-09.21.45:619][682]LogModuleManager: Shutting down and abandoning module ApexDestruction (260)
[2018.03.28-09.21.45:619][682]LogModuleManager: Shutting down and abandoning module UdpMessaging (258)
[2018.03.28-09.21.45:720][682]LogModuleManager: Shutting down and abandoning module TcpMessaging (256)
[2018.03.28-09.21.45:820][682]LogModuleManager: Shutting down and abandoning module GameplayTagsEditor (254)
[2018.03.28-09.21.45:820][682]LogModuleManager: Shutting down and abandoning module FacialAnimationEditor (252)
[2018.03.28-09.21.45:820][682]LogModuleManager: Shutting down and abandoning module FacialAnimation (250)
[2018.03.28-09.21.45:820][682]LogModuleManager: Shutting down and abandoning module AssetManagerEditor (248)
[2018.03.28-09.21.45:820][682]LogModuleManager: Shutting down and abandoning module GraphEditor (247)
[2018.03.28-09.21.45:820][682]LogModuleManager: Shutting down and abandoning module ContentBrowser (245)
[2018.03.28-09.21.45:821][682]LogModuleManager: Shutting down and abandoning module LightPropagationVolumeRuntime (242)
[2018.03.28-09.21.45:821][682]LogModuleManager: Shutting down and abandoning module AdvancedSteamSessions (240)
[2018.03.28-09.21.45:821][682]LogModuleManager: Shutting down and abandoning module AdvancedSessions (238)
[2018.03.28-09.21.45:821][682]LogModuleManager: Shutting down and abandoning module Paper2D (236)
[2018.03.28-09.21.45:821][682]LogModuleManager: Shutting down and abandoning module WindowsMoviePlayer (234)
[2018.03.28-09.21.45:821][682]LogModuleManager: Shutting down and abandoning module WmfMedia (232)
[2018.03.28-09.21.45:823][682]LogModuleManager: Shutting down and abandoning module ImgMedia (230)
[2018.03.28-09.21.45:823][682]LogModuleManager: Shutting down and abandoning module PacketHandler (228)
[2018.03.28-09.21.45:823][682]LogModuleManager: Shutting down and abandoning module ClothingSystemEditor (226)
[2018.03.28-09.21.45:823][682]LogModuleManager: Shutting down and abandoning module ClothingSystemRuntime (224)
[2018.03.28-09.21.45:823][682]LogModuleManager: Shutting down and abandoning module MediaAssets (222)
[2018.03.28-09.21.45:823][682]LogModuleManager: Shutting down and abandoning module Media (221)
[2018.03.28-09.21.45:829][682]LogModuleManager: Shutting down and abandoning module Overlay (218)
[2018.03.28-09.21.45:829][682]LogModuleManager: Shutting down and abandoning module OverlayEditor (217)
[2018.03.28-09.21.45:829][682]LogModuleManager: Shutting down and abandoning module VREditor (214)
[2018.03.28-09.21.45:829][682]LogModuleManager: Shutting down and abandoning module StringTableEditor (212)
[2018.03.28-09.21.45:829][682]LogModuleManager: Shutting down and abandoning module GameplayTasksEditor (210)
[2018.03.28-09.21.45:829][682]LogModuleManager: Shutting down and abandoning module BehaviorTreeEditor (208)
[2018.03.28-09.21.45:829][682]LogModuleManager: Shutting down and abandoning module FunctionalTesting (206)
[2018.03.28-09.21.45:829][682]LogModuleManager: Shutting down and abandoning module CollisionAnalyzer (204)
[2018.03.28-09.21.45:829][682]LogModuleManager: Shutting down and abandoning module WorkspaceMenuStructure (203)
[2018.03.28-09.21.45:829][682]LogModuleManager: Shutting down and abandoning module UMG (200)
[2018.03.28-09.21.45:829][682]LogModuleManager: Shutting down and abandoning module UMGEditor (199)
[2018.03.28-09.21.45:830][682]LogModuleManager: Shutting down and abandoning module Sequencer (198)
[2018.03.28-09.21.45:830][682]LogModuleManager: Shutting down and abandoning module MessageLog (195)
[2018.03.28-09.21.45:830][682]LogModuleManager: Shutting down and abandoning module SlateReflector (190)
[2018.03.28-09.21.45:830][682]LogModuleManager: Shutting down and abandoning module Slate (188)
[2018.03.28-09.21.45:830][682]LogModuleManager: Shutting down and abandoning module EditorStyle (186)
[2018.03.28-09.21.45:831][682]LogModuleManager: Shutting down and abandoning module MRMesh (184)
[2018.03.28-09.21.45:831][682]LogModuleManager: Shutting down and abandoning module SourceCodeAccess (182)
[2018.03.28-09.21.45:831][682]LogModuleManager: Shutting down and abandoning module HeadMountedDisplay (180)
[2018.03.28-09.21.45:831][682]LogModuleManager: Shutting down and abandoning module XAudio2 (178)
[2018.03.28-09.21.45:831][682]LogModuleManager: Shutting down and abandoning module Networking (176)
[2018.03.28-09.21.45:831][682]LogModuleManager: Shutting down and abandoning module Core (174)
[2018.03.28-09.21.45:831][682]LogModuleManager: Shutting down and abandoning module LevelSequence (170)
[2018.03.28-09.21.45:832][682]LogModuleManager: Shutting down and abandoning module DirectoryWatcher (168)
[2018.03.28-09.21.45:833][682]LogModuleManager: Shutting down and abandoning module KismetCompiler (166)
[2018.03.28-09.21.45:833][682]LogModuleManager: Shutting down and abandoning module MeshUtilities (164)
[2018.03.28-09.21.45:833][682]LogModuleManager: Shutting down and abandoning module MeshMergeUtilities (163)
[2018.03.28-09.21.45:833][682]LogModuleManager: Shutting down and abandoning module MeshReductionInterface (162)
[2018.03.28-09.21.45:833][682]LogModuleManager: Shutting down and abandoning module SimplygonSwarm (161)
[2018.03.28-09.21.45:833][682]LogModuleManager: Shutting down and abandoning module SimplygonMeshReduction (159)
[2018.03.28-09.21.45:833][682]LogModuleManager: Shutting down and abandoning module QuadricMeshReduction (157)
[2018.03.28-09.21.45:833][682]LogModuleManager: Shutting down and abandoning module MaterialBaking (153)
[2018.03.28-09.21.45:833][682]LogModuleManager: Shutting down and abandoning module DerivedDataCache (150)
[2018.03.28-09.21.45:857][682]LogDerivedDataCache: Shutdown
[2018.03.28-09.21.45:857][682]LogModuleManager: Shutting down and abandoning module TargetPlatform (148)
[2018.03.28-09.21.45:857][682]LogModuleManager: Shutting down and abandoning module VulkanShaderFormat (147)
[2018.03.28-09.21.45:857][682]LogModuleManager: Shutting down and abandoning module ShaderFormatVectorVM (145)
[2018.03.28-09.21.45:857][682]LogModuleManager: Shutting down and abandoning module ShaderFormatOpenGL (143)
[2018.03.28-09.21.45:857][682]LogModuleManager: Shutting down and abandoning module ShaderFormatD3D (141)
[2018.03.28-09.21.45:857][682]LogModuleManager: Shutting down and abandoning module MetalShaderFormat (139)
[2018.03.28-09.21.45:857][682]LogModuleManager: Shutting down and abandoning module TextureFormatUncompressed (137)
[2018.03.28-09.21.45:857][682]LogModuleManager: Shutting down and abandoning module TextureFormatPVR (135)
[2018.03.28-09.21.45:857][682]LogModuleManager: Shutting down and abandoning module TextureFormatDXT (133)
[2018.03.28-09.21.45:857][682]LogModuleManager: Shutting down and abandoning module TextureFormatIntelISPCTexComp (131)
[2018.03.28-09.21.45:857][682]LogModuleManager: Shutting down and abandoning module TextureFormatASTC (129)
[2018.03.28-09.21.45:857][682]LogModuleManager: Shutting down and abandoning module ImageWrapper (128)
[2018.03.28-09.21.45:857][682]LogModuleManager: Shutting down and abandoning module TextureFormatAndroid (125)
[2018.03.28-09.21.45:857][682]LogModuleManager: Shutting down and abandoning module AudioFormatOpus (123)
[2018.03.28-09.21.45:857][682]LogModuleManager: Shutting down and abandoning module AudioFormatOgg (121)
[2018.03.28-09.21.45:857][682]LogModuleManager: Shutting down and abandoning module AudioFormatADPCM (119)
[2018.03.28-09.21.45:857][682]LogModuleManager: Shutting down and abandoning module LinuxTargetPlatform (117)
[2018.03.28-09.21.45:858][682]LogModuleManager: Shutting down and abandoning module LinuxServerTargetPlatform (115)
[2018.03.28-09.21.45:858][682]LogModuleManager: Shutting down and abandoning module LinuxNoEditorTargetPlatform (113)
[2018.03.28-09.21.45:858][682]LogModuleManager: Shutting down and abandoning module LinuxClientTargetPlatform (111)
[2018.03.28-09.21.45:858][682]LogModuleManager: Shutting down and abandoning module TVOSTargetPlatform (109)
[2018.03.28-09.21.45:858][682]LogModuleManager: Shutting down and abandoning module Messaging (107)
[2018.03.28-09.21.45:858][682]LogModuleManager: Shutting down and abandoning module IOSTargetPlatform (105)
[2018.03.28-09.21.45:858][682]LogModuleManager: Shutting down and abandoning module HTML5TargetPlatform (103)
[2018.03.28-09.21.45:858][682]LogModuleManager: Shutting down and abandoning module AndroidTargetPlatform (101)
[2018.03.28-09.21.45:858][682]LogModuleManager: Shutting down and abandoning module Android_PVRTCTargetPlatform (99)
[2018.03.28-09.21.45:858][682]LogModuleManager: Shutting down and abandoning module Android_MultiTargetPlatform (97)
[2018.03.28-09.21.45:858][682]LogModuleManager: Shutting down and abandoning module Android_ETC2TargetPlatform (95)
[2018.03.28-09.21.45:858][682]LogModuleManager: Shutting down and abandoning module Android_ETC1TargetPlatform (93)
[2018.03.28-09.21.45:858][682]LogModuleManager: Shutting down and abandoning module Android_DXTTargetPlatform (91)
[2018.03.28-09.21.45:858][682]LogModuleManager: Shutting down and abandoning module Android_ATCTargetPlatform (89)
[2018.03.28-09.21.45:858][682]LogModuleManager: Shutting down and abandoning module Android_ASTCTargetPlatform (87)
[2018.03.28-09.21.45:858][682]LogModuleManager: Shutting down and abandoning module WindowsTargetPlatform (85)
[2018.03.28-09.21.45:858][682]LogModuleManager: Shutting down and abandoning module WindowsServerTargetPlatform (83)
[2018.03.28-09.21.45:858][682]LogModuleManager: Shutting down and abandoning module WindowsNoEditorTargetPlatform (81)
[2018.03.28-09.21.45:858][682]LogModuleManager: Shutting down and abandoning module WindowsClientTargetPlatform (79)
[2018.03.28-09.21.45:858][682]LogModuleManager: Shutting down and abandoning module MacTargetPlatform (77)
[2018.03.28-09.21.45:858][682]LogModuleManager: Shutting down and abandoning module MacServerTargetPlatform (75)
[2018.03.28-09.21.45:858][682]LogModuleManager: Shutting down and abandoning module MacNoEditorTargetPlatform (73)
[2018.03.28-09.21.45:858][682]LogModuleManager: Shutting down and abandoning module MacClientTargetPlatform (71)
[2018.03.28-09.21.45:858][682]LogModuleManager: Shutting down and abandoning module AllDesktopTargetPlatform (69)
[2018.03.28-09.21.45:858][682]LogModuleManager: Shutting down and abandoning module InputCore (66)
[2018.03.28-09.21.45:858][682]LogModuleManager: Shutting down and abandoning module Settings (64)
[2018.03.28-09.21.45:859][682]LogModuleManager: Shutting down and abandoning module PhysXCooking (62)
[2018.03.28-09.21.45:859][682]LogModuleManager: Shutting down and abandoning module SteamVR (60)
[2018.03.28-09.21.45:859][682]LogModuleManager: Shutting down and abandoning module OculusHMD (58)
[2018.03.28-09.21.45:859][682]LogModuleManager: Shutting down and abandoning module ExampleDeviceProfileSelector (56)
[2018.03.28-09.21.45:859][682]LogModuleManager: Shutting down and abandoning module OnlineBlueprintSupport (54)
[2018.03.28-09.21.45:859][682]LogModuleManager: Shutting down and abandoning module OnlineSubsystem (50)
[2018.03.28-09.21.45:859][682]LogOnline: Display: OSS: FOnlineSubsystemNull::Shutdown()
[2018.03.28-09.21.45:859][682]LogOnline: Display: OSS: FOnlineAsyncTaskManager::Stop() ActiveTask:0000000000000000 Tasks[0/0]
[2018.03.28-09.21.45:859][682]LogOnline: Display: OSS: FOnlineAsyncTaskManager::Exit() started
[2018.03.28-09.21.45:859][682]LogOnline: Display: OSS: FOnlineAsyncTaskManager::Exit() finished
[2018.03.28-09.21.45:859][682]LogModuleManager: Shutting down and abandoning module XMPP (43)
[2018.03.28-09.21.45:859][682]LogModuleManager: Shutting down and abandoning module HTTP (41)
[2018.03.28-09.21.45:859][682]LogHttp: Display: Http module shutting down, but needs to wait on 1 outstanding Http requests:
[2018.03.28-09.21.45:859][682]LogHttp: Display: 	verb=[POST] url=[https://datarouter.ol.epicgames.com/datarouter/api/v1/public/data?SessionID=%7B7EBE9CEF-4EE3-2A5E-CC47-F6AEF276A26F%7D&AppID=UEEditor.Rocket.Release&AppVersion=4.18.2-3794801%2B%2B%2BUE4%2BRelease-4.18&UserID=fbbffc5744133cc4d3a071a65f2c9bb5%7Ca817984f0d3c4b24ba4cbec2f17b8039%7Cb592da37-2a70-40fa-bf8d-0b3acf2d4769&AppEnvironment=datacollector-binary&UploadType=eteventstream] status=Processing
[2018.03.28-09.21.45:870][682]LogModuleManager: Shutting down and abandoning module SSL (40)
[2018.03.28-09.21.45:871][682]LogModuleManager: Shutting down and abandoning module AnimationModifiers (36)
[2018.03.28-09.21.45:871][682]LogModuleManager: Shutting down and abandoning module PropertyEditor (35)
[2018.03.28-09.21.45:871][682]LogModuleManager: Shutting down and abandoning module AudioEditor (32)
[2018.03.28-09.21.45:871][682]LogModuleManager: Shutting down and abandoning module TextureCompressor (30)
[2018.03.28-09.21.45:871][682]LogModuleManager: Shutting down and abandoning module ShaderCore (28)
[2018.03.28-09.21.45:871][682]LogModuleManager: Shutting down and abandoning module Landscape (26)
[2018.03.28-09.21.45:871][682]LogModuleManager: Shutting down and abandoning module SlateRHIRenderer (24)
[2018.03.28-09.21.45:872][682]LogModuleManager: Shutting down and abandoning module OpenGLDrv (22)
[2018.03.28-09.21.45:872][682]LogModuleManager: Shutting down and abandoning module D3D11RHI (20)
[2018.03.28-09.21.45:872][682]LogModuleManager: Shutting down and abandoning module AnimGraphRuntime (18)
[2018.03.28-09.21.45:872][682]LogModuleManager: Shutting down and abandoning module Renderer (16)
[2018.03.28-09.21.45:872][682]LogModuleManager: Shutting down and abandoning module Engine (14)
[2018.03.28-09.21.45:872][682]LogModuleManager: Shutting down and abandoning module CoreUObject (12)
[2018.03.28-09.21.45:872][682]LogModuleManager: Shutting down and abandoning module NetworkFile (10)
[2018.03.28-09.21.45:872][682]LogModuleManager: Shutting down and abandoning module CookedIterativeFile (8)
[2018.03.28-09.21.45:872][682]LogModuleManager: Shutting down and abandoning module StreamingFile (6)
[2018.03.28-09.21.45:872][682]LogModuleManager: Shutting down and abandoning module SandboxFile (4)
[2018.03.28-09.21.45:872][682]LogModuleManager: Shutting down and abandoning module PakFile (2)
[2018.03.28-09.21.45:875][682]LogExit: Exiting.
[2018.03.28-09.21.45:893][682]Log file closed, 03/28/18 10:21:45
