Log file open, 02/12/18 11:34:32
LogWindows: Failed to load 'aqProf.dll' (GetLastError=126)
LogWindows: File 'aqProf.dll' does not exist
LogWindows: Failed to load 'VtuneApi.dll' (GetLastError=126)
LogWindows: File 'VtuneApi.dll' does not exist
LogWindows: Failed to load 'VtuneApi32e.dll' (GetLastError=126)
LogWindows: File 'VtuneApi32e.dll' does not exist
LogInit: Display: Running engine for game: TornTower
LogPlatformFile: Not using cached read wrapper
LogInit: Display: RandInit(909177646) SRandInit(909177646).
LogInit: Read version file with build ID '3709383'
LogInit: Overriding engine version to CL 3794801, compatible CL 3709383
LogInit: Registered custom module enumerator with build ID '3709383'
LogTaskGraph: Started task graph with 5 named threads and 14 total threads with 3 sets of task threads.
LogStats: Stats thread started at 0.232941
LogD3D11RHI: Aftermath initialized
LogModuleManager: Display: Found up-to-date module file ../../../Engine/Plugins/Marketplace/SubsystemConfigurator/Binaries/Win64/UE4Editor-SubsystemConfigurator.dll (API version 3709383).
LogModuleManager: Display: Found up-to-date module file ../../../Engine/Plugins/AdvancedSessions/Binaries/Win64/UE4Editor-AdvancedSessions.dll (API version 3709383).
LogModuleManager: Display: Found up-to-date module file ../../../Engine/Plugins/Online/OnlineSubsystem/Binaries/Win64/UE4Editor-OnlineSubsystem.dll (API version 3709383).
LogModuleManager: Display: Found up-to-date module file ../../../Engine/Plugins/Online/OnlineSubsystemUtils/Binaries/Win64/UE4Editor-OnlineSubsystemUtils.dll (API version 3709383).
LogModuleManager: Display: Found up-to-date module file ../../../Engine/Plugins/Online/OnlineSubsystemUtils/Binaries/Win64/UE4Editor-OnlineBlueprintSupport.dll (API version 3709383).
LogModuleManager: Display: Found up-to-date module file ../../../Engine/Plugins/AdvancedSteamSessions/Binaries/Win64/UE4Editor-AdvancedSteamSessions.dll (API version 3709383).
LogModuleManager: Display: Found up-to-date module file ../../../Engine/Plugins/Online/OnlineSubsystemSteam/Binaries/Win64/UE4Editor-OnlineSubsystemSteam.dll (API version 3709383).
LogModuleManager: Display: Found up-to-date module file ../../../Engine/Plugins/Runtime/ApexDestruction/Binaries/Win64/UE4Editor-ApexDestruction.dll (API version 3709383).
LogModuleManager: Display: Found up-to-date module file ../../../Engine/Plugins/Runtime/ApexDestruction/Binaries/Win64/UE4Editor-ApexDestructionEditor.dll (API version 3709383).
LogModuleManager: Display: Found up-to-date module file ../../../Engine/Plugins/2D/Paper2D/Binaries/Win64/UE4Editor-Paper2D.dll (API version 3709383).
LogModuleManager: Display: Found up-to-date module file ../../../Engine/Plugins/2D/Paper2D/Binaries/Win64/UE4Editor-Paper2DEditor.dll (API version 3709383).
LogModuleManager: Display: Found up-to-date module file ../../../Engine/Plugins/2D/Paper2D/Binaries/Win64/UE4Editor-PaperSpriteSheetImporter.dll (API version 3709383).
LogModuleManager: Display: Found up-to-date module file ../../../Engine/Plugins/2D/Paper2D/Binaries/Win64/UE4Editor-PaperTiledImporter.dll (API version 3709383).
LogModuleManager: Display: Found up-to-date module file ../../../Engine/Plugins/2D/Paper2D/Binaries/Win64/UE4Editor-SmartSnapping.dll (API version 3709383).
LogModuleManager: Display: Found up-to-date module file ../../../Engine/Plugins/Blendables/LightPropagationVolume/Binaries/Win64/UE4Editor-LightPropagationVolumeRuntime.dll (API version 3709383).
LogModuleManager: Display: Found up-to-date module file ../../../Engine/Plugins/Blendables/LightPropagationVolume/Binaries/Win64/UE4Editor-LightPropagationVolumeEditor.dll (API version 3709383).
LogModuleManager: Display: Found up-to-date module file ../../../Engine/Plugins/Developer/GitSourceControl/Binaries/Win64/UE4Editor-GitSourceControl.dll (API version 3709383).
LogModuleManager: Display: Found up-to-date module file ../../../Engine/Plugins/Developer/PerforceSourceControl/Binaries/Win64/UE4Editor-PerforceSourceControl.dll (API version 3709383).
LogModuleManager: Display: Found up-to-date module file ../../../Engine/Plugins/Developer/SubversionSourceControl/Binaries/Win64/UE4Editor-SubversionSourceControl.dll (API version 3709383).
LogModuleManager: Display: Found up-to-date module file ../../../Engine/Plugins/Developer/UObjectPlugin/Binaries/Win64/UE4Editor-UObjectPlugin.dll (API version 3709383).
LogModuleManager: Display: Found up-to-date module file ../../../Engine/Plugins/Developer/VisualStudioCodeSourceCodeAccess/Binaries/Win64/UE4Editor-VisualStudioCodeSourceCodeAccess.dll (API version 3709383).
LogModuleManager: Display: Found up-to-date module file ../../../Engine/Plugins/Developer/VisualStudioSourceCodeAccess/Binaries/Win64/UE4Editor-VisualStudioSourceCodeAccess.dll (API version 3709383).
LogModuleManager: Display: Found up-to-date module file ../../../Engine/Plugins/Editor/AssetManagerEditor/Binaries/Win64/UE4Editor-AssetManagerEditor.dll (API version 3709383).
LogModuleManager: Display: Found up-to-date module file ../../../Engine/Plugins/Editor/AudioCapture/Binaries/Win64/UE4Editor-AudioCapture.dll (API version 3709383).
LogModuleManager: Display: Found up-to-date module file ../../../Engine/Plugins/Editor/FacialAnimation/Binaries/Win64/UE4Editor-FacialAnimation.dll (API version 3709383).
LogModuleManager: Display: Found up-to-date module file ../../../Engine/Plugins/Editor/FacialAnimation/Binaries/Win64/UE4Editor-FacialAnimationEditor.dll (API version 3709383).
LogModuleManager: Display: Found up-to-date module file ../../../Engine/Plugins/Editor/GameplayTagsEditor/Binaries/Win64/UE4Editor-GameplayTagsEditor.dll (API version 3709383).
LogModuleManager: Display: Found up-to-date module file ../../../Engine/Plugins/Editor/PluginBrowser/Binaries/Win64/UE4Editor-PluginBrowser.dll (API version 3709383).
LogModuleManager: Display: Found up-to-date module file ../../../Engine/Plugins/Editor/SpeedTreeImporter/Binaries/Win64/UE4Editor-SpeedTreeImporter.dll (API version 3709383).
LogModuleManager: Display: Found up-to-date module file ../../../Engine/Plugins/Experimental/AlembicImporter/Binaries/Win64/UE4Editor-AlembicImporter.dll (API version 3709383).
LogModuleManager: Display: Found up-to-date module file ../../../Engine/Plugins/Experimental/AlembicImporter/Binaries/Win64/UE4Editor-AlembicLibrary.dll (API version 3709383).
LogModuleManager: Display: Found up-to-date module file ../../../Engine/Plugins/Experimental/CharacterAI/Binaries/Win64/UE4Editor-CharacterAI.dll (API version 3709383).
LogModuleManager: Display: Found up-to-date module file ../../../Engine/Plugins/Experimental/HTML5Networking/Binaries/Win64/UE4Editor-HTML5Networking.dll (API version 3709383).
LogModuleManager: Display: Found up-to-date module file ../../../Engine/Plugins/Media/AvfMedia/Binaries/Win64/UE4Editor-AvfMediaEditor.dll (API version 3709383).
LogModuleManager: Display: Found up-to-date module file ../../../Engine/Plugins/Media/AvfMedia/Binaries/Win64/UE4Editor-AvfMediaFactory.dll (API version 3709383).
LogModuleManager: Display: Found up-to-date module file ../../../Engine/Plugins/Media/AvfMedia/Binaries/Win64/UE4Editor-AvfMediaFactory.dll (API version 3709383).
LogModuleManager: Display: Found up-to-date module file ../../../Engine/Plugins/Media/ImgMedia/Binaries/Win64/UE4Editor-ImgMedia.dll (API version 3709383).
LogModuleManager: Display: Found up-to-date module file ../../../Engine/Plugins/Media/ImgMedia/Binaries/Win64/UE4Editor-ImgMediaEditor.dll (API version 3709383).
LogModuleManager: Display: Found up-to-date module file ../../../Engine/Plugins/Media/ImgMedia/Binaries/Win64/UE4Editor-ImgMediaFactory.dll (API version 3709383).
LogModuleManager: Display: Found up-to-date module file ../../../Engine/Plugins/Media/ImgMedia/Binaries/Win64/UE4Editor-ImgMediaFactory.dll (API version 3709383).
LogModuleManager: Display: Found up-to-date module file ../../../Engine/Plugins/Media/ImgMedia/Binaries/Win64/UE4Editor-OpenExrWrapper.dll (API version 3709383).
LogModuleManager: Display: Found up-to-date module file ../../../Engine/Plugins/Media/MediaCompositing/Binaries/Win64/UE4Editor-MediaCompositing.dll (API version 3709383).
LogModuleManager: Display: Found up-to-date module file ../../../Engine/Plugins/Media/MediaCompositing/Binaries/Win64/UE4Editor-MediaCompositingEditor.dll (API version 3709383).
LogModuleManager: Display: Found up-to-date module file ../../../Engine/Plugins/Media/MediaPlayerEditor/Binaries/Win64/UE4Editor-MediaPlayerEditor.dll (API version 3709383).
LogModuleManager: Display: Found up-to-date module file ../../../Engine/Plugins/Media/WmfMedia/Binaries/Win64/UE4Editor-WmfMedia.dll (API version 3709383).
LogModuleManager: Display: Found up-to-date module file ../../../Engine/Plugins/Media/WmfMedia/Binaries/Win64/UE4Editor-WmfMediaEditor.dll (API version 3709383).
LogModuleManager: Display: Found up-to-date module file ../../../Engine/Plugins/Media/WmfMedia/Binaries/Win64/UE4Editor-WmfMediaFactory.dll (API version 3709383).
LogModuleManager: Display: Found up-to-date module file ../../../Engine/Plugins/Media/WmfMedia/Binaries/Win64/UE4Editor-WmfMediaFactory.dll (API version 3709383).
LogModuleManager: Display: Found up-to-date module file ../../../Engine/Plugins/Messaging/TcpMessaging/Binaries/Win64/UE4Editor-TcpMessaging.dll (API version 3709383).
LogModuleManager: Display: Found up-to-date module file ../../../Engine/Plugins/Messaging/UdpMessaging/Binaries/Win64/UE4Editor-UdpMessaging.dll (API version 3709383).
LogModuleManager: Display: Found up-to-date module file ../../../Engine/Plugins/MovieScene/ActorSequence/Binaries/Win64/UE4Editor-ActorSequence.dll (API version 3709383).
LogModuleManager: Display: Found up-to-date module file ../../../Engine/Plugins/MovieScene/LevelSequenceEditor/Binaries/Win64/UE4Editor-LevelSequenceEditor.dll (API version 3709383).
LogModuleManager: Display: Found up-to-date module file ../../../Engine/Plugins/MovieScene/MatineeToLevelSequence/Binaries/Win64/UE4Editor-MatineeToLevelSequence.dll (API version 3709383).
LogModuleManager: Display: Found up-to-date module file ../../../Engine/Plugins/Online/OnlineSubsystemNull/Binaries/Win64/UE4Editor-OnlineSubsystemNull.dll (API version 3709383).
LogModuleManager: Display: Found up-to-date module file ../../../Engine/Plugins/Runtime/AndroidDeviceProfileSelector/Binaries/Win64/UE4Editor-AndroidDeviceProfileSelector.dll (API version 3709383).
LogModuleManager: Display: Found up-to-date module file ../../../Engine/Plugins/Runtime/ArchVisCharacter/Binaries/Win64/UE4Editor-ArchVisCharacter.dll (API version 3709383).
LogModuleManager: Display: Found up-to-date module file ../../../Engine/Plugins/Runtime/CableComponent/Binaries/Win64/UE4Editor-CableComponent.dll (API version 3709383).
LogModuleManager: Display: Found up-to-date module file ../../../Engine/Plugins/Runtime/CustomMeshComponent/Binaries/Win64/UE4Editor-CustomMeshComponent.dll (API version 3709383).
LogModuleManager: Display: Found up-to-date module file ../../../Engine/Plugins/Runtime/ExampleDeviceProfileSelector/Binaries/Win64/UE4Editor-ExampleDeviceProfileSelector.dll (API version 3709383).
LogModuleManager: Display: Found up-to-date module file ../../../Engine/Plugins/Runtime/ImmediatePhysics/Binaries/Win64/UE4Editor-ImmediatePhysics.dll (API version 3709383).
LogModuleManager: Display: Found up-to-date module file ../../../Engine/Plugins/Runtime/ImmediatePhysics/Binaries/Win64/UE4Editor-ImmediatePhysicsEditor.dll (API version 3709383).
LogModuleManager: Display: Found up-to-date module file ../../../Engine/Plugins/Runtime/Oculus/OculusVR/Binaries/Win64/UE4Editor-OculusHMD.dll (API version 3709383).
LogModuleManager: Display: Found up-to-date module file ../../../Engine/Plugins/Runtime/Oculus/OculusVR/Binaries/Win64/UE4Editor-OculusInput.dll (API version 3709383).
LogModuleManager: Display: Found up-to-date module file ../../../Engine/Plugins/Runtime/Oculus/OculusVR/Binaries/Win64/UE4Editor-OculusEditor.dll (API version 3709383).
LogModuleManager: Display: Found up-to-date module file ../../../Engine/Plugins/Runtime/PhysXVehicles/Binaries/Win64/UE4Editor-PhysXVehicles.dll (API version 3709383).
LogModuleManager: Display: Found up-to-date module file ../../../Engine/Plugins/Runtime/PhysXVehicles/Binaries/Win64/UE4Editor-PhysXVehiclesEditor.dll (API version 3709383).
LogModuleManager: Display: Found up-to-date module file ../../../Engine/Plugins/Runtime/ProceduralMeshComponent/Binaries/Win64/UE4Editor-ProceduralMeshComponent.dll (API version 3709383).
LogModuleManager: Display: Found up-to-date module file ../../../Engine/Plugins/Runtime/ProceduralMeshComponent/Binaries/Win64/UE4Editor-ProceduralMeshComponentEditor.dll (API version 3709383).
LogModuleManager: Display: Found up-to-date module file ../../../Engine/Plugins/Runtime/RuntimePhysXCooking/Binaries/Win64/UE4Editor-RuntimePhysXCooking.dll (API version 3709383).
LogModuleManager: Display: Found up-to-date module file ../../../Engine/Plugins/Runtime/Steam/SteamVR/Binaries/Win64/UE4Editor-SteamVR.dll (API version 3709383).
LogModuleManager: Display: Found up-to-date module file ../../../Engine/Plugins/Runtime/Steam/SteamVR/Binaries/Win64/UE4Editor-SteamVRController.dll (API version 3709383).
LogModuleManager: Display: Found up-to-date module file ../../../Engine/Plugins/Runtime/WindowsMoviePlayer/Binaries/Win64/UE4Editor-WindowsMoviePlayer.dll (API version 3709383).
LogPluginManager: Mounting plugin Paper2D
LogPluginManager: Mounting plugin AdvancedSessions
LogPluginManager: Mounting plugin AdvancedSteamSessions
LogPluginManager: Mounting plugin LightPropagationVolume
LogPluginManager: Mounting plugin CodeLiteSourceCodeAccess
LogPluginManager: Mounting plugin GitSourceControl
LogPluginManager: Mounting plugin KDevelopSourceCodeAccess
LogPluginManager: Mounting plugin NullSourceCodeAccess
LogPluginManager: Mounting plugin PerforceSourceControl
LogPluginManager: Mounting plugin SubversionSourceControl
LogPluginManager: Mounting plugin UObjectPlugin
LogPluginManager: Mounting plugin VisualStudioCodeSourceCodeAccess
LogPluginManager: Mounting plugin VisualStudioSourceCodeAccess
LogPluginManager: Mounting plugin XCodeSourceCodeAccess
LogPluginManager: Mounting plugin AssetManagerEditor
LogPluginManager: Mounting plugin AudioCapture
LogPluginManager: Mounting plugin FacialAnimation
LogPluginManager: Mounting plugin GameplayTagsEditor
LogPluginManager: Mounting plugin PluginBrowser
LogPluginManager: Mounting plugin SpeedTreeImporter
LogPluginManager: Mounting plugin AlembicImporter
LogPluginManager: Mounting plugin CharacterAI
LogPluginManager: Mounting plugin HTML5Networking
LogPluginManager: Mounting plugin SubsystemConfigurator
LogPluginManager: Mounting plugin AvfMedia
LogPluginManager: Mounting plugin ImgMedia
LogPluginManager: Mounting plugin MediaCompositing
LogPluginManager: Mounting plugin MediaPlayerEditor
LogPluginManager: Mounting plugin WmfMedia
LogPluginManager: Mounting plugin TcpMessaging
LogPluginManager: Mounting plugin UdpMessaging
LogPluginManager: Mounting plugin ActorSequence
LogPluginManager: Mounting plugin LevelSequenceEditor
LogPluginManager: Mounting plugin MatineeToLevelSequence
LogPluginManager: Mounting plugin OnlineSubsystem
LogPluginManager: Mounting plugin OnlineSubsystemNull
LogPluginManager: Mounting plugin OnlineSubsystemSteam
LogPluginManager: Mounting plugin OnlineSubsystemUtils
LogPluginManager: Mounting plugin AndroidDeviceProfileSelector
LogPluginManager: Mounting plugin ApexDestruction
LogPluginManager: Mounting plugin ArchVisCharacter
LogPluginManager: Mounting plugin CableComponent
LogPluginManager: Mounting plugin CustomMeshComponent
LogPluginManager: Mounting plugin ExampleDeviceProfileSelector
LogPluginManager: Mounting plugin GoogleCloudMessaging
LogPluginManager: Mounting plugin ImmediatePhysics
LogPluginManager: Mounting plugin LinuxDeviceProfileSelector
LogPluginManager: Mounting plugin OculusVR
LogPluginManager: Plugin shader directory ../../../Engine/Plugins/Runtime/Oculus/OculusVR/Shaders found
LogPluginManager: Mapping shader source directory ../../../Engine/Plugins/Runtime/Oculus/OculusVR/Shaders to virtual directory /Plugin/OculusVR
LogPluginManager: Mounting plugin PhysXVehicles
LogPluginManager: Mounting plugin ProceduralMeshComponent
LogPluginManager: Mounting plugin RuntimePhysXCooking
LogPluginManager: Mounting plugin SteamVR
LogPluginManager: Mounting plugin WindowsMoviePlayer
LogInit: Using libcurl 7.47.1
LogInit:  - built for x86_64-pc-win32
LogInit:  - supports SSL with OpenSSL/1.0.2g
LogInit:  - supports HTTP deflate (compression) using libz 1.2.8
LogInit:  - other features:
LogInit:      CURL_VERSION_SSL
LogInit:      CURL_VERSION_LIBZ
LogInit:      CURL_VERSION_IPV6
LogInit:      CURL_VERSION_ASYNCHDNS
LogInit:      CURL_VERSION_LARGEFILE
LogInit:      CURL_VERSION_IDN
LogInit:  CurlRequestOptions (configurable via config and command line):
LogInit:  - bVerifyPeer = false  - Libcurl will NOT verify peer certificate
LogInit:  - bUseHttpProxy = false  - Libcurl will NOT use HTTP proxy
LogInit:  - bDontReuseConnections = false  - Libcurl will reuse connections
LogInit:  - CertBundlePath = nullptr  - Libcurl will use whatever was configured at build time.
LogOnline: Display: STEAM: Loading Steam SDK 1.39
LogOnline: Warning: STEAM: Steam API disabled!
LogOnline: Display: STEAM: OnlineSubsystemSteam::Shutdown()
LogInit: WinSock: version 1.1 (2.2), MaxSocks=32767, MaxUdp=65467
LogInit: Build: ++UE4+Release-4.18-CL-3794801
LogInit: Engine Version: 4.18.2-3794801+++UE4+Release-4.18
LogInit: Compatible Engine Version: 4.18.0-3709383+++UE4+Release-4.18
LogInit: Net CL: 3709383
LogDevObjectVersion: Number of dev versions registered: 16
LogDevObjectVersion:   Dev-Blueprints (B0D832E4-1F89-4F0D-ACCF-7EB736FD4AA2): 10
LogDevObjectVersion:   Dev-Build (E1C64328-A22C-4D53-A36C-8E866417BD8C): 0
LogDevObjectVersion:   Dev-Core (375EC13C-06E4-48FB-B500-84F0262A717E): 2
LogDevObjectVersion:   Dev-Editor (E4B068ED-F494-42E9-A231-DA0B2E46BB41): 20
LogDevObjectVersion:   Dev-Framework (CFFC743F-43B0-4480-9391-14DF171D2073): 30
LogDevObjectVersion:   Dev-Mobile (B02B49B5-BB20-44E9-A304-32B752E40360): 0
LogDevObjectVersion:   Dev-Networking (A4E4105C-59A1-49B5-A7C5-40C4547EDFEE): 0
LogDevObjectVersion:   Dev-Online (39C831C9-5AE6-47DC-9A44-9C173E1C8E7C): 0
LogDevObjectVersion:   Dev-Physics (78F01B33-EBEA-4F98-B9B4-84EACCB95AA2): 0
LogDevObjectVersion:   Dev-Platform (6631380F-2D4D-43E0-8009-CF276956A95A): 0
LogDevObjectVersion:   Dev-Rendering (12F88B9F-8875-4AFC-A67C-D90C383ABD29): 20
LogDevObjectVersion:   Dev-Sequencer (7B5AE74C-D270-4C10-A958-57980B212A5A): 4
LogDevObjectVersion:   Dev-VR (D7296918-1DD6-4BDD-9DE2-64A83CC13884): 0
LogDevObjectVersion:   Dev-LoadTimes (C2A15278-BFE7-4AFE-6C17-90FF531DF755): 1
LogDevObjectVersion:   Private-Geometry (6EACA3D4-40EC-4CC1-B786-8BED09428FC5): 1
LogDevObjectVersion:   Dev-AnimPhys (29E575DD-E0A3-4627-9D10-D276232CDCEA): 12
LogInit: Compiled (64-bit): Dec  8 2017 02:04:53
LogInit: Compiled with Visual C++: 19.00.24215.01
LogInit: Build Configuration: Development
LogInit: Branch Name: ++UE4+Release-4.18
LogInit: Command line: 
LogInit: Base directory: D:/Programs/Epic Games/UE_4.18/Engine/Binaries/Win64/
LogInit: Installed Engine Build: 1
LogInit: Presizing for max 8388607 objects, including 0 objects not considered by GC, pre-allocating 0 bytes for permanent pool.
LogInit: Object subsystem initialized
[2018.02.12-11.34.37:783][  0]LogInit: Selected Device Profile: [Windows]
[2018.02.12-11.34.37:783][  0]LogInit: Applying CVar settings loaded from the selected device profile: [Windows]
[2018.02.12-11.34.37:855][  0]LogInit: Computer: DESKTOP-9ECBDQK
[2018.02.12-11.34.37:855][  0]LogInit: User: Matt
[2018.02.12-11.34.37:855][  0]LogInit: CPU Page size=4096, Cores=4
[2018.02.12-11.34.37:855][  0]LogInit: High frequency timer resolution =2.531249 MHz
[2018.02.12-11.34.37:856][  0]LogMemory: Memory total: Physical=15.8GB (16GB approx)
[2018.02.12-11.34.37:856][  0]LogMemory: Platform Memory Stats for Windows
[2018.02.12-11.34.37:856][  0]LogMemory: Process Physical Memory: 274.07 MB used, 274.07 MB peak
[2018.02.12-11.34.37:856][  0]LogMemory: Process Virtual Memory: 269.95 MB used, 269.95 MB peak
[2018.02.12-11.34.37:856][  0]LogMemory: Physical Memory: 4912.45 MB used,  11292.27 MB free, 16204.72 MB total
[2018.02.12-11.34.37:856][  0]LogMemory: Virtual Memory: 680.70 MB used,  11292.27 MB free, 134217728.00 MB total
[2018.02.12-11.34.38:136][  0]LogInit: Using OS detected language (en-GB).
[2018.02.12-11.34.38:136][  0]LogInit: Using OS detected locale (en-GB).
[2018.02.12-11.34.38:160][  0]LogTextLocalizationManager: No specific localization for 'en-GB' exists, so the 'en' localization will be used.
[2018.02.12-11.34.38:997][  0]LogInit: Setting process to per monitor DPI aware
[2018.02.12-11.34.40:697][  0]LogD3D11RHI: D3D11 adapters:
[2018.02.12-11.34.40:777][  0]LogD3D11RHI:    0. 'NVIDIA GeForce GTX 970M' (Feature Level 11_0)
[2018.02.12-11.34.40:777][  0]LogD3D11RHI:       6106/0/8102 MB DedicatedVideo/DedicatedSystem/SharedSystem, Outputs:2, VendorId:0x10de
[2018.02.12-11.34.40:792][  0]LogD3D11RHI:    1. 'Intel(R) HD Graphics 530' (Feature Level 11_0)
[2018.02.12-11.34.40:792][  0]LogD3D11RHI:       128/0/8102 MB DedicatedVideo/DedicatedSystem/SharedSystem, Outputs:0, VendorId:0x8086
[2018.02.12-11.34.40:797][  0]LogD3D11RHI:    2. 'Microsoft Basic Render Driver' (Feature Level 11_0)
[2018.02.12-11.34.40:797][  0]LogD3D11RHI:       0/0/8102 MB DedicatedVideo/DedicatedSystem/SharedSystem, Outputs:0, VendorId:0x1414
[2018.02.12-11.34.40:798][  0]LogD3D11RHI: Chosen D3D11 Adapter: 0
[2018.02.12-11.34.40:809][  0]LogD3D11RHI: Creating new Direct3DDevice
[2018.02.12-11.34.40:809][  0]LogD3D11RHI:     GPU DeviceId: 0x13d8 (for the marketing name, search the web for "GPU Device Id")
[2018.02.12-11.34.40:809][  0]LogWindows: EnumDisplayDevices:
[2018.02.12-11.34.40:809][  0]LogWindows:    0. 'Intel(R) HD Graphics 530' (P:1 D:1)
[2018.02.12-11.34.40:809][  0]LogWindows:    1. 'Intel(R) HD Graphics 530' (P:0 D:0)
[2018.02.12-11.34.40:810][  0]LogWindows:    2. 'Intel(R) HD Graphics 530' (P:0 D:0)
[2018.02.12-11.34.40:810][  0]LogWindows:    3. 'NVIDIA GeForce GTX 970M' (P:0 D:1)
[2018.02.12-11.34.40:810][  0]LogWindows:    4. 'NVIDIA GeForce GTX 970M' (P:0 D:0)
[2018.02.12-11.34.40:810][  0]LogWindows:    5. 'NVIDIA GeForce GTX 970M' (P:0 D:0)
[2018.02.12-11.34.40:811][  0]LogWindows:    6. 'NVIDIA GeForce GTX 970M' (P:0 D:0)
[2018.02.12-11.34.40:811][  0]LogWindows: DebugString: GetVideoDriverDetailsInvalid PrimaryIsNotTheChoosenAdapter GetVideoDriverDetailsInvalid PrimaryIsNotTheChoosenAdapter GetVideoDriverDetailsInvalid PrimaryIsNotTheChoosenAdapter GetVideoDriverDetailsInvalid PrimaryIsNotTheChoosenAdapter GetVideoDriverDetailsInvalid PrimaryIsNotTheChoosenAdapter GetVideoDriverDetailsInvalid PrimaryIsNotTheChoosenAdapter GetVideoDriverDetailsInvalid PrimaryIsNotTheChoosenAdapter FoundDriverCount:0 
[2018.02.12-11.34.40:811][  0]LogD3D11RHI:     Adapter Name: NVIDIA GeForce GTX 970M
[2018.02.12-11.34.40:811][  0]LogD3D11RHI:   Driver Version: Unknown (internal:Unknown, unified:Unknown)
[2018.02.12-11.34.40:811][  0]LogD3D11RHI:      Driver Date: Unknown
[2018.02.12-11.34.40:811][  0]LogRHI: Texture pool is 4274 MB (70% of 6106 MB)
[2018.02.12-11.34.40:862][  0]LogD3D11RHI: Async texture creation enabled
[2018.02.12-11.34.40:882][  0]LogD3D11RHI: GPU Timing Frequency: 1000.000000 (Debug: 2 1)
[2018.02.12-11.34.40:930][  0]LogShaderCompilers: Guid format shader working directory is -11 characters bigger than the processId version (../../../../../../GitHubRepositories/TornTower/TornTower/Intermediate/Shaders/WorkingDirectory/11176/).
[2018.02.12-11.34.40:931][  0]LogShaderCompilers: Cleaned the shader compiler working directory 'C:/Users/awesu/AppData/Local/Temp/UnrealShaderWorkingDir/32456D264430A62D91793F8714CC1B23/'.
[2018.02.12-11.34.40:931][  0]LogShaderCompilers: Display: Using Local Shader Compiler.
[2018.02.12-11.34.43:098][  0]LogTemp: Display: Loaded TP AllDesktopTargetPlatform
[2018.02.12-11.34.43:202][  0]LogTemp: Display: Loaded TP MacClientTargetPlatform
[2018.02.12-11.34.43:307][  0]LogTemp: Display: Loaded TP MacNoEditorTargetPlatform
[2018.02.12-11.34.43:412][  0]LogTemp: Display: Loaded TP MacServerTargetPlatform
[2018.02.12-11.34.43:517][  0]LogTemp: Display: Loaded TP MacTargetPlatform
[2018.02.12-11.34.43:620][  0]LogTemp: Display: Loaded TP WindowsClientTargetPlatform
[2018.02.12-11.34.43:723][  0]LogTemp: Display: Loaded TP WindowsNoEditorTargetPlatform
[2018.02.12-11.34.43:827][  0]LogTemp: Display: Loaded TP WindowsServerTargetPlatform
[2018.02.12-11.34.43:917][  0]LogTemp: Display: Loaded TP WindowsTargetPlatform
[2018.02.12-11.34.44:019][  0]LogTemp: Display: Loaded TP Android_ASTCTargetPlatform
[2018.02.12-11.34.44:125][  0]LogTemp: Display: Loaded TP Android_ATCTargetPlatform
[2018.02.12-11.34.44:229][  0]LogTemp: Display: Loaded TP Android_DXTTargetPlatform
[2018.02.12-11.34.44:331][  0]LogTemp: Display: Loaded TP Android_ETC1TargetPlatform
[2018.02.12-11.34.44:435][  0]LogTemp: Display: Loaded TP Android_ETC2TargetPlatform
[2018.02.12-11.34.44:641][  0]LogTemp: Display: Loaded TP Android_MultiTargetPlatform
[2018.02.12-11.34.44:641][  0]LogTemp: Display: Loaded TP Android_PVRTCTargetPlatform
[2018.02.12-11.34.44:748][  0]LogTemp: Display: Loaded TP AndroidTargetPlatform
[2018.02.12-11.34.44:830][  0]LogTemp: Display: Loaded TP HTML5TargetPlatform
[2018.02.12-11.34.44:990][  0]LogTemp: Display: Loaded TP IOSTargetPlatform
[2018.02.12-11.34.45:034][  0]LogTemp: Display: Loaded TP TVOSTargetPlatform
[2018.02.12-11.34.45:137][  0]LogTemp: Display: Loaded TP LinuxClientTargetPlatform
[2018.02.12-11.34.45:240][  0]LogTemp: Display: Loaded TP LinuxNoEditorTargetPlatform
[2018.02.12-11.34.45:343][  0]LogTemp: Display: Loaded TP LinuxServerTargetPlatform
[2018.02.12-11.34.45:447][  0]LogTemp: Display: Loaded TP LinuxTargetPlatform
[2018.02.12-11.34.45:447][  0]LogTargetPlatformManager: Display: Building Assets For Windows
[2018.02.12-11.34.46:243][  0]LogDerivedDataCache: Display: Max Cache Size: 512 MB
[2018.02.12-11.34.46:357][  0]LogDerivedDataCache: Loaded boot cache 0.11s 78MB C:/Users/awesu/AppData/Local/UnrealEngine/4.18/DerivedDataCache/Boot.ddc.
[2018.02.12-11.34.46:357][  0]LogDerivedDataCache: Display: Loaded Boot cache: C:/Users/awesu/AppData/Local/UnrealEngine/4.18/DerivedDataCache/Boot.ddc
[2018.02.12-11.34.46:357][  0]LogDerivedDataCache: FDerivedDataBackendGraph:  Pak pak cache file ../../../../../../GitHubRepositories/TornTower/TornTower/DerivedDataCache/DDC.ddp not found, will not use a pak cache.
[2018.02.12-11.34.46:358][  0]LogDerivedDataCache: Unable to find inner node Pak for hierarchical cache Hierarchy.
[2018.02.12-11.34.46:358][  0]LogDerivedDataCache: FDerivedDataBackendGraph:  CompressedPak pak cache file ../../../../../../GitHubRepositories/TornTower/TornTower/DerivedDataCache/Compressed.ddp not found, will not use a pak cache.
[2018.02.12-11.34.46:358][  0]LogDerivedDataCache: Unable to find inner node CompressedPak for hierarchical cache Hierarchy.
[2018.02.12-11.34.46:389][  0]LogDerivedDataCache: Display: Pak cache opened for reading ../../../Engine/DerivedDataCache/Compressed.ddp.
[2018.02.12-11.34.46:402][  0]LogDerivedDataCache: Using Local data cache path C:/Users/awesu/AppData/Local/UnrealEngine/Common/DerivedDataCache: Writable
[2018.02.12-11.34.46:421][  0]LogMaterial: Verifying Global Shaders for PCD3D_SM5
[2018.02.12-11.34.46:422][  0]LogSlate: Using Freetype 2.6.0
[2018.02.12-11.34.46:427][  0]LogSlate: SlateFontCache - WITH_FREETYPE: 1, WITH_HARFBUZZ: 1
[2018.02.12-11.34.46:427][  0]LogSlate: SlateFontCache - WITH_FREETYPE: 1, WITH_HARFBUZZ: 1
[2018.02.12-11.34.47:648][  0]LogInit: Selected Device Profile: [Windows]
[2018.02.12-11.34.48:320][  0]LogSimplygon: Simplygon DLL not present - disabling.
[2018.02.12-11.34.48:403][  0]LogMeshReduction: Using SimplygonSwarm for distributed automatic mesh merging
[2018.02.12-11.34.48:403][  0]LogMeshReduction: Using QuadricMeshReduction for automatic static mesh reduction
[2018.02.12-11.34.48:403][  0]LogMeshReduction: No automatic skeletal mesh reduction module available
[2018.02.12-11.34.48:403][  0]LogMeshReduction: No automatic mesh merging module available
[2018.02.12-11.34.48:403][  0]LogMeshMerging: No automatic mesh merging module available
[2018.02.12-11.34.48:485][  0]LogNetVersion: TornTower , NetCL: 3709383, EngineNetVer: 2, GameNetVer: 0 (Checksum: 2142516384)
[2018.02.12-11.34.48:842][  0]LogAssetRegistry: FAssetRegistry took 0.0307 seconds to start up
[2018.02.12-11.34.50:399][  0]LogPackageLocalizationCache: Processed 7 localized package path(s) for 2 prioritized culture(s) in 0.671341 seconds
[2018.02.12-11.34.50:407][  0]LogUObjectArray: 35782 objects as part of root set at end of initial load.
[2018.02.12-11.34.50:407][  0]LogUObjectAllocator: 7554472 out of 0 bytes used by permanent object pool.
[2018.02.12-11.34.50:407][  0]LogUObjectArray: CloseDisregardForGC: 0/0 objects in disregard for GC pool
[2018.02.12-11.34.58:778][  0]LogTcpMessaging: Initializing TcpMessaging bridge
[2018.02.12-11.34.58:851][  0]LogUdpMessaging: Initializing bridge on interface 0.0.0.0:0 to multicast group 230.0.0.1:6666.
[2018.02.12-11.35.01:005][  0]LogMaterial: Uniform references updated for custom material expression Custom.
[2018.02.12-11.35.01:967][  0]SourceControl: Source control is disabled
[2018.02.12-11.35.01:967][  0]SourceControl: Source control is disabled
[2018.02.12-11.35.02:091][  0]SourceControl: Source control is disabled
[2018.02.12-11.35.02:213][  0]SourceControl: Source control is disabled
[2018.02.12-11.35.04:500][  0]LogOcInput: OculusInput pre-init called
[2018.02.12-11.35.05:123][  0]LogEngine: Initializing Engine...
[2018.02.12-11.35.05:127][  0]LogHMD: Failed to initialize OpenVR with code 110
[2018.02.12-11.35.05:584][  0]LogStats: UGameplayTagsManager::ConstructGameplayTagTree: Construct from data asset -  0.000 s
[2018.02.12-11.35.05:585][  0]LogStats: UGameplayTagsManager::ConstructGameplayTagTree: GameplayTagTreeChangedEvent.Broadcast -  0.000 s
[2018.02.12-11.35.05:879][  0]LogAIModule: Creating AISystem for world Untitled
[2018.02.12-11.35.05:905][  0]LogInit: XAudio2 using 'Speakers (Realtek High Definition Audio)' : 2 channels at 48 kHz using 32 bits per sample (channel mask 0x3)
[2018.02.12-11.35.05:997][  0]LogInit: FAudioDevice initialized.
[2018.02.12-11.35.06:107][  0]LogDerivedDataCache: Saved boot cache 0.11s 78MB C:/Users/awesu/AppData/Local/UnrealEngine/4.18/DerivedDataCache/Boot.ddc.
[2018.02.12-11.35.06:121][  0]LogInit: Texture streaming: Enabled
[2018.02.12-11.35.06:250][  0]LogEngineSessionManager: EngineSessionManager initialized
[2018.02.12-11.35.06:516][  0]LogInit: Transaction tracking system initialized
[2018.02.12-11.35.07:153][  0]BlueprintLog: New page: Editor Load
[2018.02.12-11.35.08:990][  0]LocalizationService: Localization service is disabled
[2018.02.12-11.35.10:547][  0]LogConsoleResponse: Display: 
[2018.02.12-11.35.11:149][  0]LogCook: Display: Max memory allowance for cook 16384mb min free memory 0mb
[2018.02.12-11.35.11:149][  0]LogCook: Display: Mobile HDR setting 1
[2018.02.12-11.35.11:149][  0]LogGameplayTags: Display: UGameplayTagsManager::DoneAddingNativeTags. DelegateIsBound: 0
[2018.02.12-11.35.11:160][  0]LogFileCache: Scanning file cache for directory 'D:/GitHubRepositories/TornTower/TornTower/Content/' took 0.02s
[2018.02.12-11.35.13:598][  0]SourceControl: Source control is disabled
[2018.02.12-11.35.13:598][  0]Cmd: MAP LOAD FILE="../../../../../../GitHubRepositories/TornTower/TornTower/Content/ThirdPersonBP/Maps/MainMenu.umap" TEMPLATE=0 SHOWPROGRESS=1 FEATURELEVEL=3
[2018.02.12-11.35.13:732][  0]LightingResults: New page: Lighting Build
[2018.02.12-11.35.13:813][  0]MapCheck: New page: Map Check
[2018.02.12-11.35.13:813][  0]LightingResults: New page: Lighting Build
[2018.02.12-11.35.14:365][  0]LogAIModule: Creating AISystem for world MainMenu
[2018.02.12-11.35.14:367][  0]LogEditorServer: Finished looking for orphan Actors (0.000 secs)
[2018.02.12-11.35.14:397][  0]Cmd: MAP CHECKDEP NOCLEARLOG
[2018.02.12-11.35.14:707][  0]MapCheck: Map check complete: 0 Error(s), 0 Warning(s), took 309.764ms to complete.
[2018.02.12-11.35.14:707][  0]LogFileHelpers: Loading map 'MainMenu' took 1.109
[2018.02.12-11.35.15:787][  0]LogCollectionManager: Loaded 0 collections in 0.002225 seconds
[2018.02.12-11.35.16:106][  0]LogFileCache: Scanning file cache for directory 'D:/GitHubRepositories/TornTower/TornTower/Saved/Collections/' took 0.01s
[2018.02.12-11.35.16:106][  0]LogFileCache: Scanning file cache for directory 'D:/GitHubRepositories/TornTower/TornTower/Content/Developers/Matt/Collections/' took 0.01s
[2018.02.12-11.35.16:106][  0]LogFileCache: Scanning file cache for directory 'D:/GitHubRepositories/TornTower/TornTower/Content/Collections/' took 0.01s
[2018.02.12-11.35.16:106][  0]LogCollectionManager: Rebuilt the GUID cache for 0 collections in 0.000000 seconds
[2018.02.12-11.35.16:125][  0]LogContentBrowser: Native class hierarchy populated in 0.0162 seconds. Added 2384 classes and 516 folders.
[2018.02.12-11.35.16:310][  0]LogContentBrowser: Native class hierarchy updated for 'WidgetCarousel' in 0.0006 seconds. Added 0 classes and 0 folders.
[2018.02.12-11.35.17:294][  0]LogContentBrowser: Native class hierarchy updated for 'AddContentDialog' in 0.0005 seconds. Added 0 classes and 0 folders.
[2018.02.12-11.35.17:465][  0]LogContentBrowser: Native class hierarchy updated for 'SceneOutliner' in 0.0006 seconds. Added 1 classes and 2 folders.
[2018.02.12-11.35.19:415][  0]LogSlate: Took 0.001791 seconds to synchronously load lazily loaded font '../../../Engine/Content/Slate/Fonts/Roboto-Regular.ttf' (155K)
[2018.02.12-11.35.19:437][  0]LogSlate: Took 0.001473 seconds to synchronously load lazily loaded font '../../../Engine/Content/Slate/Fonts/Roboto-Bold.ttf' (160K)
[2018.02.12-11.35.19:496][  0]LogSlate: Took 0.011687 seconds to synchronously load lazily loaded font '../../../Engine/Content/Editor/Slate/Fonts/FontAwesome.ttf' (139K)
[2018.02.12-11.35.20:090][  0]LogRenderer: Reallocating scene render targets to support 1208x576 Format 10 NumSamples 1 (Frame:1).
[2018.02.12-11.35.20:564][  0]LogContentBrowser: Native class hierarchy updated for 'HierarchicalLODOutliner' in 0.0005 seconds. Added 1 classes and 2 folders.
[2018.02.12-11.35.20:565][  0]LogLoad: (Engine Initialization) Total time: 51.46 seconds
[2018.02.12-11.35.20:565][  0]LogLoad: (Engine Initialization) Total Blueprint compile time: 0.00 seconds
[2018.02.12-11.35.20:565][  0]LogExternalProfiler: Found external profiler: VSPerf
[2018.02.12-11.35.20:565][  0]LogExternalProfiler: Using external profiler: VSPerf
[2018.02.12-11.35.20:904][  0]LogWindowsTextInputMethodSystem: Display: IME system now deactivated.
[2018.02.12-11.35.21:047][  0]LogContentStreaming: Texture pool size now 1000 MB
[2018.02.12-11.35.21:214][  0]LogSlate: Took 0.017039 seconds to synchronously load lazily loaded font '../../../Engine/Content/Slate/Fonts/Roboto-Light.ttf' (159K)
[2018.02.12-11.35.21:577][  2]LogAssetRegistry: Asset discovery search completed in 32.7578 seconds
[2018.02.12-11.35.21:580][  2]LogCollectionManager: Rebuilt the object cache for 0 collections in 0.000001 seconds (found 0 objects)
[2018.02.12-11.35.21:580][  2]LogCollectionManager: Fixed up redirectors for 0 collections in 0.000075 seconds (updated 0 objects)
[2018.02.12-11.35.34:571][ 41]LogTemp: Repeating last play command: Standalone Game
[2018.02.12-11.37.48:345][827]LogSlate: Took 0.000614 seconds to synchronously load lazily loaded font '../../../Engine/Content/Slate/Fonts/Roboto-Light.ttf' (159K)
[2018.02.12-11.37.49:044][827]LogSlate: Took 0.000583 seconds to synchronously load lazily loaded font '../../../Engine/Content/Slate/Fonts/Roboto-Regular.ttf' (155K)
[2018.02.12-11.37.49:718][827]LogContentBrowser: Native class hierarchy updated for 'BlueprintGraph' in 0.0012 seconds. Added 116 classes and 0 folders.
[2018.02.12-11.37.52:454][827]LogSlate: Took 0.000621 seconds to synchronously load lazily loaded font '../../../Engine/Content/Slate/Fonts/Roboto-Light.ttf' (159K)
[2018.02.12-11.37.52:469][827]LogSlate: Took 0.014945 seconds to synchronously load lazily loaded font '../../../Engine/Content/Editor/Slate/Fonts/Roboto-BoldCondensed.ttf' (158K)
[2018.02.12-11.38.02:117][205]BlueprintLog: New page: Compile MainMenuStart
[2018.02.12-11.39.17:572][214]LogSlate: Took 0.200278 seconds to synchronously load lazily loaded font '../../../Engine/Content/Slate/Fonts/DroidSansFallback.ttf' (3848K)
[2018.02.12-11.43.16:367][520]BlueprintLog: New page: Compile MainMenuStart
[2018.02.12-11.45.04:131][667]BlueprintLog: New page: Compile MainMenuStart
[2018.02.12-11.45.05:896][765]LogTemp: Repeating last play command: Standalone Game
[2018.02.12-11.45.09:215][765]LogSavePackage: Save=225.86ms
[2018.02.12-11.45.09:215][765]LogSavePackage: Moving '../../../../../../GitHubRepositories/TornTower/TornTower/Saved/MainMenuStart3CD5817A49B2D38E1F244ABADA21AE37.tmp' to '../../../../../../GitHubRepositories/TornTower/TornTower/Content/ThirdPersonBP/Widgets/MainMenu/MainMenuStart.uasset'
[2018.02.12-11.45.09:222][765]LogSavePackage: Display: Finished SavePackage ../../../../../../GitHubRepositories/TornTower/TornTower/Content/ThirdPersonBP/Widgets/MainMenu/MainMenuStart.uasset
[2018.02.12-11.46.11:773][312]BlueprintLog: New page: Compile MainMenuStart
[2018.02.12-11.46.12:672][352]LogTemp: Repeating last play command: Standalone Game
[2018.02.12-11.46.14:637][352]LogSavePackage: Save=200.77ms
[2018.02.12-11.46.14:637][352]LogSavePackage: Moving '../../../../../../GitHubRepositories/TornTower/TornTower/Saved/MainMenuStart8B1100E340AFF1D768464C867F761550.tmp' to '../../../../../../GitHubRepositories/TornTower/TornTower/Content/ThirdPersonBP/Widgets/MainMenu/MainMenuStart.uasset'
[2018.02.12-11.46.14:644][352]LogSavePackage: Display: Finished SavePackage ../../../../../../GitHubRepositories/TornTower/TornTower/Content/ThirdPersonBP/Widgets/MainMenu/MainMenuStart.uasset
[2018.02.12-11.47.30:598][192]LogUObjectHash: Warning: Ambiguous search, could be HorizontalBox /Engine/Transient.World_1:MainMenuStart_C_13.WidgetTree_26.HorizontalBox_39 or HorizontalBox /Engine/Transient.World_1:MainMenuStart_C_11.WidgetTree_17.HorizontalBox_39
[2018.02.12-11.47.30:598][192]LogUObjectHash: Warning: Ambiguous search, could be HorizontalBox /Engine/Transient.World_1:MainMenuStart_C_13.WidgetTree_26.HorizontalBox_39 or HorizontalBox /Game/ThirdPersonBP/Widgets/MainMenu/MainMenuStart.MainMenuStart:WidgetTree.HorizontalBox_39
[2018.02.12-11.47.30:598][192]LogUObjectHash: Warning: Ambiguous search, could be HorizontalBox /Engine/Transient.World_1:MainMenuStart_C_13.WidgetTree_26.HorizontalBox_39 or HorizontalBox /Engine/Transient.World_1:MainMenuStart_C_12.WidgetTree_18.HorizontalBox_39
[2018.02.12-11.47.30:598][192]LogUObjectHash: Warning: Ambiguous search, could be HorizontalBox /Engine/Transient.World_1:MainMenuStart_C_13.WidgetTree_26.HorizontalBox_39 or HorizontalBox /Engine/Transient.World_1:MainMenuStart_C_5.WidgetTree_8.HorizontalBox_39
[2018.02.12-11.47.30:598][192]LogUObjectHash: Warning: Ambiguous search, could be HorizontalBox /Engine/Transient.World_1:MainMenuStart_C_13.WidgetTree_26.HorizontalBox_39 or HorizontalBox /Engine/Transient.REINST_MainMenuStart_C_18:WidgetTree.HorizontalBox_39
[2018.02.12-11.47.30:598][192]LogUObjectHash: Warning: Ambiguous search, could be HorizontalBox /Engine/Transient.World_1:MainMenuStart_C_13.WidgetTree_26.HorizontalBox_39 or HorizontalBox /Engine/Transient.World_1:MainMenuStart_C_6.WidgetTree_9.HorizontalBox_39
[2018.02.12-11.47.30:598][192]LogUObjectHash: Warning: Ambiguous search, could be HorizontalBox /Engine/Transient.World_1:MainMenuStart_C_13.WidgetTree_26.HorizontalBox_39 or HorizontalBox /Engine/Transient.World_1:MainMenuStart_C_7.WidgetTree_10.HorizontalBox_39
[2018.02.12-11.47.30:598][192]LogUObjectHash: Warning: Ambiguous search, could be HorizontalBox /Engine/Transient.World_1:MainMenuStart_C_13.WidgetTree_26.HorizontalBox_39 or HorizontalBox /Engine/Transient.World_1:MainMenuStart_C_8.WidgetTree_11.HorizontalBox_39
[2018.02.12-11.47.30:598][192]LogUObjectHash: Warning: Ambiguous search, could be HorizontalBox /Engine/Transient.World_1:MainMenuStart_C_13.WidgetTree_26.HorizontalBox_39 or HorizontalBox /Engine/Transient.World_1:MainMenuStart_C_9.WidgetTree_12.HorizontalBox_39
[2018.02.12-11.47.30:598][192]LogUObjectHash: Warning: Ambiguous search, could be HorizontalBox /Engine/Transient.World_1:MainMenuStart_C_13.WidgetTree_26.HorizontalBox_39 or HorizontalBox /Engine/Transient.World_1:MainMenuStart_C_10.WidgetTree_13.HorizontalBox_39
[2018.02.12-11.47.30:598][192]LogUObjectHash: Warning: Ambiguous search, could be HorizontalBox /Engine/Transient.World_1:MainMenuStart_C_13.WidgetTree_26.HorizontalBox_39 or HorizontalBox /Engine/Transient.World_1:MainMenuStart_C_4.WidgetTree_25.HorizontalBox_39
[2018.02.12-11.47.30:599][192]LogUObjectHash: Warning: Ambiguous search, could be HorizontalBox /Engine/Transient.World_1:MainMenuStart_C_13.WidgetTree_26.HorizontalBox_39 or HorizontalBox /Game/ThirdPersonBP/Widgets/MainMenu/MainMenuStart.MainMenuStart_C:WidgetTree.HorizontalBox_39
[2018.02.12-11.47.30:698][192]LogProperty: Warning: Illegal TEXT reference to a private object in external package (HorizontalBoxSlot /Engine/Transient.World_1:MainMenuStart_C_13.WidgetTree_26.HorizontalBox_39.HorizontalBoxSlot_2) from referencer (Spacer /Engine/UMG/Editor/Transient.Spacer_103).  Import failed...
[2018.02.12-11.47.30:698][192]LogProperty: Warning: ObjectProperty /Script/UMG.Widget:Slot: unresolved reference to 'HorizontalBoxSlot'"HorizontalBox_39.HorizontalBoxSlot_2"''
[2018.02.12-11.47.41:152][605]LogUObjectHash: Warning: Ambiguous search, could be HorizontalBox /Engine/Transient.World_1:MainMenuStart_C_13.WidgetTree_26.HorizontalBox_39 or HorizontalBox /Engine/Transient.World_1:MainMenuStart_C_11.WidgetTree_17.HorizontalBox_39
[2018.02.12-11.47.41:152][605]LogUObjectHash: Warning: Ambiguous search, could be HorizontalBox /Engine/Transient.World_1:MainMenuStart_C_13.WidgetTree_26.HorizontalBox_39 or HorizontalBox /Game/ThirdPersonBP/Widgets/MainMenu/MainMenuStart.MainMenuStart:WidgetTree.HorizontalBox_39
[2018.02.12-11.47.41:152][605]LogUObjectHash: Warning: Ambiguous search, could be HorizontalBox /Engine/Transient.World_1:MainMenuStart_C_13.WidgetTree_26.HorizontalBox_39 or HorizontalBox /Engine/Transient.World_1:MainMenuStart_C_12.WidgetTree_18.HorizontalBox_39
[2018.02.12-11.47.41:152][605]LogUObjectHash: Warning: Ambiguous search, could be HorizontalBox /Engine/Transient.World_1:MainMenuStart_C_13.WidgetTree_26.HorizontalBox_39 or HorizontalBox /Engine/Transient.World_1:MainMenuStart_C_5.WidgetTree_8.HorizontalBox_39
[2018.02.12-11.47.41:152][605]LogUObjectHash: Warning: Ambiguous search, could be HorizontalBox /Engine/Transient.World_1:MainMenuStart_C_13.WidgetTree_26.HorizontalBox_39 or HorizontalBox /Engine/Transient.REINST_MainMenuStart_C_18:WidgetTree.HorizontalBox_39
[2018.02.12-11.47.41:153][605]LogUObjectHash: Warning: Ambiguous search, could be HorizontalBox /Engine/Transient.World_1:MainMenuStart_C_13.WidgetTree_26.HorizontalBox_39 or HorizontalBox /Engine/Transient.World_1:MainMenuStart_C_6.WidgetTree_9.HorizontalBox_39
[2018.02.12-11.47.41:153][605]LogUObjectHash: Warning: Ambiguous search, could be HorizontalBox /Engine/Transient.World_1:MainMenuStart_C_13.WidgetTree_26.HorizontalBox_39 or HorizontalBox /Engine/Transient.World_1:MainMenuStart_C_7.WidgetTree_10.HorizontalBox_39
[2018.02.12-11.47.41:153][605]LogUObjectHash: Warning: Ambiguous search, could be HorizontalBox /Engine/Transient.World_1:MainMenuStart_C_13.WidgetTree_26.HorizontalBox_39 or HorizontalBox /Engine/Transient.World_1:MainMenuStart_C_8.WidgetTree_11.HorizontalBox_39
[2018.02.12-11.47.41:153][605]LogUObjectHash: Warning: Ambiguous search, could be HorizontalBox /Engine/Transient.World_1:MainMenuStart_C_13.WidgetTree_26.HorizontalBox_39 or HorizontalBox /Engine/Transient.World_1:MainMenuStart_C_9.WidgetTree_12.HorizontalBox_39
[2018.02.12-11.47.41:153][605]LogUObjectHash: Warning: Ambiguous search, could be HorizontalBox /Engine/Transient.World_1:MainMenuStart_C_13.WidgetTree_26.HorizontalBox_39 or HorizontalBox /Engine/Transient.World_1:MainMenuStart_C_10.WidgetTree_13.HorizontalBox_39
[2018.02.12-11.47.41:153][605]LogUObjectHash: Warning: Ambiguous search, could be HorizontalBox /Engine/Transient.World_1:MainMenuStart_C_13.WidgetTree_26.HorizontalBox_39 or HorizontalBox /Engine/Transient.World_1:MainMenuStart_C_15.WidgetTree_28.HorizontalBox_39
[2018.02.12-11.47.41:153][605]LogUObjectHash: Warning: Ambiguous search, could be HorizontalBox /Engine/Transient.World_1:MainMenuStart_C_13.WidgetTree_26.HorizontalBox_39 or HorizontalBox /Engine/Transient.World_1:MainMenuStart_C_4.WidgetTree_25.HorizontalBox_39
[2018.02.12-11.47.41:153][605]LogUObjectHash: Warning: Ambiguous search, could be HorizontalBox /Engine/Transient.World_1:MainMenuStart_C_13.WidgetTree_26.HorizontalBox_39 or HorizontalBox /Game/ThirdPersonBP/Widgets/MainMenu/MainMenuStart.MainMenuStart_C:WidgetTree.HorizontalBox_39
[2018.02.12-11.47.41:153][605]LogUObjectHash: Warning: Ambiguous search, could be HorizontalBox /Engine/Transient.World_1:MainMenuStart_C_13.WidgetTree_26.HorizontalBox_39 or HorizontalBox /Engine/Transient.World_1:MainMenuStart_C_14.WidgetTree_27.HorizontalBox_39
[2018.02.12-11.47.41:153][605]LogProperty: Warning: Illegal TEXT reference to a private object in external package (HorizontalBoxSlot /Engine/Transient.World_1:MainMenuStart_C_13.WidgetTree_26.HorizontalBox_39.HorizontalBoxSlot_2) from referencer (Spacer /Engine/UMG/Editor/Transient.Spacer_103).  Import failed...
[2018.02.12-11.47.41:153][605]LogProperty: Warning: ObjectProperty /Script/UMG.Widget:Slot: unresolved reference to 'HorizontalBoxSlot'"HorizontalBox_39.HorizontalBoxSlot_2"''
[2018.02.12-11.47.43:968][711]BlueprintLog: New page: Compile MainMenuStart
[2018.02.12-11.47.47:125][834]LogTemp: Repeating last play command: Standalone Game
[2018.02.12-11.47.48:865][834]LogSavePackage: Save=208.17ms
[2018.02.12-11.47.48:865][834]LogSavePackage: Moving '../../../../../../GitHubRepositories/TornTower/TornTower/Saved/MainMenuStart14E77E154A24EB5432B269B98632A084.tmp' to '../../../../../../GitHubRepositories/TornTower/TornTower/Content/ThirdPersonBP/Widgets/MainMenu/MainMenuStart.uasset'
[2018.02.12-11.47.48:872][834]LogSavePackage: Display: Finished SavePackage ../../../../../../GitHubRepositories/TornTower/TornTower/Content/ThirdPersonBP/Widgets/MainMenu/MainMenuStart.uasset
[2018.02.12-11.53.15:769][634]LogSlate: Took 0.019829 seconds to synchronously load lazily loaded font '../../../Engine/Content/Editor/Slate/Fonts/Roboto-Italic.ttf' (157K)
[2018.02.12-11.53.23:393][ 46]BlueprintLog: New page: Compile MainMenuStart
[2018.02.12-11.53.24:405][ 90]LogTemp: Repeating last play command: Standalone Game
[2018.02.12-11.53.26:034][ 90]LogSavePackage: Save=206.73ms
[2018.02.12-11.53.26:034][ 90]LogSavePackage: Moving '../../../../../../GitHubRepositories/TornTower/TornTower/Saved/MainMenuStart584ED5B442AF2F8EC32550B20AA0BC20.tmp' to '../../../../../../GitHubRepositories/TornTower/TornTower/Content/ThirdPersonBP/Widgets/MainMenu/MainMenuStart.uasset'
[2018.02.12-11.53.26:041][ 90]LogSavePackage: Display: Finished SavePackage ../../../../../../GitHubRepositories/TornTower/TornTower/Content/ThirdPersonBP/Widgets/MainMenu/MainMenuStart.uasset
[2018.02.12-11.54.06:357][662]LogSavePackage: Save=192.49ms
[2018.02.12-11.54.06:358][662]LogSavePackage: Moving '../../../../../../GitHubRepositories/TornTower/TornTower/Saved/MainMenuStartDC5A28534F1699068434079862C378E7.tmp' to '../../../../../../GitHubRepositories/TornTower/TornTower/Content/ThirdPersonBP/Widgets/MainMenu/MainMenuStart.uasset'
[2018.02.12-11.54.06:361][662]LogSavePackage: Display: Finished SavePackage ../../../../../../GitHubRepositories/TornTower/TornTower/Content/ThirdPersonBP/Widgets/MainMenu/MainMenuStart.uasset
[2018.02.12-11.55.26:147][179]LogTemp: Repeating last play command: Standalone Game
[2018.02.12-12.00.58:442][439]LogSavePackage: Save=194.87ms
[2018.02.12-12.00.58:442][439]LogSavePackage: Moving '../../../../../../GitHubRepositories/TornTower/TornTower/Saved/MainMenuStart9C4DF98442E721A01390218E2F01D9D7.tmp' to '../../../../../../GitHubRepositories/TornTower/TornTower/Content/ThirdPersonBP/Widgets/MainMenu/MainMenuStart.uasset'
[2018.02.12-12.00.58:452][439]LogSavePackage: Display: Finished SavePackage ../../../../../../GitHubRepositories/TornTower/TornTower/Content/ThirdPersonBP/Widgets/MainMenu/MainMenuStart.uasset
[2018.02.12-12.03.42:675][622]LogEditorTransaction: Undo Move Anchor
[2018.02.12-12.04.06:934][592]BlueprintLog: New page: Compile MainMenuStart
[2018.02.12-12.04.21:365][374]LogSavePackage: Save=206.90ms
[2018.02.12-12.04.21:365][374]LogSavePackage: Moving '../../../../../../GitHubRepositories/TornTower/TornTower/Saved/MainMenuStart8685DA6949940C58D877099752FD56AB.tmp' to '../../../../../../GitHubRepositories/TornTower/TornTower/Content/ThirdPersonBP/Widgets/MainMenu/MainMenuStart.uasset'
[2018.02.12-12.04.21:372][374]LogSavePackage: Display: Finished SavePackage ../../../../../../GitHubRepositories/TornTower/TornTower/Content/ThirdPersonBP/Widgets/MainMenu/MainMenuStart.uasset
[2018.02.12-12.18.31:414][330]LogSavePackage: Save=197.34ms
[2018.02.12-12.18.31:414][330]LogSavePackage: Moving '../../../../../../GitHubRepositories/TornTower/TornTower/Saved/MainMenuStart00D463884874AE4E64D4A6B4F77E261E.tmp' to '../../../../../../GitHubRepositories/TornTower/TornTower/Content/ThirdPersonBP/Widgets/MainMenu/MainMenuStart.uasset'
[2018.02.12-12.18.31:417][330]LogSavePackage: Display: Finished SavePackage ../../../../../../GitHubRepositories/TornTower/TornTower/Content/ThirdPersonBP/Widgets/MainMenu/MainMenuStart.uasset
[2018.02.12-12.23.29:797][530]LogTemp: Repeating last play command: Standalone Game
[2018.02.12-12.31.06:387][158]LogFileHelpers: Editor autosave (incl. sublevels) for '/Game/ThirdPersonBP/Maps/MainMenu' took 0.034
[2018.02.12-12.31.06:393][158]OBJ SavePackage: Generating thumbnails for [0] asset(s) in package [/Game/ThirdPersonBP/Widgets/MainMenu/MainMenuStart] ([1] browsable assets)...
[2018.02.12-12.31.06:393][158]OBJ SavePackage: Finished generating thumbnails for package [/Game/ThirdPersonBP/Widgets/MainMenu/MainMenuStart]
[2018.02.12-12.31.06:605][158]LogSavePackage: Save=199.41ms
[2018.02.12-12.31.06:605][158]LogSavePackage: Moving '../../../../../../GitHubRepositories/TornTower/TornTower/Saved/MainMenuStart_Auto1C73DAE21447BA8FEC012D4AEA2B39581.tmp' to '../../../../../../GitHubRepositories/TornTower/TornTower/Saved/Autosaves/Game/ThirdPersonBP/Widgets/MainMenu/MainMenuStart_Auto1.uasset'
[2018.02.12-12.31.06:610][158]LogSavePackage: Display: Finished SavePackage ../../../../../../GitHubRepositories/TornTower/TornTower/Saved/Autosaves/Game/ThirdPersonBP/Widgets/MainMenu/MainMenuStart_Auto1.uasset
[2018.02.12-12.31.06:610][158]LogFileHelpers: Auto-saving content packages took 0.221
[2018.02.12-12.36.50:074][266]LogTemp: Repeating last play command: Standalone Game
[2018.02.12-12.36.51:960][266]LogSavePackage: Save=206.84ms
[2018.02.12-12.36.51:960][266]LogSavePackage: Moving '../../../../../../GitHubRepositories/TornTower/TornTower/Saved/MainMenuStart4ECC2DF6492CA75BA20F01A99374E3F5.tmp' to '../../../../../../GitHubRepositories/TornTower/TornTower/Content/ThirdPersonBP/Widgets/MainMenu/MainMenuStart.uasset'
[2018.02.12-12.36.51:968][266]LogSavePackage: Display: Finished SavePackage ../../../../../../GitHubRepositories/TornTower/TornTower/Content/ThirdPersonBP/Widgets/MainMenu/MainMenuStart.uasset
[2018.02.12-12.48.45:734][437]LogTemp: Repeating last play command: Standalone Game
[2018.02.12-12.49.38:309][889]BlueprintLog: New page: Compile MainMenuStart
[2018.02.12-12.49.39:312][981]LogTemp: Repeating last play command: Standalone Game
[2018.02.12-12.49.41:514][981]LogSavePackage: Save=110.62ms
[2018.02.12-12.49.41:514][981]LogSavePackage: Moving '../../../../../../GitHubRepositories/TornTower/TornTower/Saved/MainMenuStart9D6C0B2B44F37D20E07BE79DFB09347A.tmp' to '../../../../../../GitHubRepositories/TornTower/TornTower/Content/ThirdPersonBP/Widgets/MainMenu/MainMenuStart.uasset'
[2018.02.12-12.49.41:518][981]LogSavePackage: Display: Finished SavePackage ../../../../../../GitHubRepositories/TornTower/TornTower/Content/ThirdPersonBP/Widgets/MainMenu/MainMenuStart.uasset
[2018.02.12-12.50.59:998][244]BlueprintLog: New page: Compile MainMenuStart
[2018.02.12-12.51.14:936][756]BlueprintLog: New page: Compile MainMenuStart
[2018.02.12-12.51.15:793][833]LogTemp: Repeating last play command: Standalone Game
[2018.02.12-12.51.17:236][833]LogSavePackage: Save=110.77ms
[2018.02.12-12.51.17:236][833]LogSavePackage: Moving '../../../../../../GitHubRepositories/TornTower/TornTower/Saved/MainMenuStart6D3D6180407081A4941D958467FC9716.tmp' to '../../../../../../GitHubRepositories/TornTower/TornTower/Content/ThirdPersonBP/Widgets/MainMenu/MainMenuStart.uasset'
[2018.02.12-12.51.17:241][833]LogSavePackage: Display: Finished SavePackage ../../../../../../GitHubRepositories/TornTower/TornTower/Content/ThirdPersonBP/Widgets/MainMenu/MainMenuStart.uasset
[2018.02.12-12.51.57:229][906]BlueprintLog: New page: Compile MainMenuStart
[2018.02.12-12.52.11:230][264]LogEditorTransaction: Undo Delete current selection
[2018.02.12-12.52.26:349][805]BlueprintLog: New page: Compile MainMenuStart
[2018.02.12-12.52.55:736][773]LogFileHelpers: Editor autosave (incl. sublevels) for '/Game/ThirdPersonBP/Maps/MainMenu' took 0.016
[2018.02.12-12.52.55:738][773]OBJ SavePackage: Generating thumbnails for [0] asset(s) in package [/Game/ThirdPersonBP/Widgets/MainMenu/MainMenuStart] ([1] browsable assets)...
[2018.02.12-12.52.55:738][773]OBJ SavePackage: Finished generating thumbnails for package [/Game/ThirdPersonBP/Widgets/MainMenu/MainMenuStart]
[2018.02.12-12.52.55:851][773]LogSavePackage: Save=107.78ms
[2018.02.12-12.52.55:851][773]LogSavePackage: Moving '../../../../../../GitHubRepositories/TornTower/TornTower/Saved/MainMenuStart_Auto2BF4A20804C89E66A080B41925F8FB615.tmp' to '../../../../../../GitHubRepositories/TornTower/TornTower/Saved/Autosaves/Game/ThirdPersonBP/Widgets/MainMenu/MainMenuStart_Auto2.uasset'
[2018.02.12-12.52.55:853][773]LogSavePackage: Display: Finished SavePackage ../../../../../../GitHubRepositories/TornTower/TornTower/Saved/Autosaves/Game/ThirdPersonBP/Widgets/MainMenu/MainMenuStart_Auto2.uasset
[2018.02.12-12.52.55:853][773]LogFileHelpers: Auto-saving content packages took 0.116
[2018.02.12-12.55.28:191][204]LogTemp: Repeating last play command: Standalone Game
[2018.02.12-12.55.29:979][204]LogSavePackage: Save=106.51ms
[2018.02.12-12.55.29:979][204]LogSavePackage: Moving '../../../../../../GitHubRepositories/TornTower/TornTower/Saved/MainMenuStart44A35C144761228F4D947F95204C66AE.tmp' to '../../../../../../GitHubRepositories/TornTower/TornTower/Content/ThirdPersonBP/Widgets/MainMenu/MainMenuStart.uasset'
[2018.02.12-12.55.29:984][204]LogSavePackage: Display: Finished SavePackage ../../../../../../GitHubRepositories/TornTower/TornTower/Content/ThirdPersonBP/Widgets/MainMenu/MainMenuStart.uasset
[2018.02.12-12.58.21:700][ 43]LogInit: XAudio2 using 'Headphones (KS CUBE Stereo)' : 2 channels at 44.1 kHz using 16 bits per sample (channel mask 0x3)
[2018.02.12-13.05.43:872][ 14]LogTemp: Executing iPhonePackager certificates Engine -bundlename com.YourCompany.TornTower
[2018.02.12-13.05.43:872][ 14]LogTemp: CWD: D:\Programs\Epic Games\UE_4.18\Engine\Binaries\DotNET\IOS
[2018.02.12-13.05.43:872][ 14]LogTemp: Initial Dir: D:\Programs\Epic Games\UE_4.18
[2018.02.12-13.05.43:872][ 14]LogTemp: Env CWD: D:\Programs\Epic Games\UE_4.18\Engine\Binaries\DotNET\IOS
[2018.02.12-13.05.43:872][ 14]LogTemp: BranchPath = DESKTOP-9ECBDQK/D/Programs/Epic Games/UE_4.18/Engine/Binaries --- GameBranchPath = DESKTOP-9ECBDQK/D/Programs/Epic Games/UE_4.18/Engine/Binaries
[2018.02.12-13.05.43:872][ 14]LogTemp: IPP ERROR: Could not find provision directory 'C:\Users\awesu\AppData\Local/Apple Computer/MobileDevice/Provisioning Profiles/'.
[2018.02.12-13.05.43:872][ 14]LogSlate: Only BGRA pngs, bmps or icos are supported in by External Image Picker
[2018.02.12-13.19.22:184][685]LogAudio: Warning: Current Audio Device with ID {0.0.0.00000000}.{71337de0-70bf-47ff-8f3c-505e019a824e} was removed. Shutting down audio device.
[2018.02.12-13.19.22:184][685]LogInit: XAudio2 using 'Speakers (Realtek High Definition Audio)' : 2 channels at 48 kHz using 32 bits per sample (channel mask 0x3)
[2018.02.12-13.30.25:394][834]LogTemp: Repeating last play command: Standalone Game
[2018.02.12-13.55.55:823][929]LogUProjectInfo: Found projects:
[2018.02.12-13.56.12:395][881]Cmd: CLOSE_SLATE_MAINFRAME
[2018.02.12-13.56.13:734][882]Cmd: QUIT_EDITOR
[2018.02.12-13.56.13:754][882]LogWindowsTextInputMethodSystem: Display: IME system now deactivated.
[2018.02.12-13.56.13:791][882]LogExit: Preparing to exit.
[2018.02.12-13.56.14:251][882]LogDirectoryWatcher: A directory notification for 'D:/GitHubRepositories/TornTower/TornTower/Content/' was aborted.
[2018.02.12-13.56.14:347][882]LogExit: Editor shut down
[2018.02.12-13.56.14:383][882]LogExit: Transaction tracking system shut down
[2018.02.12-13.56.14:644][882]LogDirectoryWatcher: A directory notification for '../../../Engine/Content/' was aborted.
[2018.02.12-13.56.14:644][882]LogDirectoryWatcher: A directory notification for '../../../../../../GitHubRepositories/TornTower/TornTower/Content/' was aborted.
[2018.02.12-13.56.14:644][882]LogDirectoryWatcher: A directory notification for '../../../Engine/Plugins/2D/Paper2D/Content/' was aborted.
[2018.02.12-13.56.14:644][882]LogDirectoryWatcher: A directory notification for '../../../Engine/Plugins/Media/MediaCompositing/Content/' was aborted.
[2018.02.12-13.56.14:644][882]LogDirectoryWatcher: A directory notification for '../../../Engine/Plugins/Runtime/Oculus/OculusVR/Content/' was aborted.
[2018.02.12-13.56.14:644][882]LogDirectoryWatcher: A directory notification for '../../../Engine/Plugins/Runtime/Steam/SteamVR/Content/' was aborted.
[2018.02.12-13.56.14:800][882]LogExit: Object subsystem successfully closed.
[2018.02.12-13.56.14:827][882]LogD3D11RHI: Shutdown
[2018.02.12-13.56.14:828][882]LogD3D11RHI: CleanupD3DDevice
[2018.02.12-13.56.14:832][882]LogD3D11RHI: ~FD3D11DynamicRHI
[2018.02.12-13.56.14:842][882]LogModuleManager: Shutting down and abandoning module ExternalImagePicker (550)
[2018.02.12-13.56.14:842][882]LogModuleManager: Shutting down and abandoning module SequencerWidgets (548)
[2018.02.12-13.56.14:842][882]LogModuleManager: Shutting down and abandoning module BlueprintGraph (546)
[2018.02.12-13.56.14:842][882]LogModuleManager: Shutting down and abandoning module HierarchicalLODOutliner (544)
[2018.02.12-13.56.14:842][882]LogModuleManager: Shutting down and abandoning module SceneOutliner (542)
[2018.02.12-13.56.14:909][882]LogModuleManager: Shutting down and abandoning module AddContentDialog (540)
[2018.02.12-13.56.14:909][882]LogDirectoryWatcher: A directory notification for 'D:/Programs/Epic Games/UE_4.18/FeaturePacks/' was aborted.
[2018.02.12-13.56.14:915][882]LogModuleManager: Shutting down and abandoning module WidgetCarousel (539)
[2018.02.12-13.56.14:915][882]LogModuleManager: Shutting down and abandoning module EditorWidgets (536)
[2018.02.12-13.56.14:915][882]LogModuleManager: Shutting down and abandoning module CollectionManager (534)
[2018.02.12-13.56.14:915][882]LogDirectoryWatcher: A directory notification for 'D:/GitHubRepositories/TornTower/TornTower/Content/Collections/' was aborted.
[2018.02.12-13.56.14:916][882]LogDirectoryWatcher: A directory notification for 'D:/GitHubRepositories/TornTower/TornTower/Content/Developers/Matt/Collections/' was aborted.
[2018.02.12-13.56.14:916][882]LogDirectoryWatcher: A directory notification for 'D:/GitHubRepositories/TornTower/TornTower/Saved/Collections/' was aborted.
[2018.02.12-13.56.14:916][882]LogModuleManager: Shutting down and abandoning module StatsViewer (532)
[2018.02.12-13.56.14:916][882]LogModuleManager: Shutting down and abandoning module FoliageEdit (530)
[2018.02.12-13.56.14:916][882]LogModuleManager: Shutting down and abandoning module LandscapeEditor (528)
[2018.02.12-13.56.14:916][882]LogModuleManager: Shutting down and abandoning module MeshPaintMode (526)
[2018.02.12-13.56.14:916][882]LogModuleManager: Shutting down and abandoning module SceneDepthPickerMode (524)
[2018.02.12-13.56.14:916][882]LogModuleManager: Shutting down and abandoning module ActorPickerMode (522)
[2018.02.12-13.56.14:916][882]LogModuleManager: Shutting down and abandoning module GeometryMode (520)
[2018.02.12-13.56.14:916][882]LogModuleManager: Shutting down and abandoning module TextureAlignMode (518)
[2018.02.12-13.56.14:916][882]LogModuleManager: Shutting down and abandoning module BspMode (516)
[2018.02.12-13.56.14:916][882]LogModuleManager: Shutting down and abandoning module PIEPreviewDeviceProfileSelector (514)
[2018.02.12-13.56.14:916][882]LogModuleManager: Shutting down and abandoning module HardwareSurvey (512)
[2018.02.12-13.56.14:916][882]LogModuleManager: Shutting down and abandoning module SequenceRecorderSections (510)
[2018.02.12-13.56.14:916][882]LogModuleManager: Shutting down and abandoning module AutomationWorker (508)
[2018.02.12-13.56.14:916][882]LogModuleManager: Shutting down and abandoning module MatineeToLevelSequence (506)
[2018.02.12-13.56.14:916][882]LogModuleManager: Shutting down and abandoning module LevelSequenceEditor (504)
[2018.02.12-13.56.14:916][882]LogModuleManager: Shutting down and abandoning module PlacementMode (503)
[2018.02.12-13.56.14:916][882]LogModuleManager: Shutting down and abandoning module WmfMediaFactory (500)
[2018.02.12-13.56.14:916][882]LogModuleManager: Shutting down and abandoning module WmfMediaEditor (498)
[2018.02.12-13.56.14:916][882]LogModuleManager: Shutting down and abandoning module OpenExrWrapper (496)
[2018.02.12-13.56.14:916][882]LogModuleManager: Shutting down and abandoning module ImgMediaFactory (494)
[2018.02.12-13.56.14:916][882]LogModuleManager: Shutting down and abandoning module ImgMediaEditor (492)
[2018.02.12-13.56.14:916][882]LogModuleManager: Shutting down and abandoning module AvfMediaFactory (490)
[2018.02.12-13.56.14:916][882]LogModuleManager: Shutting down and abandoning module AvfMediaEditor (488)
[2018.02.12-13.56.14:916][882]LogModuleManager: Shutting down and abandoning module CharacterAI (486)
[2018.02.12-13.56.14:916][882]LogModuleManager: Shutting down and abandoning module AudioCapture (484)
[2018.02.12-13.56.14:916][882]LogModuleManager: Shutting down and abandoning module SequenceRecorder (483)
[2018.02.12-13.56.14:917][882]LogModuleManager: Shutting down and abandoning module SmartSnapping (480)
[2018.02.12-13.56.14:917][882]LogModuleManager: Shutting down and abandoning module SessionServices (478)
[2018.02.12-13.56.14:917][882]LogModuleManager: Shutting down and abandoning module ViewportSnapping (476)
[2018.02.12-13.56.14:917][882]LogModuleManager: Shutting down and abandoning module ViewportInteraction (474)
[2018.02.12-13.56.14:917][882]LogModuleManager: Shutting down and abandoning module ClothPainter (472)
[2018.02.12-13.56.14:917][882]LogModuleManager: Shutting down and abandoning module SkeletalMeshEditor (471)
[2018.02.12-13.56.14:917][882]LogModuleManager: Shutting down and abandoning module LogVisualizer (468)
[2018.02.12-13.56.14:917][882]LogModuleManager: Shutting down and abandoning module IntroTutorials (466)
[2018.02.12-13.56.14:917][882]LogModuleManager: Shutting down and abandoning module GameProjectGeneration (465)
[2018.02.12-13.56.14:917][882]LogModuleManager: Shutting down and abandoning module IOSPlatformEditor (462)
[2018.02.12-13.56.14:917][882]LogModuleManager: Shutting down and abandoning module HTML5PlatformEditor (460)
[2018.02.12-13.56.14:917][882]LogModuleManager: Shutting down and abandoning module AndroidPlatformEditor (458)
[2018.02.12-13.56.14:917][882]LogModuleManager: Shutting down and abandoning module AndroidDeviceDetection (457)
[2018.02.12-13.56.15:792][882]LogModuleManager: Shutting down and abandoning module WindowsPlatformEditor (454)
[2018.02.12-13.56.15:792][882]LogModuleManager: Shutting down and abandoning module IOSRuntimeSettings (452)
[2018.02.12-13.56.15:792][882]LogModuleManager: Shutting down and abandoning module AndroidRuntimeSettings (450)
[2018.02.12-13.56.15:792][882]LogModuleManager: Shutting down and abandoning module InputBindingEditor (448)
[2018.02.12-13.56.15:792][882]LogModuleManager: Shutting down and abandoning module MergeActors (446)
[2018.02.12-13.56.15:792][882]LogModuleManager: Shutting down and abandoning module SizeMap (444)
[2018.02.12-13.56.15:792][882]LogModuleManager: Shutting down and abandoning module TreeMap (442)
[2018.02.12-13.56.15:792][882]LogModuleManager: Shutting down and abandoning module ReferenceViewer (440)
[2018.02.12-13.56.15:792][882]LogModuleManager: Shutting down and abandoning module LocalizationDashboard (438)
[2018.02.12-13.56.15:792][882]LogModuleManager: Shutting down and abandoning module LocalizationService (437)
[2018.02.12-13.56.15:793][882]LogModuleManager: Shutting down and abandoning module HardwareTargeting (434)
[2018.02.12-13.56.15:793][882]LogModuleManager: Shutting down and abandoning module DeviceProfileEditor (432)
[2018.02.12-13.56.15:793][882]LogModuleManager: Shutting down and abandoning module UndoHistory (430)
[2018.02.12-13.56.15:793][882]LogModuleManager: Shutting down and abandoning module XmlParser (428)
[2018.02.12-13.56.15:793][882]LogModuleManager: Shutting down and abandoning module Blutility (426)
[2018.02.12-13.56.15:793][882]LogModuleManager: Shutting down and abandoning module ProjectSettingsViewer (424)
[2018.02.12-13.56.15:793][882]LogModuleManager: Shutting down and abandoning module ProjectTargetPlatformEditor (423)
[2018.02.12-13.56.15:793][882]LogModuleManager: Shutting down and abandoning module EditorSettingsViewer (420)
[2018.02.12-13.56.15:793][882]LogModuleManager: Shutting down and abandoning module SettingsEditor (418)
[2018.02.12-13.56.15:793][882]LogModuleManager: Shutting down and abandoning module ProjectLauncher (416)
[2018.02.12-13.56.15:794][882]LogModuleManager: Shutting down and abandoning module SessionFrontend (414)
[2018.02.12-13.56.15:794][882]LogModuleManager: Shutting down and abandoning module ProfilerClient (412)
[2018.02.12-13.56.15:794][882]LogModuleManager: Shutting down and abandoning module DeviceManager (410)
[2018.02.12-13.56.15:794][882]LogModuleManager: Shutting down and abandoning module TargetDeviceServices (409)
[2018.02.12-13.56.15:847][882]LogModuleManager: Shutting down and abandoning module AutomationController (406)
[2018.02.12-13.56.15:847][882]LogModuleManager: Shutting down and abandoning module AutomationWindow (404)
[2018.02.12-13.56.15:847][882]LogModuleManager: Shutting down and abandoning module Layers (402)
[2018.02.12-13.56.15:847][882]LogModuleManager: Shutting down and abandoning module ComponentVisualizers (400)
[2018.02.12-13.56.15:847][882]LogModuleManager: Shutting down and abandoning module DetailCustomizations (398)
[2018.02.12-13.56.15:847][882]LogModuleManager: Shutting down and abandoning module PackagesDialog (396)
[2018.02.12-13.56.15:847][882]LogModuleManager: Shutting down and abandoning module Persona (394)
[2018.02.12-13.56.15:848][882]LogModuleManager: Shutting down and abandoning module AdvancedPreviewScene (393)
[2018.02.12-13.56.15:848][882]LogModuleManager: Shutting down and abandoning module AnimGraph (391)
[2018.02.12-13.56.15:848][882]LogModuleManager: Shutting down and abandoning module Kismet (388)
[2018.02.12-13.56.15:858][882]LogModuleManager: Shutting down and abandoning module ClassViewer (386)
[2018.02.12-13.56.15:861][882]LogModuleManager: Shutting down and abandoning module Toolbox (384)
[2018.02.12-13.56.15:861][882]LogModuleManager: Shutting down and abandoning module ModuleUI (382)
[2018.02.12-13.56.15:861][882]LogModuleManager: Shutting down and abandoning module MovieSceneTools (380)
[2018.02.12-13.56.15:861][882]LogModuleManager: Shutting down and abandoning module OutputLog (378)
[2018.02.12-13.56.15:861][882]LogModuleManager: Shutting down and abandoning module GammaUI (376)
[2018.02.12-13.56.15:861][882]LogModuleManager: Shutting down and abandoning module Documentation (374)
[2018.02.12-13.56.15:862][882]LogModuleManager: Shutting down and abandoning module MovieSceneTracks (372)
[2018.02.12-13.56.15:862][882]LogModuleManager: Shutting down and abandoning module MovieScene (370)
[2018.02.12-13.56.15:862][882]LogModuleManager: Shutting down and abandoning module StreamingPauseRendering (368)
[2018.02.12-13.56.15:862][882]LogModuleManager: Shutting down and abandoning module LauncherPlatform (366)
[2018.02.12-13.56.15:862][882]LogModuleManager: Shutting down and abandoning module AnalyticsET (364)
[2018.02.12-13.56.15:862][882]LogModuleManager: Shutting down and abandoning module PortalServices (362)
[2018.02.12-13.56.15:862][882]LogModuleManager: Shutting down and abandoning module PortalRpc (360)
[2018.02.12-13.56.15:862][882]LogModuleManager: Shutting down and abandoning module MessagingRpc (358)
[2018.02.12-13.56.15:862][882]LogModuleManager: Shutting down and abandoning module AIModule (356)
[2018.02.12-13.56.15:862][882]LogModuleManager: Shutting down and abandoning module GameplayDebugger (355)
[2018.02.12-13.56.15:862][882]LogModuleManager: Shutting down and abandoning module AITestSuite (353)
[2018.02.12-13.56.15:862][882]LogModuleManager: Shutting down and abandoning module DesktopPlatform (350)
[2018.02.12-13.56.15:862][882]LogModuleManager: Shutting down and abandoning module ProfilerService (348)
[2018.02.12-13.56.16:057][882]LogModuleManager: Shutting down and abandoning module TaskGraph (346)
[2018.02.12-13.56.16:057][882]LogModuleManager: Shutting down and abandoning module SteamVRController (344)
[2018.02.12-13.56.16:057][882]LogModuleManager: Shutting down and abandoning module ProceduralMeshComponentEditor (342)
[2018.02.12-13.56.16:057][882]LogModuleManager: Shutting down and abandoning module ProceduralMeshComponent (340)
[2018.02.12-13.56.16:057][882]LogModuleManager: Shutting down and abandoning module OculusInput (338)
[2018.02.12-13.56.16:057][882]LogModuleManager: Shutting down and abandoning module CustomMeshComponent (336)
[2018.02.12-13.56.16:057][882]LogModuleManager: Shutting down and abandoning module CableComponent (334)
[2018.02.12-13.56.16:057][882]LogModuleManager: Shutting down and abandoning module ArchVisCharacter (332)
[2018.02.12-13.56.16:057][882]LogModuleManager: Shutting down and abandoning module ActorSequence (330)
[2018.02.12-13.56.16:057][882]LogModuleManager: Shutting down and abandoning module MediaPlayerEditor (328)
[2018.02.12-13.56.16:057][882]LogModuleManager: Shutting down and abandoning module MediaCompositingEditor (326)
[2018.02.12-13.56.16:057][882]LogModuleManager: Shutting down and abandoning module MediaCompositing (324)
[2018.02.12-13.56.16:057][882]LogModuleManager: Shutting down and abandoning module SubsystemConfigurator (322)
[2018.02.12-13.56.16:057][882]LogModuleManager: Shutting down and abandoning module HTML5Networking (320)
[2018.02.12-13.56.16:057][882]LogModuleManager: Shutting down and abandoning module AlembicImporter (318)
[2018.02.12-13.56.16:057][882]LogModuleManager: Shutting down and abandoning module AlembicLibrary (317)
[2018.02.12-13.56.16:058][882]LogModuleManager: Shutting down and abandoning module GeometryCache (316)
[2018.02.12-13.56.16:058][882]LogModuleManager: Shutting down and abandoning module GeometryCacheEd (315)
[2018.02.12-13.56.16:058][882]LogModuleManager: Shutting down and abandoning module SpeedTreeImporter (310)
[2018.02.12-13.56.16:058][882]LogModuleManager: Shutting down and abandoning module PluginBrowser (308)
[2018.02.12-13.56.16:058][882]LogModuleManager: Shutting down and abandoning module VisualStudioSourceCodeAccess (306)
[2018.02.12-13.56.16:058][882]LogModuleManager: Shutting down and abandoning module VisualStudioCodeSourceCodeAccess (304)
[2018.02.12-13.56.16:058][882]LogModuleManager: Shutting down and abandoning module UObjectPlugin (302)
[2018.02.12-13.56.16:058][882]LogModuleManager: Shutting down and abandoning module SubversionSourceControl (300)
[2018.02.12-13.56.16:058][882]LogModuleManager: Shutting down and abandoning module PerforceSourceControl (298)
[2018.02.12-13.56.16:058][882]LogModuleManager: Shutting down and abandoning module GitSourceControl (296)
[2018.02.12-13.56.16:058][882]LogModuleManager: Shutting down and abandoning module SourceControl (295)
[2018.02.12-13.56.16:058][882]LogModuleManager: Shutting down and abandoning module LightPropagationVolumeEditor (292)
[2018.02.12-13.56.16:058][882]LogModuleManager: Shutting down and abandoning module PaperTiledImporter (290)
[2018.02.12-13.56.16:058][882]LogModuleManager: Shutting down and abandoning module PaperSpriteSheetImporter (288)
[2018.02.12-13.56.16:058][882]LogModuleManager: Shutting down and abandoning module Paper2DEditor (286)
[2018.02.12-13.56.16:058][882]LogModuleManager: Shutting down and abandoning module MeshPaint (285)
[2018.02.12-13.56.16:058][882]LogModuleManager: Shutting down and abandoning module LevelEditor (283)
[2018.02.12-13.56.16:060][882]LogModuleManager: Shutting down and abandoning module PixelInspectorModule (282)
[2018.02.12-13.56.16:060][882]LogModuleManager: Shutting down and abandoning module MainFrame (280)
[2018.02.12-13.56.16:060][882]LogModuleManager: Shutting down and abandoning module HotReload (279)
[2018.02.12-13.56.16:060][882]LogModuleManager: Shutting down and abandoning module RuntimePhysXCooking (274)
[2018.02.12-13.56.16:060][882]LogModuleManager: Shutting down and abandoning module PhysXVehiclesEditor (272)
[2018.02.12-13.56.16:060][882]LogModuleManager: Shutting down and abandoning module PhysXVehicles (270)
[2018.02.12-13.56.16:060][882]LogModuleManager: Shutting down and abandoning module OculusEditor (268)
[2018.02.12-13.56.16:060][882]LogModuleManager: Shutting down and abandoning module ImmediatePhysicsEditor (266)
[2018.02.12-13.56.16:060][882]LogModuleManager: Shutting down and abandoning module ImmediatePhysics (264)
[2018.02.12-13.56.16:060][882]LogModuleManager: Shutting down and abandoning module ApexDestructionEditor (262)
[2018.02.12-13.56.16:061][882]LogModuleManager: Shutting down and abandoning module ApexDestruction (260)
[2018.02.12-13.56.16:061][882]LogModuleManager: Shutting down and abandoning module UdpMessaging (258)
[2018.02.12-13.56.16:162][882]LogModuleManager: Shutting down and abandoning module TcpMessaging (256)
[2018.02.12-13.56.16:262][882]LogModuleManager: Shutting down and abandoning module GameplayTagsEditor (254)
[2018.02.12-13.56.16:262][882]LogModuleManager: Shutting down and abandoning module FacialAnimationEditor (252)
[2018.02.12-13.56.16:262][882]LogModuleManager: Shutting down and abandoning module FacialAnimation (250)
[2018.02.12-13.56.16:262][882]LogModuleManager: Shutting down and abandoning module AssetManagerEditor (248)
[2018.02.12-13.56.16:262][882]LogModuleManager: Shutting down and abandoning module GraphEditor (247)
[2018.02.12-13.56.16:262][882]LogModuleManager: Shutting down and abandoning module ContentBrowser (245)
[2018.02.12-13.56.16:264][882]LogModuleManager: Shutting down and abandoning module LightPropagationVolumeRuntime (242)
[2018.02.12-13.56.16:264][882]LogModuleManager: Shutting down and abandoning module AdvancedSteamSessions (240)
[2018.02.12-13.56.16:264][882]LogModuleManager: Shutting down and abandoning module AdvancedSessions (238)
[2018.02.12-13.56.16:264][882]LogModuleManager: Shutting down and abandoning module Paper2D (236)
[2018.02.12-13.56.16:264][882]LogModuleManager: Shutting down and abandoning module WindowsMoviePlayer (234)
[2018.02.12-13.56.16:264][882]LogModuleManager: Shutting down and abandoning module WmfMedia (232)
[2018.02.12-13.56.16:265][882]LogModuleManager: Shutting down and abandoning module ImgMedia (230)
[2018.02.12-13.56.16:265][882]LogModuleManager: Shutting down and abandoning module PacketHandler (228)
[2018.02.12-13.56.16:265][882]LogModuleManager: Shutting down and abandoning module ClothingSystemEditor (226)
[2018.02.12-13.56.16:265][882]LogModuleManager: Shutting down and abandoning module ClothingSystemRuntime (224)
[2018.02.12-13.56.16:265][882]LogModuleManager: Shutting down and abandoning module MediaAssets (222)
[2018.02.12-13.56.16:265][882]LogModuleManager: Shutting down and abandoning module Media (221)
[2018.02.12-13.56.16:272][882]LogModuleManager: Shutting down and abandoning module Overlay (218)
[2018.02.12-13.56.16:272][882]LogModuleManager: Shutting down and abandoning module OverlayEditor (217)
[2018.02.12-13.56.16:272][882]LogModuleManager: Shutting down and abandoning module VREditor (214)
[2018.02.12-13.56.16:272][882]LogModuleManager: Shutting down and abandoning module StringTableEditor (212)
[2018.02.12-13.56.16:272][882]LogModuleManager: Shutting down and abandoning module GameplayTasksEditor (210)
[2018.02.12-13.56.16:272][882]LogModuleManager: Shutting down and abandoning module BehaviorTreeEditor (208)
[2018.02.12-13.56.16:272][882]LogModuleManager: Shutting down and abandoning module FunctionalTesting (206)
[2018.02.12-13.56.16:272][882]LogModuleManager: Shutting down and abandoning module CollisionAnalyzer (204)
[2018.02.12-13.56.16:272][882]LogModuleManager: Shutting down and abandoning module WorkspaceMenuStructure (203)
[2018.02.12-13.56.16:272][882]LogModuleManager: Shutting down and abandoning module UMG (200)
[2018.02.12-13.56.16:272][882]LogModuleManager: Shutting down and abandoning module UMGEditor (199)
[2018.02.12-13.56.16:272][882]LogModuleManager: Shutting down and abandoning module Sequencer (198)
[2018.02.12-13.56.16:272][882]LogModuleManager: Shutting down and abandoning module MessageLog (195)
[2018.02.12-13.56.16:272][882]LogModuleManager: Shutting down and abandoning module SlateReflector (190)
[2018.02.12-13.56.16:273][882]LogModuleManager: Shutting down and abandoning module Slate (188)
[2018.02.12-13.56.16:273][882]LogModuleManager: Shutting down and abandoning module EditorStyle (186)
[2018.02.12-13.56.16:275][882]LogModuleManager: Shutting down and abandoning module MRMesh (184)
[2018.02.12-13.56.16:275][882]LogModuleManager: Shutting down and abandoning module SourceCodeAccess (182)
[2018.02.12-13.56.16:275][882]LogModuleManager: Shutting down and abandoning module HeadMountedDisplay (180)
[2018.02.12-13.56.16:275][882]LogModuleManager: Shutting down and abandoning module XAudio2 (178)
[2018.02.12-13.56.16:275][882]LogModuleManager: Shutting down and abandoning module Networking (176)
[2018.02.12-13.56.16:275][882]LogModuleManager: Shutting down and abandoning module Core (174)
[2018.02.12-13.56.16:275][882]LogModuleManager: Shutting down and abandoning module LevelSequence (170)
[2018.02.12-13.56.16:275][882]LogModuleManager: Shutting down and abandoning module DirectoryWatcher (168)
[2018.02.12-13.56.16:283][882]LogModuleManager: Shutting down and abandoning module KismetCompiler (166)
[2018.02.12-13.56.16:283][882]LogModuleManager: Shutting down and abandoning module MeshUtilities (164)
[2018.02.12-13.56.16:283][882]LogModuleManager: Shutting down and abandoning module MeshMergeUtilities (163)
[2018.02.12-13.56.16:283][882]LogModuleManager: Shutting down and abandoning module MeshReductionInterface (162)
[2018.02.12-13.56.16:283][882]LogModuleManager: Shutting down and abandoning module SimplygonSwarm (161)
[2018.02.12-13.56.16:283][882]LogModuleManager: Shutting down and abandoning module SimplygonMeshReduction (159)
[2018.02.12-13.56.16:283][882]LogModuleManager: Shutting down and abandoning module QuadricMeshReduction (157)
[2018.02.12-13.56.16:283][882]LogModuleManager: Shutting down and abandoning module MaterialBaking (153)
[2018.02.12-13.56.16:283][882]LogModuleManager: Shutting down and abandoning module DerivedDataCache (150)
[2018.02.12-13.56.16:294][882]LogDerivedDataCache: Shutdown
[2018.02.12-13.56.16:294][882]LogModuleManager: Shutting down and abandoning module TargetPlatform (148)
[2018.02.12-13.56.16:294][882]LogModuleManager: Shutting down and abandoning module VulkanShaderFormat (147)
[2018.02.12-13.56.16:294][882]LogModuleManager: Shutting down and abandoning module ShaderFormatVectorVM (145)
[2018.02.12-13.56.16:294][882]LogModuleManager: Shutting down and abandoning module ShaderFormatOpenGL (143)
[2018.02.12-13.56.16:295][882]LogModuleManager: Shutting down and abandoning module ShaderFormatD3D (141)
[2018.02.12-13.56.16:295][882]LogModuleManager: Shutting down and abandoning module MetalShaderFormat (139)
[2018.02.12-13.56.16:295][882]LogModuleManager: Shutting down and abandoning module TextureFormatUncompressed (137)
[2018.02.12-13.56.16:295][882]LogModuleManager: Shutting down and abandoning module TextureFormatPVR (135)
[2018.02.12-13.56.16:295][882]LogModuleManager: Shutting down and abandoning module TextureFormatDXT (133)
[2018.02.12-13.56.16:295][882]LogModuleManager: Shutting down and abandoning module TextureFormatIntelISPCTexComp (131)
[2018.02.12-13.56.16:295][882]LogModuleManager: Shutting down and abandoning module TextureFormatASTC (129)
[2018.02.12-13.56.16:295][882]LogModuleManager: Shutting down and abandoning module ImageWrapper (128)
[2018.02.12-13.56.16:295][882]LogModuleManager: Shutting down and abandoning module TextureFormatAndroid (125)
[2018.02.12-13.56.16:295][882]LogModuleManager: Shutting down and abandoning module AudioFormatOpus (123)
[2018.02.12-13.56.16:295][882]LogModuleManager: Shutting down and abandoning module AudioFormatOgg (121)
[2018.02.12-13.56.16:295][882]LogModuleManager: Shutting down and abandoning module AudioFormatADPCM (119)
[2018.02.12-13.56.16:295][882]LogModuleManager: Shutting down and abandoning module LinuxTargetPlatform (117)
[2018.02.12-13.56.16:295][882]LogModuleManager: Shutting down and abandoning module LinuxServerTargetPlatform (115)
[2018.02.12-13.56.16:295][882]LogModuleManager: Shutting down and abandoning module LinuxNoEditorTargetPlatform (113)
[2018.02.12-13.56.16:295][882]LogModuleManager: Shutting down and abandoning module LinuxClientTargetPlatform (111)
[2018.02.12-13.56.16:295][882]LogModuleManager: Shutting down and abandoning module TVOSTargetPlatform (109)
[2018.02.12-13.56.16:295][882]LogModuleManager: Shutting down and abandoning module Messaging (107)
[2018.02.12-13.56.16:295][882]LogModuleManager: Shutting down and abandoning module IOSTargetPlatform (105)
[2018.02.12-13.56.16:295][882]LogModuleManager: Shutting down and abandoning module HTML5TargetPlatform (103)
[2018.02.12-13.56.16:295][882]LogModuleManager: Shutting down and abandoning module AndroidTargetPlatform (101)
[2018.02.12-13.56.16:295][882]LogModuleManager: Shutting down and abandoning module Android_PVRTCTargetPlatform (99)
[2018.02.12-13.56.16:295][882]LogModuleManager: Shutting down and abandoning module Android_MultiTargetPlatform (97)
[2018.02.12-13.56.16:295][882]LogModuleManager: Shutting down and abandoning module Android_ETC2TargetPlatform (95)
[2018.02.12-13.56.16:295][882]LogModuleManager: Shutting down and abandoning module Android_ETC1TargetPlatform (93)
[2018.02.12-13.56.16:295][882]LogModuleManager: Shutting down and abandoning module Android_DXTTargetPlatform (91)
[2018.02.12-13.56.16:295][882]LogModuleManager: Shutting down and abandoning module Android_ATCTargetPlatform (89)
[2018.02.12-13.56.16:295][882]LogModuleManager: Shutting down and abandoning module Android_ASTCTargetPlatform (87)
[2018.02.12-13.56.16:295][882]LogModuleManager: Shutting down and abandoning module WindowsTargetPlatform (85)
[2018.02.12-13.56.16:295][882]LogModuleManager: Shutting down and abandoning module WindowsServerTargetPlatform (83)
[2018.02.12-13.56.16:295][882]LogModuleManager: Shutting down and abandoning module WindowsNoEditorTargetPlatform (81)
[2018.02.12-13.56.16:295][882]LogModuleManager: Shutting down and abandoning module WindowsClientTargetPlatform (79)
[2018.02.12-13.56.16:296][882]LogModuleManager: Shutting down and abandoning module MacTargetPlatform (77)
[2018.02.12-13.56.16:296][882]LogModuleManager: Shutting down and abandoning module MacServerTargetPlatform (75)
[2018.02.12-13.56.16:296][882]LogModuleManager: Shutting down and abandoning module MacNoEditorTargetPlatform (73)
[2018.02.12-13.56.16:296][882]LogModuleManager: Shutting down and abandoning module MacClientTargetPlatform (71)
[2018.02.12-13.56.16:296][882]LogModuleManager: Shutting down and abandoning module AllDesktopTargetPlatform (69)
[2018.02.12-13.56.16:296][882]LogModuleManager: Shutting down and abandoning module InputCore (66)
[2018.02.12-13.56.16:296][882]LogModuleManager: Shutting down and abandoning module Settings (64)
[2018.02.12-13.56.16:296][882]LogModuleManager: Shutting down and abandoning module PhysXCooking (62)
[2018.02.12-13.56.16:296][882]LogModuleManager: Shutting down and abandoning module SteamVR (60)
[2018.02.12-13.56.16:296][882]LogModuleManager: Shutting down and abandoning module OculusHMD (58)
[2018.02.12-13.56.16:296][882]LogModuleManager: Shutting down and abandoning module ExampleDeviceProfileSelector (56)
[2018.02.12-13.56.16:296][882]LogModuleManager: Shutting down and abandoning module OnlineBlueprintSupport (54)
[2018.02.12-13.56.16:296][882]LogModuleManager: Shutting down and abandoning module OnlineSubsystem (50)
[2018.02.12-13.56.16:296][882]LogOnline: Display: OSS: FOnlineSubsystemNull::Shutdown()
[2018.02.12-13.56.16:296][882]LogOnline: Display: OSS: FOnlineAsyncTaskManager::Stop() ActiveTask:0000000000000000 Tasks[0/0]
[2018.02.12-13.56.16:297][882]LogOnline: Display: OSS: FOnlineAsyncTaskManager::Exit() started
[2018.02.12-13.56.16:297][882]LogOnline: Display: OSS: FOnlineAsyncTaskManager::Exit() finished
[2018.02.12-13.56.16:297][882]LogModuleManager: Shutting down and abandoning module XMPP (43)
[2018.02.12-13.56.16:297][882]LogModuleManager: Shutting down and abandoning module HTTP (41)
[2018.02.12-13.56.16:298][882]LogHttp: Display: Http module shutting down, but needs to wait on 1 outstanding Http requests:
[2018.02.12-13.56.16:298][882]LogHttp: Display: 	verb=[POST] url=[https://datarouter.ol.epicgames.com/datarouter/api/v1/public/data?SessionID=%7BDF9CB74E-4746-163E-B067-78976FA9837D%7D&AppID=UEEditor.Rocket.Release&AppVersion=4.18.2-3794801%2B%2B%2BUE4%2BRelease-4.18&UserID=2749e0ce416250576c89c086afaf9fba%7C8af052100da3443fb2fb4a8bc9016677%7Cf1e9c181-4d5f-4703-8870-91c63ee60b43&AppEnvironment=datacollector-binary&UploadType=eteventstream] status=Processing
[2018.02.12-13.56.16:326][882]LogModuleManager: Shutting down and abandoning module SSL (40)
[2018.02.12-13.56.16:328][882]LogModuleManager: Shutting down and abandoning module AnimationModifiers (36)
[2018.02.12-13.56.16:328][882]LogModuleManager: Shutting down and abandoning module PropertyEditor (35)
[2018.02.12-13.56.16:328][882]LogModuleManager: Shutting down and abandoning module AudioEditor (32)
[2018.02.12-13.56.16:328][882]LogModuleManager: Shutting down and abandoning module TextureCompressor (30)
[2018.02.12-13.56.16:328][882]LogModuleManager: Shutting down and abandoning module ShaderCore (28)
[2018.02.12-13.56.16:328][882]LogModuleManager: Shutting down and abandoning module Landscape (26)
[2018.02.12-13.56.16:328][882]LogModuleManager: Shutting down and abandoning module SlateRHIRenderer (24)
[2018.02.12-13.56.16:342][882]LogModuleManager: Shutting down and abandoning module OpenGLDrv (22)
[2018.02.12-13.56.16:342][882]LogModuleManager: Shutting down and abandoning module D3D11RHI (20)
[2018.02.12-13.56.16:342][882]LogModuleManager: Shutting down and abandoning module AnimGraphRuntime (18)
[2018.02.12-13.56.16:343][882]LogModuleManager: Shutting down and abandoning module Renderer (16)
[2018.02.12-13.56.16:343][882]LogModuleManager: Shutting down and abandoning module Engine (14)
[2018.02.12-13.56.16:343][882]LogModuleManager: Shutting down and abandoning module CoreUObject (12)
[2018.02.12-13.56.16:343][882]LogModuleManager: Shutting down and abandoning module NetworkFile (10)
[2018.02.12-13.56.16:343][882]LogModuleManager: Shutting down and abandoning module CookedIterativeFile (8)
[2018.02.12-13.56.16:343][882]LogModuleManager: Shutting down and abandoning module StreamingFile (6)
[2018.02.12-13.56.16:343][882]LogModuleManager: Shutting down and abandoning module SandboxFile (4)
[2018.02.12-13.56.16:343][882]LogModuleManager: Shutting down and abandoning module PakFile (2)
[2018.02.12-13.56.16:347][882]LogExit: Exiting.
[2018.02.12-13.56.16:365][882]Log file closed, 02/12/18 13:56:16
